#
# There is insufficient memory for the Java Runtime Environment to continue.
# Native memory allocation (malloc) failed to allocate 32744 bytes. Error detail: Chunk::new
# Possible reasons:
#   The system is out of physical RAM or swap space
#   This process is running with CompressedOops enabled, and the Java Heap may be blocking the growth of the native heap
# Possible solutions:
#   Reduce memory load on the system
#   Increase physical memory or swap space
#   Check if swap backing store is full
#   Decrease Java heap size (-Xmx/-Xms)
#   Decrease number of Java threads
#   Decrease Java thread stack sizes (-Xss)
#   Set larger code cache with -XX:ReservedCodeCacheSize=
#   JVM is running with Unscaled Compressed Oops mode in which the Java heap is
#     placed in the first 4GB address space. The Java Heap base address is the
#     maximum limit for the native heap growth. Please use -XX:HeapBaseMinAddress
#     to set the Java Heap base and to place the Java Heap above 4GB virtual address.
# This output file may be truncated or incomplete.
#
#  Out of Memory Error (arena.cpp:149), pid=41040, tid=47912
#
# JRE version: OpenJDK Runtime Environment Temurin-23.0.2+7 (23.0.2+7) (build 23.0.2+7)
# Java VM: OpenJDK 64-Bit Server VM Temurin-23.0.2+7 (23.0.2+7, mixed mode, sharing, tiered, compressed oops, compressed class ptrs, g1 gc, windows-amd64)
# No core dump will be written. Minidumps are not enabled by default on client versions of Windows
#

---------------  S U M M A R Y ------------

Command Line: -Dfile.encoding=UTF-8 -Dstdout.encoding=UTF-8 -Dstderr.encoding=UTF-8 --module-path=C:\Users\marca\git\repository2\github.com\DiegoCareaga946\PROGRAMACION_TM_4TOSEM\Aplicacion\Aplicacion\Aplicacion\bin -XX:+ShowCodeDetailsInExceptionMessages -Djdk.module.main=Aplicacion Aplicacion/JuegoGato.JuegoGato_Window

Host: 11th Gen Intel(R) Core(TM) i3-1115G4 @ 3.00GHz, 4 cores, 7G,  Windows 11 , 64 bit Build 22621 (10.0.22621.4830)
Time: Mon Mar 24 21:34:31 2025 Hora de ver. Pacífico (México) elapsed time: 372914.961227 seconds (4d 7h 35m 14s)

---------------  T H R E A D  ---------------

Current thread (0x000002a4be0755f0):  JavaThread "C2 CompilerThread0" daemon [_thread_in_native, id=47912, stack(0x000000d7d3400000,0x000000d7d3500000) (1024K)]


Current CompileTask:
C2:372914961 1523 %s    4       sun.java2d.loops.GraphicsPrimitiveMgr::locatePrim @ 28 (95 bytes)

Stack: [0x000000d7d3400000,0x000000d7d3500000]
Native frames: (J=compiled Java code, j=interpreted, Vv=VM code, C=native code)
V  [jvm.dll+0x6e8fa9]  (no source info available)
V  [jvm.dll+0x8d96b3]  (no source info available)
V  [jvm.dll+0x8dbb3e]  (no source info available)
V  [jvm.dll+0x8dc213]  (no source info available)
V  [jvm.dll+0x281bc6]  (no source info available)
V  [jvm.dll+0xbbb0f]  (no source info available)
V  [jvm.dll+0xbbd6b]  (no source info available)
V  [jvm.dll+0x6a698e]  (no source info available)
V  [jvm.dll+0x6a63d0]  (no source info available)
V  [jvm.dll+0x1f69fd]  (no source info available)
V  [jvm.dll+0x3a2328]  (no source info available)
V  [jvm.dll+0x3a8b5e]  (no source info available)
V  [jvm.dll+0x6fd0d6]  (no source info available)
V  [jvm.dll+0x6fecac]  (no source info available)
V  [jvm.dll+0x702022]  (no source info available)
V  [jvm.dll+0x6fa324]  (no source info available)
V  [jvm.dll+0x6f99b7]  (no source info available)
V  [jvm.dll+0x6f7ab5]  (no source info available)
V  [jvm.dll+0x1cc04c]  (no source info available)
V  [jvm.dll+0x2f481c]  (no source info available)
V  [jvm.dll+0x702216]  (no source info available)
V  [jvm.dll+0x6fa324]  (no source info available)
V  [jvm.dll+0x6f99b7]  (no source info available)
V  [jvm.dll+0x6f7ab5]  (no source info available)
V  [jvm.dll+0x1cc04c]  (no source info available)
V  [jvm.dll+0x2f481c]  (no source info available)
V  [jvm.dll+0x702216]  (no source info available)
V  [jvm.dll+0x6fa324]  (no source info available)
V  [jvm.dll+0x6f99b7]  (no source info available)
V  [jvm.dll+0x6f7ab5]  (no source info available)
V  [jvm.dll+0x1cc04c]  (no source info available)
V  [jvm.dll+0x2f481c]  (no source info available)
V  [jvm.dll+0x702216]  (no source info available)
V  [jvm.dll+0x6fa324]  (no source info available)
V  [jvm.dll+0x6f99b7]  (no source info available)
V  [jvm.dll+0x6f7ab5]  (no source info available)
V  [jvm.dll+0x1cc04c]  (no source info available)
V  [jvm.dll+0x249cfc]  (no source info available)
V  [jvm.dll+0x1c8fb0]  (no source info available)
V  [jvm.dll+0x25a23e]  (no source info available)
V  [jvm.dll+0x25850a]  (no source info available)
V  [jvm.dll+0x3f4916]  (no source info available)
V  [jvm.dll+0x88062b]  (no source info available)
V  [jvm.dll+0x6e77b5]  (no source info available)
C  [ucrtbase.dll+0x29333]  (no source info available)
C  [KERNEL32.DLL+0x1259d]  (no source info available)
C  [ntdll.dll+0x5af38]  (no source info available)

Lock stack of current Java thread (top to bottom):


---------------  P R O C E S S  ---------------

Threads class SMR info:
_java_thread_list=0x000002a504d77af0, length=15, elements={
0x000002a4be05ef00, 0x000002a4be060230, 0x000002a4be061390, 0x000002a4be062360,
0x000002a4be066080, 0x000002a4be066bd0, 0x000002a4be0755f0, 0x000002a4be0f0190,
0x000002a4be18f1c0, 0x000002a4be238bc0, 0x000002a4be40eee0, 0x000002a4be41f6b0,
0x000002a4be41fd20, 0x000002a4be497e90, 0x000002a4a448db70
}

Java Threads: ( => current thread )
  0x000002a4be05ef00 JavaThread "Reference Handler"          daemon [_thread_blocked, id=39840, stack(0x000000d7d2e00000,0x000000d7d2f00000) (1024K)]
  0x000002a4be060230 JavaThread "Finalizer"                  daemon [_thread_blocked, id=22448, stack(0x000000d7d2f00000,0x000000d7d3000000) (1024K)]
  0x000002a4be061390 JavaThread "Signal Dispatcher"          daemon [_thread_blocked, id=40228, stack(0x000000d7d3000000,0x000000d7d3100000) (1024K)]
  0x000002a4be062360 JavaThread "Attach Listener"            daemon [_thread_blocked, id=40908, stack(0x000000d7d3100000,0x000000d7d3200000) (1024K)]
  0x000002a4be066080 JavaThread "Service Thread"             daemon [_thread_blocked, id=43276, stack(0x000000d7d3200000,0x000000d7d3300000) (1024K)]
  0x000002a4be066bd0 JavaThread "Monitor Deflation Thread"   daemon [_thread_blocked, id=15552, stack(0x000000d7d3300000,0x000000d7d3400000) (1024K)]
=>0x000002a4be0755f0 JavaThread "C2 CompilerThread0"         daemon [_thread_in_native, id=47912, stack(0x000000d7d3400000,0x000000d7d3500000) (1024K)]
  0x000002a4be0f0190 JavaThread "C1 CompilerThread0"         daemon [_thread_blocked, id=21328, stack(0x000000d7d3500000,0x000000d7d3600000) (1024K)]
  0x000002a4be18f1c0 JavaThread "Common-Cleaner"             daemon [_thread_blocked, id=50996, stack(0x000000d7d3600000,0x000000d7d3700000) (1024K)]
  0x000002a4be238bc0 JavaThread "Notification Thread"        daemon [_thread_blocked, id=26836, stack(0x000000d7d3700000,0x000000d7d3800000) (1024K)]
  0x000002a4be40eee0 JavaThread "Java2D Disposer"            daemon [_thread_blocked, id=48900, stack(0x000000d7d3800000,0x000000d7d3900000) (1024K)]
  0x000002a4be41f6b0 JavaThread "AWT-Shutdown"                      [_thread_blocked, id=26444, stack(0x000000d7d3900000,0x000000d7d3a00000) (1024K)]
  0x000002a4be41fd20 JavaThread "AWT-Windows"                daemon [_thread_in_native, id=23668, stack(0x000000d7d3a00000,0x000000d7d3b00000) (1024K)]
  0x000002a4be497e90 JavaThread "AWT-EventQueue-0"                  [_thread_blocked, id=24872, stack(0x000000d7d3d00000,0x000000d7d3e00000) (1024K)]
  0x000002a4a448db70 JavaThread "DestroyJavaVM"                     [_thread_blocked, id=37764, stack(0x000000d7d2600000,0x000000d7d2700000) (1024K)]
Total: 15

Other Threads:
  0x000002a4be046280 VMThread "VM Thread"                           [id=8920, stack(0x000000d7d2d00000,0x000000d7d2e00000) (1024K)]
  0x000002a4be032430 WatcherThread "VM Periodic Task Thread"        [id=39488, stack(0x000000d7d2c00000,0x000000d7d2d00000) (1024K)]
  0x000002a4a47209e0 WorkerThread "GC Thread#0"                     [id=14516, stack(0x000000d7d2700000,0x000000d7d2800000) (1024K)]
  0x000002a5051f9b80 WorkerThread "GC Thread#1"                     [id=1004, stack(0x000000d7d3e00000,0x000000d7d3f00000) (1024K)]
  0x000002a504e29460 WorkerThread "GC Thread#2"                     [id=44600, stack(0x000000d7d4000000,0x000000d7d4100000) (1024K)]
  0x000002a504e29810 WorkerThread "GC Thread#3"                     [id=21204, stack(0x000000d7d4100000,0x000000d7d4200000) (1024K)]
  0x000002a4a4738b30 ConcurrentGCThread "G1 Main Marker"            [id=15704, stack(0x000000d7d2800000,0x000000d7d2900000) (1024K)]
  0x000002a4a4739640 WorkerThread "G1 Conc#0"                       [id=43748, stack(0x000000d7d2900000,0x000000d7d2a00000) (1024K)]
  0x000002a4a478e870 ConcurrentGCThread "G1 Refine#0"               [id=56892, stack(0x000000d7d2a00000,0x000000d7d2b00000) (1024K)]
  0x000002a4bdf09660 ConcurrentGCThread "G1 Service"                [id=56832, stack(0x000000d7d2b00000,0x000000d7d2c00000) (1024K)]
Total: 10

Threads with active compile tasks:
C2 CompilerThread0  372916153 1523 %s    4       sun.java2d.loops.GraphicsPrimitiveMgr::locatePrim @ 28 (95 bytes)
Total: 1

VM state: not at safepoint (normal execution)

VM Mutex/Monitor currently owned by a thread: None

Heap address: 0x0000000083600000, size: 1994 MB, Compressed Oops mode: 32-bit

CDS archive(s) mapped at: [0x000002a4bf000000-0x000002a4bfd70000-0x000002a4bfd70000), size 14090240, SharedBaseAddress: 0x000002a4bf000000, ArchiveRelocationMode: 1.
Compressed class space mapped at: 0x000002a4c0000000-0x000002a500000000, reserved size: 1073741824
Narrow klass base: 0x000002a4bf000000, Narrow klass shift: 0, Narrow klass range: 0x41000000

GC Precious Log:
 CardTable entry size: 512
 Card Set container configuration: InlinePtr #cards 5 size 8 Array Of Cards #cards 10 size 36 Howl #buckets 4 coarsen threshold 1843 Howl Bitmap #cards 512 size 80 coarsen threshold 460 Card regions per heap region 1 cards per card region 2048
 CPUs: 4 total, 4 available
 Memory: 7971M
 Large Page Support: Disabled
 NUMA Support: Disabled
 Compressed Oops: Enabled (32-bit)
 Heap Region Size: 1M
 Heap Min Capacity: 8M
 Heap Initial Capacity: 126M
 Heap Max Capacity: 1994M
 Pre-touch: Disabled
 Parallel Workers: 4
 Concurrent Workers: 1
 Concurrent Refinement Workers: 4
 Periodic GC: Disabled

Heap:
 garbage-first heap   total reserved 2041856K, committed 129024K, used 17052K [0x0000000083600000, 0x0000000100000000)
  region size 1024K, 11 young (11264K), 2 survivors (2048K)
 Metaspace       used 8137K, committed 8384K, reserved 1114112K
  class space    used 896K, committed 1024K, reserved 1048576K

Heap Regions: E=young(eden), S=young(survivor), O=old, HS=humongous(starts), HC=humongous(continues), CS=collection set, F=free, TAMS=top-at-mark-start, PB=parsable bottom
|   0|0x0000000083600000, 0x0000000083700000, 0x0000000083700000|100%|HS|  |TAMS 0x0000000083600000| PB 0x0000000083600000| Complete |  0
|   1|0x0000000083700000, 0x0000000083800000, 0x0000000083800000|100%|HC|  |TAMS 0x0000000083700000| PB 0x0000000083700000| Complete |  0
|   2|0x0000000083800000, 0x0000000083900000, 0x0000000083900000|100%|HC|  |TAMS 0x0000000083800000| PB 0x0000000083800000| Complete |  0
|   3|0x0000000083900000, 0x0000000083a00000, 0x0000000083a00000|100%| O|  |TAMS 0x0000000083900000| PB 0x0000000083900000| Untracked |  0
|   4|0x0000000083a00000, 0x0000000083b00000, 0x0000000083b00000|100%| O|  |TAMS 0x0000000083a00000| PB 0x0000000083a00000| Untracked |  0
|   5|0x0000000083b00000, 0x0000000083c00000, 0x0000000083c00000|100%| O|  |TAMS 0x0000000083b00000| PB 0x0000000083b00000| Untracked |  0
|   6|0x0000000083c00000, 0x0000000083d00000, 0x0000000083d00000|100%| O|  |TAMS 0x0000000083c00000| PB 0x0000000083c00000| Untracked |  0
|   7|0x0000000083d00000, 0x0000000083da7290, 0x0000000083e00000| 65%| O|  |TAMS 0x0000000083d00000| PB 0x0000000083d00000| Untracked |  0
|   8|0x0000000083e00000, 0x0000000083e00000, 0x0000000083f00000|  0%| F|  |TAMS 0x0000000083e00000| PB 0x0000000083e00000| Untracked |  0
|   9|0x0000000083f00000, 0x0000000083f00000, 0x0000000084000000|  0%| F|  |TAMS 0x0000000083f00000| PB 0x0000000083f00000| Untracked |  0
|  10|0x0000000084000000, 0x0000000084000000, 0x0000000084100000|  0%| F|  |TAMS 0x0000000084000000| PB 0x0000000084000000| Untracked |  0
|  11|0x0000000084100000, 0x0000000084100000, 0x0000000084200000|  0%| F|  |TAMS 0x0000000084100000| PB 0x0000000084100000| Untracked |  0
|  12|0x0000000084200000, 0x0000000084200000, 0x0000000084300000|  0%| F|  |TAMS 0x0000000084200000| PB 0x0000000084200000| Untracked |  0
|  13|0x0000000084300000, 0x0000000084300000, 0x0000000084400000|  0%| F|  |TAMS 0x0000000084300000| PB 0x0000000084300000| Untracked |  0
|  14|0x0000000084400000, 0x0000000084400000, 0x0000000084500000|  0%| F|  |TAMS 0x0000000084400000| PB 0x0000000084400000| Untracked |  0
|  15|0x0000000084500000, 0x0000000084500000, 0x0000000084600000|  0%| F|  |TAMS 0x0000000084500000| PB 0x0000000084500000| Untracked |  0
|  16|0x0000000084600000, 0x0000000084600000, 0x0000000084700000|  0%| F|  |TAMS 0x0000000084600000| PB 0x0000000084600000| Untracked |  0
|  17|0x0000000084700000, 0x0000000084700000, 0x0000000084800000|  0%| F|  |TAMS 0x0000000084700000| PB 0x0000000084700000| Untracked |  0
|  18|0x0000000084800000, 0x0000000084800000, 0x0000000084900000|  0%| F|  |TAMS 0x0000000084800000| PB 0x0000000084800000| Untracked |  0
|  19|0x0000000084900000, 0x0000000084900000, 0x0000000084a00000|  0%| F|  |TAMS 0x0000000084900000| PB 0x0000000084900000| Untracked |  0
|  20|0x0000000084a00000, 0x0000000084a00000, 0x0000000084b00000|  0%| F|  |TAMS 0x0000000084a00000| PB 0x0000000084a00000| Untracked |  0
|  21|0x0000000084b00000, 0x0000000084b00000, 0x0000000084c00000|  0%| F|  |TAMS 0x0000000084b00000| PB 0x0000000084b00000| Untracked |  0
|  22|0x0000000084c00000, 0x0000000084c00000, 0x0000000084d00000|  0%| F|  |TAMS 0x0000000084c00000| PB 0x0000000084c00000| Untracked |  0
|  23|0x0000000084d00000, 0x0000000084d00000, 0x0000000084e00000|  0%| F|  |TAMS 0x0000000084d00000| PB 0x0000000084d00000| Untracked |  0
|  24|0x0000000084e00000, 0x0000000084e00000, 0x0000000084f00000|  0%| F|  |TAMS 0x0000000084e00000| PB 0x0000000084e00000| Untracked |  0
|  25|0x0000000084f00000, 0x0000000084f00000, 0x0000000085000000|  0%| F|  |TAMS 0x0000000084f00000| PB 0x0000000084f00000| Untracked |  0
|  26|0x0000000085000000, 0x0000000085000000, 0x0000000085100000|  0%| F|  |TAMS 0x0000000085000000| PB 0x0000000085000000| Untracked |  0
|  27|0x0000000085100000, 0x0000000085100000, 0x0000000085200000|  0%| F|  |TAMS 0x0000000085100000| PB 0x0000000085100000| Untracked |  0
|  28|0x0000000085200000, 0x0000000085200000, 0x0000000085300000|  0%| F|  |TAMS 0x0000000085200000| PB 0x0000000085200000| Untracked |  0
|  29|0x0000000085300000, 0x0000000085300000, 0x0000000085400000|  0%| F|  |TAMS 0x0000000085300000| PB 0x0000000085300000| Untracked |  0
|  30|0x0000000085400000, 0x0000000085400000, 0x0000000085500000|  0%| F|  |TAMS 0x0000000085400000| PB 0x0000000085400000| Untracked |  0
|  31|0x0000000085500000, 0x0000000085500000, 0x0000000085600000|  0%| F|  |TAMS 0x0000000085500000| PB 0x0000000085500000| Untracked |  0
|  32|0x0000000085600000, 0x0000000085600000, 0x0000000085700000|  0%| F|  |TAMS 0x0000000085600000| PB 0x0000000085600000| Untracked |  0
|  33|0x0000000085700000, 0x0000000085700000, 0x0000000085800000|  0%| F|  |TAMS 0x0000000085700000| PB 0x0000000085700000| Untracked |  0
|  34|0x0000000085800000, 0x0000000085800000, 0x0000000085900000|  0%| F|  |TAMS 0x0000000085800000| PB 0x0000000085800000| Untracked |  0
|  35|0x0000000085900000, 0x0000000085900000, 0x0000000085a00000|  0%| F|  |TAMS 0x0000000085900000| PB 0x0000000085900000| Untracked |  0
|  36|0x0000000085a00000, 0x0000000085a00000, 0x0000000085b00000|  0%| F|  |TAMS 0x0000000085a00000| PB 0x0000000085a00000| Untracked |  0
|  37|0x0000000085b00000, 0x0000000085b00000, 0x0000000085c00000|  0%| F|  |TAMS 0x0000000085b00000| PB 0x0000000085b00000| Untracked |  0
|  38|0x0000000085c00000, 0x0000000085c00000, 0x0000000085d00000|  0%| F|  |TAMS 0x0000000085c00000| PB 0x0000000085c00000| Untracked |  0
|  39|0x0000000085d00000, 0x0000000085d00000, 0x0000000085e00000|  0%| F|  |TAMS 0x0000000085d00000| PB 0x0000000085d00000| Untracked |  0
|  40|0x0000000085e00000, 0x0000000085e00000, 0x0000000085f00000|  0%| F|  |TAMS 0x0000000085e00000| PB 0x0000000085e00000| Untracked |  0
|  41|0x0000000085f00000, 0x0000000085f00000, 0x0000000086000000|  0%| F|  |TAMS 0x0000000085f00000| PB 0x0000000085f00000| Untracked |  0
|  42|0x0000000086000000, 0x0000000086000000, 0x0000000086100000|  0%| F|  |TAMS 0x0000000086000000| PB 0x0000000086000000| Untracked |  0
|  43|0x0000000086100000, 0x0000000086100000, 0x0000000086200000|  0%| F|  |TAMS 0x0000000086100000| PB 0x0000000086100000| Untracked |  0
|  44|0x0000000086200000, 0x0000000086200000, 0x0000000086300000|  0%| F|  |TAMS 0x0000000086200000| PB 0x0000000086200000| Untracked |  0
|  45|0x0000000086300000, 0x0000000086300000, 0x0000000086400000|  0%| F|  |TAMS 0x0000000086300000| PB 0x0000000086300000| Untracked |  0
|  46|0x0000000086400000, 0x0000000086400000, 0x0000000086500000|  0%| F|  |TAMS 0x0000000086400000| PB 0x0000000086400000| Untracked |  0
|  47|0x0000000086500000, 0x0000000086500000, 0x0000000086600000|  0%| F|  |TAMS 0x0000000086500000| PB 0x0000000086500000| Untracked |  0
|  48|0x0000000086600000, 0x0000000086600000, 0x0000000086700000|  0%| F|  |TAMS 0x0000000086600000| PB 0x0000000086600000| Untracked |  0
|  49|0x0000000086700000, 0x0000000086700000, 0x0000000086800000|  0%| F|  |TAMS 0x0000000086700000| PB 0x0000000086700000| Untracked |  0
|  50|0x0000000086800000, 0x0000000086800000, 0x0000000086900000|  0%| F|  |TAMS 0x0000000086800000| PB 0x0000000086800000| Untracked |  0
|  51|0x0000000086900000, 0x0000000086900000, 0x0000000086a00000|  0%| F|  |TAMS 0x0000000086900000| PB 0x0000000086900000| Untracked |  0
|  52|0x0000000086a00000, 0x0000000086a00000, 0x0000000086b00000|  0%| F|  |TAMS 0x0000000086a00000| PB 0x0000000086a00000| Untracked |  0
|  53|0x0000000086b00000, 0x0000000086b00000, 0x0000000086c00000|  0%| F|  |TAMS 0x0000000086b00000| PB 0x0000000086b00000| Untracked |  0
|  54|0x0000000086c00000, 0x0000000086c00000, 0x0000000086d00000|  0%| F|  |TAMS 0x0000000086c00000| PB 0x0000000086c00000| Untracked |  0
|  55|0x0000000086d00000, 0x0000000086d00000, 0x0000000086e00000|  0%| F|  |TAMS 0x0000000086d00000| PB 0x0000000086d00000| Untracked |  0
|  56|0x0000000086e00000, 0x0000000086e00000, 0x0000000086f00000|  0%| F|  |TAMS 0x0000000086e00000| PB 0x0000000086e00000| Untracked |  0
|  57|0x0000000086f00000, 0x0000000086f00000, 0x0000000087000000|  0%| F|  |TAMS 0x0000000086f00000| PB 0x0000000086f00000| Untracked |  0
|  58|0x0000000087000000, 0x0000000087000000, 0x0000000087100000|  0%| F|  |TAMS 0x0000000087000000| PB 0x0000000087000000| Untracked |  0
|  59|0x0000000087100000, 0x0000000087100000, 0x0000000087200000|  0%| F|  |TAMS 0x0000000087100000| PB 0x0000000087100000| Untracked |  0
|  60|0x0000000087200000, 0x0000000087200000, 0x0000000087300000|  0%| F|  |TAMS 0x0000000087200000| PB 0x0000000087200000| Untracked |  0
|  61|0x0000000087300000, 0x0000000087300000, 0x0000000087400000|  0%| F|  |TAMS 0x0000000087300000| PB 0x0000000087300000| Untracked |  0
|  62|0x0000000087400000, 0x0000000087400000, 0x0000000087500000|  0%| F|  |TAMS 0x0000000087400000| PB 0x0000000087400000| Untracked |  0
|  63|0x0000000087500000, 0x0000000087500000, 0x0000000087600000|  0%| F|  |TAMS 0x0000000087500000| PB 0x0000000087500000| Untracked |  0
|  64|0x0000000087600000, 0x0000000087600000, 0x0000000087700000|  0%| F|  |TAMS 0x0000000087600000| PB 0x0000000087600000| Untracked |  0
|  65|0x0000000087700000, 0x0000000087700000, 0x0000000087800000|  0%| F|  |TAMS 0x0000000087700000| PB 0x0000000087700000| Untracked |  0
|  66|0x0000000087800000, 0x0000000087800000, 0x0000000087900000|  0%| F|  |TAMS 0x0000000087800000| PB 0x0000000087800000| Untracked |  0
|  67|0x0000000087900000, 0x0000000087900000, 0x0000000087a00000|  0%| F|  |TAMS 0x0000000087900000| PB 0x0000000087900000| Untracked |  0
|  68|0x0000000087a00000, 0x0000000087a00000, 0x0000000087b00000|  0%| F|  |TAMS 0x0000000087a00000| PB 0x0000000087a00000| Untracked |  0
|  69|0x0000000087b00000, 0x0000000087b00000, 0x0000000087c00000|  0%| F|  |TAMS 0x0000000087b00000| PB 0x0000000087b00000| Untracked |  0
|  70|0x0000000087c00000, 0x0000000087c00000, 0x0000000087d00000|  0%| F|  |TAMS 0x0000000087c00000| PB 0x0000000087c00000| Untracked |  0
|  71|0x0000000087d00000, 0x0000000087d00000, 0x0000000087e00000|  0%| F|  |TAMS 0x0000000087d00000| PB 0x0000000087d00000| Untracked |  0
|  72|0x0000000087e00000, 0x0000000087e00000, 0x0000000087f00000|  0%| F|  |TAMS 0x0000000087e00000| PB 0x0000000087e00000| Untracked |  0
|  73|0x0000000087f00000, 0x0000000087f00000, 0x0000000088000000|  0%| F|  |TAMS 0x0000000087f00000| PB 0x0000000087f00000| Untracked |  0
|  74|0x0000000088000000, 0x0000000088000000, 0x0000000088100000|  0%| F|  |TAMS 0x0000000088000000| PB 0x0000000088000000| Untracked |  0
|  75|0x0000000088100000, 0x0000000088100000, 0x0000000088200000|  0%| F|  |TAMS 0x0000000088100000| PB 0x0000000088100000| Untracked |  0
|  76|0x0000000088200000, 0x0000000088200000, 0x0000000088300000|  0%| F|  |TAMS 0x0000000088200000| PB 0x0000000088200000| Untracked |  0
|  77|0x0000000088300000, 0x0000000088300000, 0x0000000088400000|  0%| F|  |TAMS 0x0000000088300000| PB 0x0000000088300000| Untracked |  0
|  78|0x0000000088400000, 0x0000000088400000, 0x0000000088500000|  0%| F|  |TAMS 0x0000000088400000| PB 0x0000000088400000| Untracked |  0
|  79|0x0000000088500000, 0x0000000088500000, 0x0000000088600000|  0%| F|  |TAMS 0x0000000088500000| PB 0x0000000088500000| Untracked |  0
|  80|0x0000000088600000, 0x0000000088600000, 0x0000000088700000|  0%| F|  |TAMS 0x0000000088600000| PB 0x0000000088600000| Untracked |  0
|  81|0x0000000088700000, 0x0000000088700000, 0x0000000088800000|  0%| F|  |TAMS 0x0000000088700000| PB 0x0000000088700000| Untracked |  0
|  82|0x0000000088800000, 0x0000000088800000, 0x0000000088900000|  0%| F|  |TAMS 0x0000000088800000| PB 0x0000000088800000| Untracked |  0
|  83|0x0000000088900000, 0x0000000088900000, 0x0000000088a00000|  0%| F|  |TAMS 0x0000000088900000| PB 0x0000000088900000| Untracked |  0
|  84|0x0000000088a00000, 0x0000000088a00000, 0x0000000088b00000|  0%| F|  |TAMS 0x0000000088a00000| PB 0x0000000088a00000| Untracked |  0
|  85|0x0000000088b00000, 0x0000000088b00000, 0x0000000088c00000|  0%| F|  |TAMS 0x0000000088b00000| PB 0x0000000088b00000| Untracked |  0
|  86|0x0000000088c00000, 0x0000000088c00000, 0x0000000088d00000|  0%| F|  |TAMS 0x0000000088c00000| PB 0x0000000088c00000| Untracked |  0
|  87|0x0000000088d00000, 0x0000000088d00000, 0x0000000088e00000|  0%| F|  |TAMS 0x0000000088d00000| PB 0x0000000088d00000| Untracked |  0
|  88|0x0000000088e00000, 0x0000000088e00000, 0x0000000088f00000|  0%| F|  |TAMS 0x0000000088e00000| PB 0x0000000088e00000| Untracked |  0
|  89|0x0000000088f00000, 0x0000000088f00000, 0x0000000089000000|  0%| F|  |TAMS 0x0000000088f00000| PB 0x0000000088f00000| Untracked |  0
|  90|0x0000000089000000, 0x0000000089000000, 0x0000000089100000|  0%| F|  |TAMS 0x0000000089000000| PB 0x0000000089000000| Untracked |  0
|  91|0x0000000089100000, 0x0000000089100000, 0x0000000089200000|  0%| F|  |TAMS 0x0000000089100000| PB 0x0000000089100000| Untracked |  0
|  92|0x0000000089200000, 0x0000000089200000, 0x0000000089300000|  0%| F|  |TAMS 0x0000000089200000| PB 0x0000000089200000| Untracked |  0
|  93|0x0000000089300000, 0x0000000089300000, 0x0000000089400000|  0%| F|  |TAMS 0x0000000089300000| PB 0x0000000089300000| Untracked |  0
|  94|0x0000000089400000, 0x0000000089400000, 0x0000000089500000|  0%| F|  |TAMS 0x0000000089400000| PB 0x0000000089400000| Untracked |  0
|  95|0x0000000089500000, 0x0000000089500000, 0x0000000089600000|  0%| F|  |TAMS 0x0000000089500000| PB 0x0000000089500000| Untracked |  0
|  96|0x0000000089600000, 0x0000000089600000, 0x0000000089700000|  0%| F|  |TAMS 0x0000000089600000| PB 0x0000000089600000| Untracked |  0
|  97|0x0000000089700000, 0x0000000089700000, 0x0000000089800000|  0%| F|  |TAMS 0x0000000089700000| PB 0x0000000089700000| Untracked |  0
|  98|0x0000000089800000, 0x0000000089800000, 0x0000000089900000|  0%| F|  |TAMS 0x0000000089800000| PB 0x0000000089800000| Untracked |  0
|  99|0x0000000089900000, 0x0000000089900000, 0x0000000089a00000|  0%| F|  |TAMS 0x0000000089900000| PB 0x0000000089900000| Untracked |  0
| 100|0x0000000089a00000, 0x0000000089a00000, 0x0000000089b00000|  0%| F|  |TAMS 0x0000000089a00000| PB 0x0000000089a00000| Untracked |  0
| 101|0x0000000089b00000, 0x0000000089b00000, 0x0000000089c00000|  0%| F|  |TAMS 0x0000000089b00000| PB 0x0000000089b00000| Untracked |  0
| 102|0x0000000089c00000, 0x0000000089c00000, 0x0000000089d00000|  0%| F|  |TAMS 0x0000000089c00000| PB 0x0000000089c00000| Untracked |  0
| 103|0x0000000089d00000, 0x0000000089d00000, 0x0000000089e00000|  0%| F|  |TAMS 0x0000000089d00000| PB 0x0000000089d00000| Untracked |  0
| 104|0x0000000089e00000, 0x0000000089e00000, 0x0000000089f00000|  0%| F|  |TAMS 0x0000000089e00000| PB 0x0000000089e00000| Untracked |  0
| 105|0x0000000089f00000, 0x0000000089f00000, 0x000000008a000000|  0%| F|  |TAMS 0x0000000089f00000| PB 0x0000000089f00000| Untracked |  0
| 106|0x000000008a000000, 0x000000008a000000, 0x000000008a100000|  0%| F|  |TAMS 0x000000008a000000| PB 0x000000008a000000| Untracked |  0
| 107|0x000000008a100000, 0x000000008a100000, 0x000000008a200000|  0%| F|  |TAMS 0x000000008a100000| PB 0x000000008a100000| Untracked |  0
| 108|0x000000008a200000, 0x000000008a200000, 0x000000008a300000|  0%| F|  |TAMS 0x000000008a200000| PB 0x000000008a200000| Untracked |  0
| 109|0x000000008a300000, 0x000000008a300000, 0x000000008a400000|  0%| F|  |TAMS 0x000000008a300000| PB 0x000000008a300000| Untracked |  0
| 110|0x000000008a400000, 0x000000008a500000, 0x000000008a500000|100%| S|CS|TAMS 0x000000008a400000| PB 0x000000008a400000| Complete |  0
| 111|0x000000008a500000, 0x000000008a600000, 0x000000008a600000|100%| S|CS|TAMS 0x000000008a500000| PB 0x000000008a500000| Complete |  0
| 112|0x000000008a600000, 0x000000008a600000, 0x000000008a700000|  0%| F|  |TAMS 0x000000008a600000| PB 0x000000008a600000| Untracked |  0
| 113|0x000000008a700000, 0x000000008a700000, 0x000000008a800000|  0%| F|  |TAMS 0x000000008a700000| PB 0x000000008a700000| Untracked |  0
| 114|0x000000008a800000, 0x000000008a800000, 0x000000008a900000|  0%| F|  |TAMS 0x000000008a800000| PB 0x000000008a800000| Untracked |  0
| 115|0x000000008a900000, 0x000000008a900000, 0x000000008aa00000|  0%| F|  |TAMS 0x000000008a900000| PB 0x000000008a900000| Untracked |  0
| 116|0x000000008aa00000, 0x000000008aa00000, 0x000000008ab00000|  0%| F|  |TAMS 0x000000008aa00000| PB 0x000000008aa00000| Untracked |  0
| 117|0x000000008ab00000, 0x000000008abc8f78, 0x000000008ac00000| 78%| E|  |TAMS 0x000000008ab00000| PB 0x000000008ab00000| Complete |  0
| 118|0x000000008ac00000, 0x000000008ad00000, 0x000000008ad00000|100%| E|CS|TAMS 0x000000008ac00000| PB 0x000000008ac00000| Complete |  0
| 119|0x000000008ad00000, 0x000000008ae00000, 0x000000008ae00000|100%| E|CS|TAMS 0x000000008ad00000| PB 0x000000008ad00000| Complete |  0
| 120|0x000000008ae00000, 0x000000008af00000, 0x000000008af00000|100%| E|CS|TAMS 0x000000008ae00000| PB 0x000000008ae00000| Complete |  0
| 121|0x000000008af00000, 0x000000008b000000, 0x000000008b000000|100%| E|CS|TAMS 0x000000008af00000| PB 0x000000008af00000| Complete |  0
| 122|0x000000008b000000, 0x000000008b100000, 0x000000008b100000|100%| E|CS|TAMS 0x000000008b000000| PB 0x000000008b000000| Complete |  0
| 123|0x000000008b100000, 0x000000008b200000, 0x000000008b200000|100%| E|CS|TAMS 0x000000008b100000| PB 0x000000008b100000| Complete |  0
| 124|0x000000008b200000, 0x000000008b300000, 0x000000008b300000|100%| E|CS|TAMS 0x000000008b200000| PB 0x000000008b200000| Complete |  0
| 125|0x000000008b300000, 0x000000008b400000, 0x000000008b400000|100%| E|  |TAMS 0x000000008b300000| PB 0x000000008b300000| Complete |  0

Card table byte_map: [0x000002a4b9720000,0x000002a4b9b10000] _byte_map_base: 0x000002a4b9305000

Marking Bits: (CMBitMap*) 0x000002a4a47210f0
 Bits: [0x000002a4b9b10000, 0x000002a4bba38000)

Polling page: 0x000002a4a4790000

Metaspace:

Usage:
  Non-class:      7.07 MB used.
      Class:    896.36 KB used.
       Both:      7.95 MB used.

Virtual space:
  Non-class space:       64.00 MB reserved,       7.19 MB ( 11%) committed,  1 nodes.
      Class space:        1.00 GB reserved,       1.00 MB ( <1%) committed,  1 nodes.
             Both:        1.06 GB reserved,       8.19 MB ( <1%) committed. 

Chunk freelists:
   Non-Class:  8.47 MB
       Class:  15.03 MB
        Both:  23.51 MB

MaxMetaspaceSize: unlimited
CompressedClassSpaceSize: 1.00 GB
Initial GC threshold: 21.00 MB
Current GC threshold: 21.00 MB
CDS: on
 - commit_granule_bytes: 65536.
 - commit_granule_words: 8192.
 - virtual_space_node_default_size: 8388608.
 - enlarge_chunks_in_place: 1.
 - use_allocation_guard: 0.


Internal statistics:

num_allocs_failed_limit: 0.
num_arena_births: 162.
num_arena_deaths: 0.
num_vsnodes_births: 2.
num_vsnodes_deaths: 0.
num_space_committed: 131.
num_space_uncommitted: 0.
num_chunks_returned_to_freelist: 0.
num_chunks_taken_from_freelist: 209.
num_chunk_merges: 0.
num_chunk_splits: 122.
num_chunks_enlarged: 48.
num_inconsistent_stats: 0.

CodeHeap 'non-profiled nmethods': size=120064Kb used=575Kb max_used=575Kb free=119488Kb
 bounds [0x000002a4b17c0000, 0x000002a4b1a30000, 0x000002a4b8d00000]
CodeHeap 'profiled nmethods': size=120000Kb used=2056Kb max_used=2056Kb free=117944Kb
 bounds [0x000002a4a9d00000, 0x000002a4a9f70000, 0x000002a4b1230000]
CodeHeap 'non-nmethods': size=5696Kb used=1671Kb max_used=1699Kb free=4025Kb
 bounds [0x000002a4b1230000, 0x000002a4b14a0000, 0x000002a4b17c0000]
CodeCache: size=245760Kb, used=4302Kb, max_used=4330Kb, free=241457Kb
 total_blobs=2135, nmethods=1521, adapters=520, full_count=0
Compilation: enabled, stopped_count=0, restarted_count=0

Compilation events (20 events):
Event: 332450.478 Thread 0x000002a4be0f0190 nmethod 1513 0x000002a4a9ef9f88 code [0x000002a4a9efa340, 0x000002a4a9efc0c8]
Event: 332452.019 Thread 0x000002a4be0f0190 1514   !   3       sun.awt.windows.WDesktopProperties$WinPlaySound::equals (25 bytes)
Event: 332452.020 Thread 0x000002a4be0f0190 nmethod 1514 0x000002a4a9efc208 code [0x000002a4a9efc340, 0x000002a4a9efc608]
Event: 333700.328 Thread 0x000002a4be0f0190 1515  s    3       sun.awt.windows.WDesktopProperties::setBooleanProperty (57 bytes)
Event: 333700.333 Thread 0x000002a4be0f0190 nmethod 1515 0x000002a4a9efc688 code [0x000002a4a9efc820, 0x000002a4a9efcf98]
Event: 335126.354 Thread 0x000002a4be0f0190 1516       3       java.util.concurrent.locks.LockSupport::setBlocker (12 bytes)
Event: 335126.356 Thread 0x000002a4be0f0190 nmethod 1516 0x000002a4a9efd008 code [0x000002a4a9efd120, 0x000002a4a9efd328]
Event: 335361.858 Thread 0x000002a4be0f0190 1517       3       java.util.ComparableTimSort::binarySort (223 bytes)
Event: 335361.861 Thread 0x000002a4be0f0190 nmethod 1517 0x000002a4a9efd388 code [0x000002a4a9efd520, 0x000002a4a9efe060]
Event: 372743.426 Thread 0x000002a4be0f0190 1518       3       java.awt.geom.AffineTransform::equals (104 bytes)
Event: 372743.439 Thread 0x000002a4be0f0190 nmethod 1518 0x000002a4a9efe088 code [0x000002a4a9efe2a0, 0x000002a4a9eff738]
Event: 372744.849 Thread 0x000002a4be0f0190 1519       3       java.beans.PropertyChangeSupport::firePropertyChange (81 bytes)
Event: 372744.856 Thread 0x000002a4be0f0190 nmethod 1519 0x000002a4a9eff788 code [0x000002a4a9eff960, 0x000002a4a9f00708]
Event: 372914.244 Thread 0x000002a4be0f0190 1520       3       java.util.WeakHashMap$HashIterator::hasNext (95 bytes)
Event: 372914.410 Thread 0x000002a4be0f0190 nmethod 1520 0x000002a4a9f00788 code [0x000002a4a9f008e0, 0x000002a4a9f00e18]
Event: 372914.410 Thread 0x000002a4be0f0190 1521       3       java.util.WeakHashMap$KeyIterator::next (8 bytes)
Event: 372914.412 Thread 0x000002a4be0f0190 nmethod 1521 0x000002a4a9f00e88 code [0x000002a4a9f00fc0, 0x000002a4a9f01358]
Event: 372914.413 Thread 0x000002a4be0f0190 1522       3       sun.awt.image.VolatileSurfaceManager::displayChanged (102 bytes)
Event: 372914.478 Thread 0x000002a4be0755f0 1523 %s    4       sun.java2d.loops.GraphicsPrimitiveMgr::locatePrim @ 28 (95 bytes)
Event: 372914.553 Thread 0x000002a4be0f0190 nmethod 1522 0x000002a4a9f01408 code [0x000002a4a9f015c0, 0x000002a4a9f01f40]

GC Heap History (2 events):
Event: 3.423 GC heap before
{Heap before GC invocations=0 (full 0):
 garbage-first heap   total reserved 2041856K, committed 129024K, used 17408K [0x0000000083600000, 0x0000000100000000)
  region size 1024K, 14 young (14336K), 0 survivors (0K)
 Metaspace       used 7288K, committed 7488K, reserved 1114112K
  class space    used 811K, committed 896K, reserved 1048576K
}
Event: 3.436 GC heap after
{Heap after GC invocations=1 (full 0):
 garbage-first heap   total reserved 2041856K, committed 129024K, used 9884K [0x0000000083600000, 0x0000000100000000)
  region size 1024K, 2 young (2048K), 2 survivors (2048K)
 Metaspace       used 7288K, committed 7488K, reserved 1114112K
  class space    used 811K, committed 896K, reserved 1048576K
}

Dll operation events (9 events):
Event: 0.045 Loaded shared library C:\Users\marca\.p2\pool\plugins\org.eclipse.justj.openjdk.hotspot.jre.full.win32.x86_64_23.0.2.v20250131-0604\jre\bin\java.dll
Event: 0.122 Loaded shared library C:\Users\marca\.p2\pool\plugins\org.eclipse.justj.openjdk.hotspot.jre.full.win32.x86_64_23.0.2.v20250131-0604\jre\bin\net.dll
Event: 0.125 Loaded shared library C:\Users\marca\.p2\pool\plugins\org.eclipse.justj.openjdk.hotspot.jre.full.win32.x86_64_23.0.2.v20250131-0604\jre\bin\nio.dll
Event: 0.126 Loaded shared library C:\Users\marca\.p2\pool\plugins\org.eclipse.justj.openjdk.hotspot.jre.full.win32.x86_64_23.0.2.v20250131-0604\jre\bin\zip.dll
Event: 0.190 Loaded shared library C:\Users\marca\.p2\pool\plugins\org.eclipse.justj.openjdk.hotspot.jre.full.win32.x86_64_23.0.2.v20250131-0604\jre\bin\jimage.dll
Event: 0.206 Loaded shared library C:\Users\marca\.p2\pool\plugins\org.eclipse.justj.openjdk.hotspot.jre.full.win32.x86_64_23.0.2.v20250131-0604\jre\bin\awt.dll
Event: 0.440 Loaded shared library C:\Users\marca\.p2\pool\plugins\org.eclipse.justj.openjdk.hotspot.jre.full.win32.x86_64_23.0.2.v20250131-0604\jre\bin\zip.dll
Event: 0.551 Loaded shared library C:\Users\marca\.p2\pool\plugins\org.eclipse.justj.openjdk.hotspot.jre.full.win32.x86_64_23.0.2.v20250131-0604\jre\bin\freetype.dll
Event: 0.552 Loaded shared library C:\Users\marca\.p2\pool\plugins\org.eclipse.justj.openjdk.hotspot.jre.full.win32.x86_64_23.0.2.v20250131-0604\jre\bin\fontmanager.dll

Deoptimization events (20 events):
Event: 15.411 Thread 0x000002a4be494e50 DEOPT PACKING pc=0x000002a4a9ec5d55 sp=0x000000d7d3cff4b0
Event: 15.411 Thread 0x000002a4be494e50 DEOPT UNPACKING pc=0x000002a4b12884c2 sp=0x000000d7d3cfe920 mode 0
Event: 15.411 Thread 0x000002a4be494e50 DEOPT PACKING pc=0x000002a4a9ec5d55 sp=0x000000d7d3cff4b0
Event: 15.411 Thread 0x000002a4be494e50 DEOPT UNPACKING pc=0x000002a4b12884c2 sp=0x000000d7d3cfe920 mode 0
Event: 15.412 Thread 0x000002a4be494e50 DEOPT PACKING pc=0x000002a4a9ec5d55 sp=0x000000d7d3cff4b0
Event: 15.412 Thread 0x000002a4be494e50 DEOPT UNPACKING pc=0x000002a4b12884c2 sp=0x000000d7d3cfe920 mode 0
Event: 17.594 Thread 0x000002a4be497e90 Uncommon trap: trap_request=0xffffffde fr.pc=0x000002a4b17ddd98 relative=0x0000000000000198
Event: 17.594 Thread 0x000002a4be497e90 Uncommon trap: reason=class_check action=maybe_recompile pc=0x000002a4b17ddd98 method=java.lang.String.equals(Ljava/lang/Object;)Z @ 8 c2
Event: 17.594 Thread 0x000002a4be497e90 DEOPT PACKING pc=0x000002a4b17ddd98 sp=0x000000d7d3dfceb0
Event: 17.594 Thread 0x000002a4be497e90 DEOPT UNPACKING pc=0x000002a4b1287982 sp=0x000000d7d3dfce38 mode 2
Event: 17.594 Thread 0x000002a4be497e90 Uncommon trap: trap_request=0xffffffde fr.pc=0x000002a4b17ddd98 relative=0x0000000000000198
Event: 17.594 Thread 0x000002a4be497e90 Uncommon trap: reason=class_check action=maybe_recompile pc=0x000002a4b17ddd98 method=java.lang.String.equals(Ljava/lang/Object;)Z @ 8 c2
Event: 17.594 Thread 0x000002a4be497e90 DEOPT PACKING pc=0x000002a4b17ddd98 sp=0x000000d7d3dfcde0
Event: 17.594 Thread 0x000002a4be497e90 DEOPT UNPACKING pc=0x000002a4b1287982 sp=0x000000d7d3dfcd68 mode 2
Event: 17.594 Thread 0x000002a4be497e90 Uncommon trap: trap_request=0xffffffde fr.pc=0x000002a4b17ddd98 relative=0x0000000000000198
Event: 17.594 Thread 0x000002a4be497e90 Uncommon trap: reason=class_check action=maybe_recompile pc=0x000002a4b17ddd98 method=java.lang.String.equals(Ljava/lang/Object;)Z @ 8 c2
Event: 17.594 Thread 0x000002a4be497e90 DEOPT PACKING pc=0x000002a4b17ddd98 sp=0x000000d7d3dfcd40
Event: 17.594 Thread 0x000002a4be497e90 DEOPT UNPACKING pc=0x000002a4b1287982 sp=0x000000d7d3dfccd8 mode 2
Event: 18.356 Thread 0x000002a4be494e50 DEOPT PACKING pc=0x000002a4a9ec689c sp=0x000000d7d3cff300
Event: 18.356 Thread 0x000002a4be494e50 DEOPT UNPACKING pc=0x000002a4b12884c2 sp=0x000000d7d3cfe7d0 mode 0

Classes loaded (20 events):
Event: 16.712 Loading class java/awt/Adjustable done
Event: 16.713 Loading class java/awt/Scrollbar done
Event: 17.595 Loading class java/awt/KeyboardFocusManager$2
Event: 17.595 Loading class java/awt/KeyboardFocusManager$2 done
Event: 17.596 Loading class sun/awt/SunToolkit$1
Event: 17.596 Loading class sun/awt/SunToolkit$1 done
Event: 17.610 Loading class java/awt/Window$1DisposeAction
Event: 17.610 Loading class java/awt/Window$1DisposeAction done
Event: 17.613 Loading class java/awt/LightweightDispatcher$2
Event: 17.613 Loading class java/awt/LightweightDispatcher$2 done
Event: 17858.113 Loading class java/awt/desktop/SystemSleepListener
Event: 17858.136 Loading class java/awt/desktop/SystemEventListener
Event: 17858.143 Loading class java/awt/desktop/SystemEventListener done
Event: 17858.145 Loading class java/awt/desktop/SystemSleepListener done
Event: 372742.496 Loading class java/util/WeakHashMap$KeyIterator
Event: 372742.521 Loading class java/util/WeakHashMap$HashIterator
Event: 372742.551 Loading class java/util/WeakHashMap$HashIterator done
Event: 372742.552 Loading class java/util/WeakHashMap$KeyIterator done
Event: 372743.419 Loading class javax/swing/RepaintManager$DisplayChangedRunnable
Event: 372743.424 Loading class javax/swing/RepaintManager$DisplayChangedRunnable done

Classes unloaded (0 events):
No events

Classes redefined (0 events):
No events

Internal exceptions (16 events):
Event: 0.144 Thread 0x000002a4a448db70 Exception <a 'java/lang/NoSuchMethodError'{0x000000008b245130}: 'void java.lang.invoke.DirectMethodHandle$Holder.invokeVirtual(java.lang.Object, java.lang.Object)'> (0x000000008b245130) 
thrown [s\src\hotspot\share\interpreter\linkResolver.cpp, line 796]
Event: 0.147 Thread 0x000002a4a448db70 Exception <a 'java/lang/NoSuchMethodError'{0x000000008b2986d0}: 'java.lang.Object java.lang.invoke.DirectMethodHandle$Holder.invokeInterface(java.lang.Object, java.lang.Object, java.lang.Object)'> (0x000000008b2986d0) 
thrown [s\src\hotspot\share\interpreter\linkResolver.cpp, line 796]
Event: 0.192 Thread 0x000002a4a448db70 Exception <a 'sun/nio/fs/WindowsException'{0x000000008b188460}> (0x000000008b188460) 
thrown [s\src\hotspot\share\prims\jni.cpp, line 520]
Event: 0.195 Thread 0x000002a4a448db70 Exception <a 'java/lang/ClassNotFoundException'{0x000000008b192478}: sun/awt/resources/spi/awtProvider> (0x000000008b192478) 
thrown [s\src\hotspot\share\classfile\systemDictionary.cpp, line 313]
Event: 0.217 Thread 0x000002a4a448db70 Exception <a 'java/io/FileNotFoundException'{0x000000008b1e5ce0}> (0x000000008b1e5ce0) 
thrown [s\src\hotspot\share\prims\jni.cpp, line 520]
Event: 0.226 Thread 0x000002a4a448db70 Exception <a 'java/io/FileNotFoundException'{0x000000008b014428}> (0x000000008b014428) 
thrown [s\src\hotspot\share\prims\jni.cpp, line 520]
Event: 0.344 Thread 0x000002a4a448db70 Exception <a 'java/lang/NoSuchMethodError'{0x000000008af1f898}: 'void java.lang.invoke.DirectMethodHandle$Holder.invokeSpecial(java.lang.Object, java.lang.Object, java.lang.Object)'> (0x000000008af1f898) 
thrown [s\src\hotspot\share\interpreter\linkResolver.cpp, line 796]
Event: 0.366 Thread 0x000002a4a448db70 Exception <a 'java/lang/NoSuchMethodError'{0x000000008af6f238}: 'java.lang.Object java.lang.invoke.DirectMethodHandle$Holder.invokeStatic(java.lang.Object, int, java.lang.Object)'> (0x000000008af6f238) 
thrown [s\src\hotspot\share\interpreter\linkResolver.cpp, line 796]
Event: 0.398 Thread 0x000002a4a448db70 Exception <a 'java/lang/ClassNotFoundException'{0x000000008ae16478}: com/sun/swing/internal/plaf/metal/resources/spi/metalProvider> (0x000000008ae16478) 
thrown [s\src\hotspot\share\classfile\systemDictionary.cpp, line 313]
Event: 0.399 Thread 0x000002a4a448db70 Exception <a 'java/lang/ClassNotFoundException'{0x000000008ae1b120}: com/sun/swing/internal/plaf/basic/resources/spi/basicProvider> (0x000000008ae1b120) 
thrown [s\src\hotspot\share\classfile\systemDictionary.cpp, line 313]
Event: 0.422 Thread 0x000002a4a448db70 Exception <a 'java/lang/NoSuchMethodError'{0x000000008ae3dd58}: 'int java.lang.invoke.Invokers$Holder.invokeExact_MT(java.lang.Object, java.lang.Object)'> (0x000000008ae3dd58) 
thrown [s\src\hotspot\share\interpreter\linkResolver.cpp, line 796]
Event: 0.446 Thread 0x000002a4be49c6e0 Exception <a 'java/lang/NoSuchMethodError'{0x000000008ae646d0}: 'java.lang.Object java.lang.invoke.DirectMethodHandle$Holder.newInvokeSpecial(java.lang.Object, java.lang.Object, java.lang.Object, int, int, int, int, int)'> (0x000000008ae646d0) 
thrown [s\src\hotspot\share\interpreter\linkResolver.cpp, line 796]
Event: 0.546 Thread 0x000002a4a448db70 Exception <a 'java/lang/NoSuchMethodError'{0x000000008ade8d18}: 'void java.lang.invoke.DirectMethodHandle$Holder.invokeStaticInit(java.lang.Object)'> (0x000000008ade8d18) 
thrown [s\src\hotspot\share\interpreter\linkResolver.cpp, line 796]
Event: 0.579 Thread 0x000002a4a448db70 Exception <a 'sun/nio/fs/WindowsException'{0x000000008ac446b8}> (0x000000008ac446b8) 
thrown [s\src\hotspot\share\prims\jni.cpp, line 520]
Event: 15.375 Thread 0x000002a4be497e90 Exception <a 'java/lang/NoSuchMethodError'{0x000000008ad1a0d8}: 'void java.lang.invoke.DirectMethodHandle$Holder.invokeStatic(java.lang.Object, java.lang.Object)'> (0x000000008ad1a0d8) 
thrown [s\src\hotspot\share\interpreter\linkResolver.cpp, line 796]
Event: 15.399 Thread 0x000002a4be497e90 Exception <a 'java/lang/NoSuchMethodError'{0x000000008ad2edd0}: 'int java.lang.invoke.DirectMethodHandle$Holder.invokeStatic(java.lang.Object)'> (0x000000008ad2edd0) 
thrown [s\src\hotspot\share\interpreter\linkResolver.cpp, line 796]

VM Operations (20 events):
Event: 335064.899 Executing VM operation: HandshakeAllThreads (HandshakeForDeflation)
Event: 335064.899 Executing VM operation: HandshakeAllThreads (HandshakeForDeflation) done
Event: 335064.904 Executing VM operation: RendezvousGCThreads
Event: 335064.904 Executing VM operation: RendezvousGCThreads done
Event: 335344.433 Executing VM operation: HandshakeAllThreads (HandshakeForDeflation)
Event: 335344.433 Executing VM operation: HandshakeAllThreads (HandshakeForDeflation) done
Event: 335344.434 Executing VM operation: RendezvousGCThreads
Event: 335344.434 Executing VM operation: RendezvousGCThreads done
Event: 335404.439 Executing VM operation: HandshakeAllThreads (HandshakeForDeflation)
Event: 335404.439 Executing VM operation: HandshakeAllThreads (HandshakeForDeflation) done
Event: 335404.439 Executing VM operation: RendezvousGCThreads
Event: 335404.439 Executing VM operation: RendezvousGCThreads done
Event: 371353.472 Executing VM operation: HandshakeAllThreads (HandshakeForDeflation)
Event: 371353.473 Executing VM operation: HandshakeAllThreads (HandshakeForDeflation) done
Event: 371353.473 Executing VM operation: RendezvousGCThreads
Event: 371353.473 Executing VM operation: RendezvousGCThreads done
Event: 372797.305 Executing VM operation: HandshakeAllThreads (HandshakeForDeflation)
Event: 372797.305 Executing VM operation: HandshakeAllThreads (HandshakeForDeflation) done
Event: 372797.305 Executing VM operation: RendezvousGCThreads
Event: 372797.305 Executing VM operation: RendezvousGCThreads done

Memory protections (0 events):
No events

Nmethod flushes (0 events):
No events

Events (20 events):
Event: 0.081 Thread 0x000002a4a448db70 Thread added: 0x000002a4be066080
Event: 0.081 Thread 0x000002a4a448db70 Thread added: 0x000002a4be066bd0
Event: 0.081 Thread 0x000002a4a448db70 Thread added: 0x000002a4be0755f0
Event: 0.084 Thread 0x000002a4a448db70 Thread added: 0x000002a4be0f0190
Event: 0.114 Thread 0x000002a4a448db70 Thread added: 0x000002a4be18f1c0
Event: 0.178 Thread 0x000002a4a448db70 Thread added: 0x000002a4be238bc0
Event: 0.298 Thread 0x000002a4a448db70 Thread added: 0x000002a4be40eee0
Event: 0.300 Thread 0x000002a4a448db70 Thread added: 0x000002a4be41f6b0
Event: 0.302 Thread 0x000002a4a448db70 Thread added: 0x000002a4be41fd20
Event: 0.434 Thread 0x000002a4a448db70 Thread added: 0x000002a4be49c6e0
Event: 0.489 Thread 0x000002a4a448db70 Thread added: 0x000002a4be494e50
Event: 0.524 Thread 0x000002a4be41fd20 Thread added: 0x000002a4be497e90
Event: 0.690 Thread 0x000002a4a448db70 Thread exited: 0x000002a4a448db70
Event: 0.690 Thread 0x000002a4a448db70 Thread added: 0x000002a4a448db70
Event: 0.714 Thread 0x000002a4be0755f0 Thread added: 0x000002a4be1ac5c0
Event: 1.048 Thread 0x000002a4be1ac5c0 Thread exited: 0x000002a4be1ac5c0
Event: 1.532 Thread 0x000002a4be0f0190 Thread added: 0x000002a4be23c230
Event: 2.078 Thread 0x000002a4be23c230 Thread exited: 0x000002a4be23c230
Event: 7.345 Thread 0x000002a4be49c6e0 Thread exited: 0x000002a4be49c6e0
Event: 23.369 Thread 0x000002a4be494e50 Thread exited: 0x000002a4be494e50


Dynamic libraries:
0x00007ff607c90000 - 0x00007ff607c9e000 	C:\Users\marca\.p2\pool\plugins\org.eclipse.justj.openjdk.hotspot.jre.full.win32.x86_64_23.0.2.v20250131-0604\jre\bin\javaw.exe
0x00007ffad3fd0000 - 0x00007ffad41e7000 	C:\Windows\SYSTEM32\ntdll.dll
0x00007ffad2cf0000 - 0x00007ffad2db4000 	C:\Windows\System32\KERNEL32.DLL
0x00007ffad13a0000 - 0x00007ffad1770000 	C:\Windows\System32\KERNELBASE.dll
0x00007ffad1280000 - 0x00007ffad1391000 	C:\Windows\System32\ucrtbase.dll
0x00007ffaa89d0000 - 0x00007ffaa89e7000 	C:\Users\marca\.p2\pool\plugins\org.eclipse.justj.openjdk.hotspot.jre.full.win32.x86_64_23.0.2.v20250131-0604\jre\bin\jli.dll
0x00007ffad3010000 - 0x00007ffad31be000 	C:\Windows\System32\USER32.dll
0x00007ffaa89b0000 - 0x00007ffaa89ce000 	C:\Users\marca\.p2\pool\plugins\org.eclipse.justj.openjdk.hotspot.jre.full.win32.x86_64_23.0.2.v20250131-0604\jre\bin\VCRUNTIME140.dll
0x00007ffad1af0000 - 0x00007ffad1b16000 	C:\Windows\System32\win32u.dll
0x00007ffad3dd0000 - 0x00007ffad3df9000 	C:\Windows\System32\GDI32.dll
0x00007ffad19d0000 - 0x00007ffad1aeb000 	C:\Windows\System32\gdi32full.dll
0x00007ffad1ba0000 - 0x00007ffad1c3a000 	C:\Windows\System32\msvcp_win.dll
0x00007ffabc030000 - 0x00007ffabc2c2000 	C:\Windows\WinSxS\amd64_microsoft.windows.common-controls_6595b64144ccf1df_6.0.22621.4830_none_270fe7d773858e80\COMCTL32.dll
0x00007ffad29e0000 - 0x00007ffad2a87000 	C:\Windows\System32\msvcrt.dll
0x00007ffad2230000 - 0x00007ffad2261000 	C:\Windows\System32\IMM32.DLL
0x00007ffabae90000 - 0x00007ffabae9c000 	C:\Users\marca\.p2\pool\plugins\org.eclipse.justj.openjdk.hotspot.jre.full.win32.x86_64_23.0.2.v20250131-0604\jre\bin\vcruntime140_1.dll
0x00007ffa75160000 - 0x00007ffa751ed000 	C:\Users\marca\.p2\pool\plugins\org.eclipse.justj.openjdk.hotspot.jre.full.win32.x86_64_23.0.2.v20250131-0604\jre\bin\msvcp140.dll
0x00007ffa3d710000 - 0x00007ffa3e4de000 	C:\Users\marca\.p2\pool\plugins\org.eclipse.justj.openjdk.hotspot.jre.full.win32.x86_64_23.0.2.v20250131-0604\jre\bin\server\jvm.dll
0x00007ffad2920000 - 0x00007ffad29d1000 	C:\Windows\System32\ADVAPI32.dll
0x00007ffad2180000 - 0x00007ffad2227000 	C:\Windows\System32\sechost.dll
0x00007ffad1770000 - 0x00007ffad1798000 	C:\Windows\System32\bcrypt.dll
0x00007ffad2ef0000 - 0x00007ffad3004000 	C:\Windows\System32\RPCRT4.dll
0x00007ffad1d70000 - 0x00007ffad1de1000 	C:\Windows\System32\WS2_32.dll
0x00007ffad00f0000 - 0x00007ffad013d000 	C:\Windows\SYSTEM32\POWRPROF.dll
0x00007ffac8750000 - 0x00007ffac8784000 	C:\Windows\SYSTEM32\WINMM.dll
0x00007ffac1df0000 - 0x00007ffac1dfa000 	C:\Windows\SYSTEM32\VERSION.dll
0x00007ffad00d0000 - 0x00007ffad00e3000 	C:\Windows\SYSTEM32\UMPDC.dll
0x00007ffad0390000 - 0x00007ffad03a8000 	C:\Windows\SYSTEM32\kernel.appcore.dll
0x00007ffacac40000 - 0x00007ffacac4a000 	C:\Users\marca\.p2\pool\plugins\org.eclipse.justj.openjdk.hotspot.jre.full.win32.x86_64_23.0.2.v20250131-0604\jre\bin\jimage.dll
0x00007ffaceb40000 - 0x00007ffaced72000 	C:\Windows\SYSTEM32\DBGHELP.DLL
0x00007ffad3a40000 - 0x00007ffad3dd0000 	C:\Windows\System32\combase.dll
0x00007ffad3eb0000 - 0x00007ffad3f87000 	C:\Windows\System32\OLEAUT32.dll
0x00007ffab0400000 - 0x00007ffab0432000 	C:\Windows\SYSTEM32\dbgcore.DLL
0x00007ffad1b20000 - 0x00007ffad1b9b000 	C:\Windows\System32\bcryptPrimitives.dll
0x00007ffac2700000 - 0x00007ffac271e000 	C:\Users\marca\.p2\pool\plugins\org.eclipse.justj.openjdk.hotspot.jre.full.win32.x86_64_23.0.2.v20250131-0604\jre\bin\java.dll
0x00007ffad2270000 - 0x00007ffad2411000 	C:\Windows\System32\ole32.dll
0x00007ffad31c0000 - 0x00007ffad3a38000 	C:\Windows\System32\SHELL32.dll
0x00007ffacf180000 - 0x00007ffacfa90000 	C:\Windows\SYSTEM32\windows.storage.dll
0x00007ffacf040000 - 0x00007ffacf17f000 	C:\Windows\SYSTEM32\wintypes.dll
0x00007ffad2b80000 - 0x00007ffad2c8a000 	C:\Windows\System32\SHCORE.dll
0x00007ffad2c90000 - 0x00007ffad2cee000 	C:\Windows\System32\shlwapi.dll
0x00007ffad11b0000 - 0x00007ffad11db000 	C:\Windows\SYSTEM32\profapi.dll
0x00007ffacab90000 - 0x00007ffacaba0000 	C:\Users\marca\.p2\pool\plugins\org.eclipse.justj.openjdk.hotspot.jre.full.win32.x86_64_23.0.2.v20250131-0604\jre\bin\net.dll
0x00007ffad0830000 - 0x00007ffad089a000 	C:\Windows\system32\mswsock.dll
0x00007ffab6e60000 - 0x00007ffab6e76000 	C:\Users\marca\.p2\pool\plugins\org.eclipse.justj.openjdk.hotspot.jre.full.win32.x86_64_23.0.2.v20250131-0604\jre\bin\nio.dll
0x00007ffabbc50000 - 0x00007ffabbc67000 	C:\Users\marca\.p2\pool\plugins\org.eclipse.justj.openjdk.hotspot.jre.full.win32.x86_64_23.0.2.v20250131-0604\jre\bin\zip.dll
0x00007ffa55200000 - 0x00007ffa5538d000 	C:\Users\marca\.p2\pool\plugins\org.eclipse.justj.openjdk.hotspot.jre.full.win32.x86_64_23.0.2.v20250131-0604\jre\bin\awt.dll
0x00007ffacaff0000 - 0x00007ffacb087000 	C:\Windows\SYSTEM32\apphelp.dll
0x00007fface3c0000 - 0x00007fface3eb000 	C:\Windows\system32\DWMAPI.DLL
0x00007fface180000 - 0x00007fface231000 	C:\Windows\system32\uxtheme.dll
0x00007ffab5cb0000 - 0x00007ffab5db0000 	C:\Windows\system32\opengl32.dll
0x00007ffab5610000 - 0x00007ffab563d000 	C:\Windows\SYSTEM32\GLU32.dll
0x00007fface270000 - 0x00007fface2a7000 	C:\Windows\SYSTEM32\dxcore.dll
0x00007ffad1e60000 - 0x00007ffad1fbf000 	C:\Windows\System32\MSCTF.dll
0x00007ffa6c780000 - 0x00007ffa6c807000 	C:\Users\marca\.p2\pool\plugins\org.eclipse.justj.openjdk.hotspot.jre.full.win32.x86_64_23.0.2.v20250131-0604\jre\bin\freetype.dll
0x00007ffa55030000 - 0x00007ffa55108000 	C:\Users\marca\.p2\pool\plugins\org.eclipse.justj.openjdk.hotspot.jre.full.win32.x86_64_23.0.2.v20250131-0604\jre\bin\fontmanager.dll
0x00007ffac2b70000 - 0x00007ffac2cb6000 	C:\Windows\SYSTEM32\textinputframework.dll
0x00007ffab57f0000 - 0x00007ffab5859000 	C:\Windows\system32\Oleacc.dll
0x00007ffad1cc0000 - 0x00007ffad1d70000 	C:\Windows\System32\clbcatq.dll
0x00007ffac3740000 - 0x00007ffac378b000 	C:\Windows\system32\ApplicationTargetedFeatureDatabase.dll
0x00007ffac6c10000 - 0x00007ffac6eb5000 	C:\Windows\System32\twinapi.appcore.dll
0x00007ffacac50000 - 0x00007ffacad85000 	C:\Windows\SYSTEM32\CoreMessaging.dll
0x00007ffac7c10000 - 0x00007ffac7f7c000 	C:\Windows\SYSTEM32\CoreUIComponents.dll
0x00007ffad0aa0000 - 0x00007ffad0aac000 	C:\Windows\SYSTEM32\CRYPTBASE.DLL
0x00007ffabcfc0000 - 0x00007ffabd071000 	C:\Windows\SYSTEM32\TextShaping.dll

dbghelp: loaded successfully - version: 4.0.5 - missing functions: none
symbol engine: initialized successfully - sym options: 0x614 - pdb path: .;C:\Users\marca\.p2\pool\plugins\org.eclipse.justj.openjdk.hotspot.jre.full.win32.x86_64_23.0.2.v20250131-0604\jre\bin;C:\Windows\SYSTEM32;C:\Windows\WinSxS\amd64_microsoft.windows.common-controls_6595b64144ccf1df_6.0.22621.4830_none_270fe7d773858e80;C:\Users\marca\.p2\pool\plugins\org.eclipse.justj.openjdk.hotspot.jre.full.win32.x86_64_23.0.2.v20250131-0604\jre\bin\server

VM Arguments:
jvm_args: -Dfile.encoding=UTF-8 -Dstdout.encoding=UTF-8 -Dstderr.encoding=UTF-8 --module-path=C:\Users\marca\git\repository2\github.com\DiegoCareaga946\PROGRAMACION_TM_4TOSEM\Aplicacion\Aplicacion\Aplicacion\bin -XX:+ShowCodeDetailsInExceptionMessages -Djdk.module.main=Aplicacion 
java_command: Aplicacion/JuegoGato.JuegoGato_Window
java_class_path (initial): <not set>
Launcher Type: SUN_STANDARD

[Global flags]
     intx CICompilerCount                          = 3                                         {product} {ergonomic}
     uint ConcGCThreads                            = 1                                         {product} {ergonomic}
     uint G1ConcRefinementThreads                  = 4                                         {product} {ergonomic}
   size_t G1HeapRegionSize                         = 1048576                                   {product} {ergonomic}
   size_t InitialHeapSize                          = 132120576                                 {product} {ergonomic}
   size_t MarkStackSize                            = 4194304                                   {product} {ergonomic}
   size_t MarkStackSizeMax                         = 536870912                                 {product} {ergonomic}
   size_t MaxHeapSize                              = 2090860544                                {product} {ergonomic}
   size_t MaxNewSize                               = 1254096896                                {product} {ergonomic}
   size_t MinHeapDeltaBytes                        = 1048576                                   {product} {ergonomic}
   size_t MinHeapSize                              = 8388608                                   {product} {ergonomic}
    uintx NonNMethodCodeHeapSize                   = 5832704                                {pd product} {ergonomic}
    uintx NonProfiledCodeHeapSize                  = 122945536                              {pd product} {ergonomic}
    uintx ProfiledCodeHeapSize                     = 122880000                              {pd product} {ergonomic}
    uintx ReservedCodeCacheSize                    = 251658240                              {pd product} {ergonomic}
     bool SegmentedCodeCache                       = true                                      {product} {ergonomic}
     bool ShowCodeDetailsInExceptionMessages       = true                                   {manageable} {command line}
   size_t SoftMaxHeapSize                          = 2090860544                             {manageable} {ergonomic}
     bool UseCompressedOops                        = true                           {product lp64_product} {ergonomic}
     bool UseG1GC                                  = true                                      {product} {ergonomic}
     bool UseLargePagesIndividualAllocation        = false                                  {pd product} {ergonomic}

Logging:
Log output configuration:
 #0: stdout all=warning uptime,level,tags foldmultilines=false
 #1: stderr all=off uptime,level,tags foldmultilines=false

Environment Variables:
PATH=C:/Users/marca/.p2/pool/plugins/org.eclipse.justj.openjdk.hotspot.jre.full.win32.x86_64_23.0.2.v20250131-0604/jre/bin/server;C:/Users/marca/.p2/pool/plugins/org.eclipse.justj.openjdk.hotspot.jre.full.win32.x86_64_23.0.2.v20250131-0604/jre/bin;C:\Program Files (x86)\Common Files\Oracle\Java\javapath;C:\Windows\system32;C:\Windows;C:\Windows\System32\Wbem;C:\Windows\System32\WindowsPowerShell\v1.0\;C:\Windows\System32\OpenSSH\;C:\Program Files\dotnet\;C:\Program Files\MATLAB\R2024b\bin;C:\Users\marca\AppData\Local\Microsoft\WindowsApps;;C:\Users\marca\AppData\Local\Programs\Microsoft VS Code\bin;C:\Users\marca\.dotnet\tools;C:\Users\marca\Desktop;
USERNAME=marca
OS=Windows_NT
PROCESSOR_IDENTIFIER=Intel64 Family 6 Model 140 Stepping 1, GenuineIntel
TMP=C:\Users\marca\AppData\Local\Temp
TEMP=C:\Users\marca\AppData\Local\Temp




Periodic native trim disabled

---------------  S Y S T E M  ---------------

OS:
 Windows 11 , 64 bit Build 22621 (10.0.22621.4830)
OS uptime: 34 days 12:58 hours
Hyper-V role detected

CPU: total 4 (initial active 4) (2 cores per cpu, 2 threads per core) family 6 model 140 stepping 1 microcode 0x8a, cx8, cmov, fxsr, ht, mmx, 3dnowpref, sse, sse2, sse3, ssse3, sse4.1, sse4.2, popcnt, lzcnt, tsc, tscinvbit, avx, avx2, aes, erms, clmul, bmi1, bmi2, adx, avx512f, avx512dq, avx512cd, avx512bw, avx512vl, sha, fma, vzeroupper, avx512_vpopcntdq, avx512_vpclmulqdq, avx512_vaes, avx512_vnni, clflush, clflushopt, clwb, avx512_vbmi2, avx512_vbmi, hv, rdtscp, rdpid, fsrm, gfni, avx512_bitalg, f16c, cet_ibt, cet_ss, avx512_ifma
Processor Information for the first 4 processors :
  Max Mhz: 2995, Current Mhz: 2995, Mhz Limit: 2995

Memory: 4k page, system-wide physical 7971M (207M free)
TotalPageFile size 32547M (AvailPageFile size 12M)
current process WorkingSet (physical memory assigned to process): 20M, peak: 98M
current process commit charge ("private bytes"): 216M, peak: 226M

vm_info: OpenJDK 64-Bit Server VM (23.0.2+7) for windows-amd64 JRE (23.0.2+7), built on 2025-01-21T00:00:00Z with MS VC++ 17.7 (VS2022)

END.
