#
# A fatal error has been detected by the Java Runtime Environment:
#
#  EXCEPTION_ACCESS_VIOLATION (0xc0000005) at pc=0x00007ffad1285af8, pid=10324, tid=17656
#
# JRE version: OpenJDK Runtime Environment Temurin-23.0.2+7 (23.0.2+7) (build 23.0.2+7)
# Java VM: OpenJDK 64-Bit Server VM Temurin-23.0.2+7 (23.0.2+7, mixed mode, sharing, tiered, compressed oops, compressed class ptrs, g1 gc, windows-amd64)
# Problematic frame:
# C  [ucrtbase.dll+0x5af8]
#
# No core dump will be written. Minidumps are not enabled by default on client versions of Windows
#
# If you would like to submit a bug report, please visit:
#   https://github.com/adoptium/adoptium-support/issues
#

---------------  S U M M A R Y ------------

Command Line: -Dfile.encoding=UTF-8 -Dstdout.encoding=UTF-8 -Dstderr.encoding=UTF-8 --module-path=C:\Users\marca\git\repository2\github.com\DiegoCareaga946\PROGRAMACION_TM_4TOSEM\Aplicacion\Aplicacion\Aplicacion\bin -XX:+ShowCodeDetailsInExceptionMessages -Djdk.module.main=Aplicacion Aplicacion/JuegoGato.JuegoGato_Window

Host: 11th Gen Intel(R) Core(TM) i3-1115G4 @ 3.00GHz, 4 cores, 7G,  Windows 11 , 64 bit Build 22621 (10.0.22621.4830)
Time: Mon Mar 24 21:34:30 2025 Hora de ver. Pacífico (México) elapsed time: 52919.533350 seconds (0d 14h 41m 59s)

---------------  T H R E A D  ---------------

Current thread (0x00000282bef9e480):  JavaThread "C1 CompilerThread0" daemon [_thread_in_native, id=17656, stack(0x000000bdce900000,0x000000bdcea00000) (1024K)]


Current CompileTask:
C1:52919536 1554       3       java.util.IdentityHashMap$ValueIterator::next (12 bytes)

Stack: [0x000000bdce900000,0x000000bdcea00000],  sp=0x000000bdce9fd6f0,  free space=1013k
Native frames: (J=compiled Java code, j=interpreted, Vv=VM code, C=native code)
C  [ucrtbase.dll+0x5af8]  (no source info available)
C  [ucrtbase.dll+0x61ec]  (no source info available)
C  [ucrtbase.dll+0x532d]  (no source info available)
C  [ucrtbase.dll+0x51d4]  (no source info available)
C  [ucrtbase.dll+0x3403]  (no source info available)
C  [ucrtbase.dll+0x332b]  (no source info available)
C  [ucrtbase.dll+0x32db]  (no source info available)
C  [awt.dll+0x74c4d]  (no source info available)


siginfo: EXCEPTION_ACCESS_VIOLATION (0xc0000005), writing address 0x0000000000000000


Registers:
RAX=0x00000282a540f26a, RBX=0x00007ffad137f550, RCX=0x0000000000000000, RDX=0x00000282a540f360
RSP=0x000000bdce9fd6f0, RBP=0x0000000000000000, RSI=0x000000bdce9fdd30, RDI=0x0000000000000000
R8 =0x000000bdce9fdd30, R9 =0x0000000000002282, R10=0x0000000000000002, R11=0x00007ffad1380990
R12=0x00000282bef0deb0, R13=0x000000bdce9fefd0, R14=0x000000bdce9fdc50, R15=0x00007ffad135c530
RIP=0x00007ffad1285af8, EFLAGS=0x0000000000010246


Register to memory mapping:

RAX=0x00000282a540f26a points into unknown readable memory: 00 00 00 00 00 00
RBX=0x00007ffad137f550 ucrtbase.dll
RCX=0x0 is null
RDX=0x00000282a540f360 points into unknown readable memory: 0xffffffffffffffff | ff ff ff ff ff ff ff ff
RSP=0x000000bdce9fd6f0 is pointing into the stack for thread: 0x00000282bef9e480
RBP=0x0 is null
RSI=0x000000bdce9fdd30 is pointing into the stack for thread: 0x00000282bef9e480
RDI=0x0 is null
R8 =0x000000bdce9fdd30 is pointing into the stack for thread: 0x00000282bef9e480
R9 =0x0000000000002282 is an unknown value
R10=0x0000000000000002 is an unknown value
R11=0x00007ffad1380990 ucrtbase.dll
R12=0x00000282bef0deb0 points into unknown readable memory: 0x00007ffa3e132580 | 80 25 13 3e fa 7f 00 00
R13=0x000000bdce9fefd0 is pointing into the stack for thread: 0x00000282bef9e480
R14=0x000000bdce9fdc50 is pointing into the stack for thread: 0x00000282bef9e480
R15=0x00007ffad135c530 ucrtbase.dll

Top of Stack: (sp=0x000000bdce9fd6f0)
0x000000bdce9fd6f0:   0000000000000000 00007ffa3d8ae61a
0x000000bdce9fd700:   0000000000000000 0000000000000004
0x000000bdce9fd710:   000000bdce9fdd30 00007ffad12861ec
0x000000bdce9fd720:   00000000ffffff6a 00007ffad137f550
0x000000bdce9fd730:   0000000000000000 000000000000006a
0x000000bdce9fd740:   000000bdce9fdd30 00007ffad128532d
0x000000bdce9fd750:   000000bdce9fd7f0 00000000ffffffff
0x000000bdce9fd760:   0000028305965164 000000bdce9fde40
0x000000bdce9fd770:   0000028305965128 00007ffad12851d4
0x000000bdce9fd780:   0000000000000000 0000000000000162
0x000000bdce9fd790:   00000000fffffffe 00000000ffffffff
0x000000bdce9fd7a0:   00000283040bc300 0000000000000193
0x000000bdce9fd7b0:   000000bdce9fdd30 00007ffad137f550
0x000000bdce9fd7c0:   0000000000000000 00007ffad1283403
0x000000bdce9fd7d0:   000000bdce9fdda0 000000bdce9fd8d0
0x000000bdce9fd7e0:   000000bdce9fdd00 000000bdce9fd830
0x000000bdce9fd7f0:   0000000000000024 000000bdce9fdd30
0x000000bdce9fd800:   00007ffa55311659 000000bdce9fdde0
0x000000bdce9fd810:   0000000000000000 0000000000000000
0x000000bdce9fd820:   0000028300000000 0000000000006a00
0x000000bdce9fd830:   0000028305965018 0000020000000000
0x000000bdce9fd840:   0000000000000000 00007ffa00000000
0x000000bdce9fd850:   0000000000000000 0000000000000000
0x000000bdce9fd860:   0000000000000192 0000000000000000
0x000000bdce9fd870:   00000283040bc730 000000bdce9fefd0
0x000000bdce9fd880:   00007ffa3e3c5bd0 00000283041a0020
0x000000bdce9fd890:   0000000000000000 00000283040bc730
0x000000bdce9fd8a0:   00007ffa3e3c5bd0 00007ffa3d8a7d29
0x000000bdce9fd8b0:   00000283041a0020 00007ffa3e3c5bd0
0x000000bdce9fd8c0:   00000283041a0020 00007ffad4023967
0x000000bdce9fd8d0:   00007ffa3e13ae68 000000bdce9fe850
0x000000bdce9fd8e0:   0000028305968258 00007ffa3e3c5bd0 

Instructions: (pc=0x00007ffad1285af8)
0x00007ffad12859f8:   89 03 89 7b 10 8b 43 14 90 a8 04 75 11 8b 43 14
0x00007ffad1285a08:   90 83 e0 41 3c 41 0f 84 cc 75 05 00 eb 05 f0 83
0x00007ffad1285a18:   63 14 fc 8b 4b 18 4c 8b ce 44 8b c5 49 8b d6 90
0x00007ffad1285a28:   e8 fb dd ff ff 48 83 f8 ff 40 0f 95 c7 8d 47 ff
0x00007ffad1285a38:   48 8b 5c 24 30 48 8b 6c 24 38 48 8b 74 24 40 48
0x00007ffad1285a48:   8b 7c 24 48 48 83 c4 20 41 5e c3 41 c6 41 30 01
0x00007ffad1285a58:   83 c8 ff 41 c7 41 2c 16 00 00 00 eb d3 cc cc cc
0x00007ffad1285a68:   cc cc cc cc 48 8b c4 48 89 58 10 48 89 68 18 48
0x00007ffad1285a78:   89 70 20 88 48 08 57 48 83 ec 20 48 8b ca 49 8b
0x00007ffad1285a88:   f0 48 8b da e8 9f 21 00 00 8b 4b 14 90 4c 63 d0
0x00007ffad1285a98:   f6 c1 c0 74 75 8b 3b 33 ed 48 8b 53 08 2b 7b 08
0x00007ffad1285aa8:   48 8d 42 01 48 89 03 8b 43 20 ff c8 89 43 10 85
0x00007ffad1285ab8:   ff 7f 72 41 8d 42 02 83 f8 01 76 7b 49 8b ca 48
0x00007ffad1285ac8:   8d 15 c2 ae 0f 00 49 8b c2 48 c1 f8 06 83 e1 3f
0x00007ffad1285ad8:   48 8b 04 c2 48 8d 0c c9 48 8d 14 c8 f6 42 38 20
0x00007ffad1285ae8:   0f 85 b6 16 05 00 48 8b 4b 08 3b ef 8a 44 24 30
0x00007ffad1285af8:   88 01 0f 94 c0 48 8b 5c 24 38 48 8b 6c 24 40 48
0x00007ffad1285b08:   8b 74 24 48 48 83 c4 20 5f c3 4c 8b ce 48 8d 54
0x00007ffad1285b18:   24 30 41 b8 01 00 00 00 41 8b ca e8 7c 28 01 00
0x00007ffad1285b28:   83 f8 01 eb cd 4c 8b ce 44 8b c7 41 8b ca e8 69
0x00007ffad1285b38:   28 01 00 8b e8 eb af 48 8d 15 ea a0 0f 00 eb 9c
0x00007ffad1285b48:   cc cc cc cc cc cc cc cc 48 89 5c 24 08 48 89 74
0x00007ffad1285b58:   24 10 57 48 83 ec 20 48 8d 59 08 48 8b f9 48 8b
0x00007ffad1285b68:   cb e8 52 02 00 00 8b d0 83 f8 ff 74 3c 0f b6 47
0x00007ffad1285b78:   38 3b d0 75 2c 0f b6 f2 e8 bb 23 00 00 45 33 c0
0x00007ffad1285b88:   66 44 39 04 70 0f 8c 67 74 05 00 41 b0 01 41 8a
0x00007ffad1285b98:   c0 48 8b 5c 24 30 48 8b 74 24 38 48 83 c4 20 5f
0x00007ffad1285ba8:   c3 48 8b cb e8 b3 ea ff ff 32 c0 eb e4 cc cc cc
0x00007ffad1285bb8:   cc cc cc cc 48 89 5c 24 08 48 89 6c 24 10 48 89
0x00007ffad1285bc8:   74 24 18 57 41 54 41 55 41 56 41 57 48 83 ec 40
0x00007ffad1285bd8:   4c 8b f9 45 0f b6 e9 48 8b ca 41 8b e8 48 8b f2
0x00007ffad1285be8:   e8 17 e7 ff ff 33 ff 84 c0 0f 84 fb 74 05 00 8d 


Stack slot to memory mapping:

stack at sp + 0 slots: 0x0 is null
stack at sp + 1 slots: 0x00007ffa3d8ae61a jvm.dll
stack at sp + 2 slots: 0x0 is null
stack at sp + 3 slots: 0x0000000000000004 is an unknown value
stack at sp + 4 slots: 0x000000bdce9fdd30 is pointing into the stack for thread: 0x00000282bef9e480
stack at sp + 5 slots: 0x00007ffad12861ec ucrtbase.dll
stack at sp + 6 slots: 0x00000000ffffff6a is an unallocated location in the heap
stack at sp + 7 slots: 0x00007ffad137f550 ucrtbase.dll

Lock stack of current Java thread (top to bottom):


---------------  P R O C E S S  ---------------

Threads class SMR info:
_java_thread_list=0x0000028305a96000, length=15, elements={
0x00000282bef299d0, 0x00000282bef2b4d0, 0x00000282bef2f270, 0x00000282bef31dd0,
0x00000282bef32920, 0x00000282bef33470, 0x00000282bef342f0, 0x00000282bef9e480,
0x0000028304073a80, 0x0000028304154670, 0x000002830430ce20, 0x0000028304316e10,
0x0000028304312f70, 0x0000028304370040, 0x00000282a542e120
}

Java Threads: ( => current thread )
  0x00000282bef299d0 JavaThread "Reference Handler"          daemon [_thread_blocked, id=15596, stack(0x000000bdce200000,0x000000bdce300000) (1024K)]
  0x00000282bef2b4d0 JavaThread "Finalizer"                  daemon [_thread_blocked, id=27848, stack(0x000000bdce300000,0x000000bdce400000) (1024K)]
  0x00000282bef2f270 JavaThread "Signal Dispatcher"          daemon [_thread_blocked, id=36896, stack(0x000000bdce400000,0x000000bdce500000) (1024K)]
  0x00000282bef31dd0 JavaThread "Attach Listener"            daemon [_thread_blocked, id=43684, stack(0x000000bdce500000,0x000000bdce600000) (1024K)]
  0x00000282bef32920 JavaThread "Service Thread"             daemon [_thread_blocked, id=47216, stack(0x000000bdce600000,0x000000bdce700000) (1024K)]
  0x00000282bef33470 JavaThread "Monitor Deflation Thread"   daemon [_thread_blocked, id=47556, stack(0x000000bdce700000,0x000000bdce800000) (1024K)]
  0x00000282bef342f0 JavaThread "C2 CompilerThread0"         daemon [_thread_blocked, id=7120, stack(0x000000bdce800000,0x000000bdce900000) (1024K)]
=>0x00000282bef9e480 JavaThread "C1 CompilerThread0"         daemon [_thread_in_native, id=17656, stack(0x000000bdce900000,0x000000bdcea00000) (1024K)]
  0x0000028304073a80 JavaThread "Common-Cleaner"             daemon [_thread_blocked, id=9608, stack(0x000000bdcea00000,0x000000bdceb00000) (1024K)]
  0x0000028304154670 JavaThread "Notification Thread"        daemon [_thread_blocked, id=53428, stack(0x000000bdceb00000,0x000000bdcec00000) (1024K)]
  0x000002830430ce20 JavaThread "Java2D Disposer"            daemon [_thread_blocked, id=10964, stack(0x000000bdcec00000,0x000000bdced00000) (1024K)]
  0x0000028304316e10 JavaThread "AWT-Shutdown"                      [_thread_blocked, id=19060, stack(0x000000bdced00000,0x000000bdcee00000) (1024K)]
  0x0000028304312f70 JavaThread "AWT-Windows"                daemon [_thread_in_native, id=28068, stack(0x000000bdcee00000,0x000000bdcef00000) (1024K)]
  0x0000028304370040 JavaThread "AWT-EventQueue-0"                  [_thread_in_native, id=28832, stack(0x000000bdcf100000,0x000000bdcf200000) (1024K)]
  0x00000282a542e120 JavaThread "DestroyJavaVM"                     [_thread_blocked, id=16800, stack(0x000000bdcda00000,0x000000bdcdb00000) (1024K)]
Total: 15

Other Threads:
  0x00000282bef0e690 VMThread "VM Thread"                           [id=11084, stack(0x000000bdce100000,0x000000bdce200000) (1024K)]
  0x00000282beef8b10 WatcherThread "VM Periodic Task Thread"        [id=15488, stack(0x000000bdce000000,0x000000bdce100000) (1024K)]
  0x00000282a767e1f0 WorkerThread "GC Thread#0"                     [id=40540, stack(0x000000bdcdb00000,0x000000bdcdc00000) (1024K)]
  0x0000028305a56800 WorkerThread "GC Thread#1"                     [id=49280, stack(0x000000bdcf200000,0x000000bdcf300000) (1024K)]
  0x0000028305a56bb0 WorkerThread "GC Thread#2"                     [id=5432, stack(0x000000bdcf400000,0x000000bdcf500000) (1024K)]
  0x0000028306fd4010 WorkerThread "GC Thread#3"                     [id=1232, stack(0x000000bdcf500000,0x000000bdcf600000) (1024K)]
  0x00000282a76929d0 ConcurrentGCThread "G1 Main Marker"            [id=23528, stack(0x000000bdcdc00000,0x000000bdcdd00000) (1024K)]
  0x00000282a7695e40 WorkerThread "G1 Conc#0"                       [id=48172, stack(0x000000bdcdd00000,0x000000bdcde00000) (1024K)]
  0x00000282bedcd120 ConcurrentGCThread "G1 Refine#0"               [id=28296, stack(0x000000bdcde00000,0x000000bdcdf00000) (1024K)]
  0x00000282bedce500 ConcurrentGCThread "G1 Service"                [id=36412, stack(0x000000bdcdf00000,0x000000bdce000000) (1024K)]
Total: 10

Threads with active compile tasks:
C1 CompilerThread0  52919596 1554       3       java.util.IdentityHashMap$ValueIterator::next (12 bytes)
Total: 1

VM state: not at safepoint (normal execution)

VM Mutex/Monitor currently owned by a thread: None

Heap address: 0x0000000083600000, size: 1994 MB, Compressed Oops mode: 32-bit

CDS archive(s) mapped at: [0x00000282bf000000-0x00000282bfd70000-0x00000282bfd70000), size 14090240, SharedBaseAddress: 0x00000282bf000000, ArchiveRelocationMode: 1.
Compressed class space mapped at: 0x00000282c0000000-0x0000028300000000, reserved size: 1073741824
Narrow klass base: 0x00000282bf000000, Narrow klass shift: 0, Narrow klass range: 0x41000000

GC Precious Log:
 CardTable entry size: 512
 Card Set container configuration: InlinePtr #cards 5 size 8 Array Of Cards #cards 10 size 36 Howl #buckets 4 coarsen threshold 1843 Howl Bitmap #cards 512 size 80 coarsen threshold 460 Card regions per heap region 1 cards per card region 2048
 CPUs: 4 total, 4 available
 Memory: 7971M
 Large Page Support: Disabled
 NUMA Support: Disabled
 Compressed Oops: Enabled (32-bit)
 Heap Region Size: 1M
 Heap Min Capacity: 8M
 Heap Initial Capacity: 126M
 Heap Max Capacity: 1994M
 Pre-touch: Disabled
 Parallel Workers: 4
 Concurrent Workers: 1
 Concurrent Refinement Workers: 4
 Periodic GC: Disabled

Heap:
 garbage-first heap   total reserved 2041856K, committed 129024K, used 13177K [0x0000000083600000, 0x0000000100000000)
  region size 1024K, 11 young (11264K), 2 survivors (2048K)
 Metaspace       used 8128K, committed 8384K, reserved 1114112K
  class space    used 890K, committed 1024K, reserved 1048576K

Heap Regions: E=young(eden), S=young(survivor), O=old, HS=humongous(starts), HC=humongous(continues), CS=collection set, F=free, TAMS=top-at-mark-start, PB=parsable bottom
|   0|0x0000000083600000, 0x0000000083700000, 0x0000000083700000|100%|HS|  |TAMS 0x0000000083600000| PB 0x0000000083600000| Complete |  0
|   1|0x0000000083700000, 0x0000000083800000, 0x0000000083800000|100%|HC|  |TAMS 0x0000000083700000| PB 0x0000000083700000| Complete |  0
|   2|0x0000000083800000, 0x0000000083900000, 0x0000000083900000|100%|HC|  |TAMS 0x0000000083800000| PB 0x0000000083800000| Complete |  0
|   3|0x0000000083900000, 0x00000000839de640, 0x0000000083a00000| 86%| O|  |TAMS 0x0000000083900000| PB 0x0000000083900000| Untracked |  0
|   4|0x0000000083a00000, 0x0000000083a00000, 0x0000000083b00000|  0%| F|  |TAMS 0x0000000083a00000| PB 0x0000000083a00000| Untracked |  0
|   5|0x0000000083b00000, 0x0000000083b00000, 0x0000000083c00000|  0%| F|  |TAMS 0x0000000083b00000| PB 0x0000000083b00000| Untracked |  0
|   6|0x0000000083c00000, 0x0000000083c00000, 0x0000000083d00000|  0%| F|  |TAMS 0x0000000083c00000| PB 0x0000000083c00000| Untracked |  0
|   7|0x0000000083d00000, 0x0000000083d00000, 0x0000000083e00000|  0%| F|  |TAMS 0x0000000083d00000| PB 0x0000000083d00000| Untracked |  0
|   8|0x0000000083e00000, 0x0000000083e00000, 0x0000000083f00000|  0%| F|  |TAMS 0x0000000083e00000| PB 0x0000000083e00000| Untracked |  0
|   9|0x0000000083f00000, 0x0000000083f00000, 0x0000000084000000|  0%| F|  |TAMS 0x0000000083f00000| PB 0x0000000083f00000| Untracked |  0
|  10|0x0000000084000000, 0x0000000084000000, 0x0000000084100000|  0%| F|  |TAMS 0x0000000084000000| PB 0x0000000084000000| Untracked |  0
|  11|0x0000000084100000, 0x0000000084100000, 0x0000000084200000|  0%| F|  |TAMS 0x0000000084100000| PB 0x0000000084100000| Untracked |  0
|  12|0x0000000084200000, 0x0000000084200000, 0x0000000084300000|  0%| F|  |TAMS 0x0000000084200000| PB 0x0000000084200000| Untracked |  0
|  13|0x0000000084300000, 0x0000000084300000, 0x0000000084400000|  0%| F|  |TAMS 0x0000000084300000| PB 0x0000000084300000| Untracked |  0
|  14|0x0000000084400000, 0x0000000084400000, 0x0000000084500000|  0%| F|  |TAMS 0x0000000084400000| PB 0x0000000084400000| Untracked |  0
|  15|0x0000000084500000, 0x0000000084500000, 0x0000000084600000|  0%| F|  |TAMS 0x0000000084500000| PB 0x0000000084500000| Untracked |  0
|  16|0x0000000084600000, 0x0000000084600000, 0x0000000084700000|  0%| F|  |TAMS 0x0000000084600000| PB 0x0000000084600000| Untracked |  0
|  17|0x0000000084700000, 0x0000000084700000, 0x0000000084800000|  0%| F|  |TAMS 0x0000000084700000| PB 0x0000000084700000| Untracked |  0
|  18|0x0000000084800000, 0x0000000084800000, 0x0000000084900000|  0%| F|  |TAMS 0x0000000084800000| PB 0x0000000084800000| Untracked |  0
|  19|0x0000000084900000, 0x0000000084900000, 0x0000000084a00000|  0%| F|  |TAMS 0x0000000084900000| PB 0x0000000084900000| Untracked |  0
|  20|0x0000000084a00000, 0x0000000084a00000, 0x0000000084b00000|  0%| F|  |TAMS 0x0000000084a00000| PB 0x0000000084a00000| Untracked |  0
|  21|0x0000000084b00000, 0x0000000084b00000, 0x0000000084c00000|  0%| F|  |TAMS 0x0000000084b00000| PB 0x0000000084b00000| Untracked |  0
|  22|0x0000000084c00000, 0x0000000084c00000, 0x0000000084d00000|  0%| F|  |TAMS 0x0000000084c00000| PB 0x0000000084c00000| Untracked |  0
|  23|0x0000000084d00000, 0x0000000084d00000, 0x0000000084e00000|  0%| F|  |TAMS 0x0000000084d00000| PB 0x0000000084d00000| Untracked |  0
|  24|0x0000000084e00000, 0x0000000084e00000, 0x0000000084f00000|  0%| F|  |TAMS 0x0000000084e00000| PB 0x0000000084e00000| Untracked |  0
|  25|0x0000000084f00000, 0x0000000084f00000, 0x0000000085000000|  0%| F|  |TAMS 0x0000000084f00000| PB 0x0000000084f00000| Untracked |  0
|  26|0x0000000085000000, 0x0000000085000000, 0x0000000085100000|  0%| F|  |TAMS 0x0000000085000000| PB 0x0000000085000000| Untracked |  0
|  27|0x0000000085100000, 0x0000000085100000, 0x0000000085200000|  0%| F|  |TAMS 0x0000000085100000| PB 0x0000000085100000| Untracked |  0
|  28|0x0000000085200000, 0x0000000085200000, 0x0000000085300000|  0%| F|  |TAMS 0x0000000085200000| PB 0x0000000085200000| Untracked |  0
|  29|0x0000000085300000, 0x0000000085300000, 0x0000000085400000|  0%| F|  |TAMS 0x0000000085300000| PB 0x0000000085300000| Untracked |  0
|  30|0x0000000085400000, 0x0000000085400000, 0x0000000085500000|  0%| F|  |TAMS 0x0000000085400000| PB 0x0000000085400000| Untracked |  0
|  31|0x0000000085500000, 0x0000000085500000, 0x0000000085600000|  0%| F|  |TAMS 0x0000000085500000| PB 0x0000000085500000| Untracked |  0
|  32|0x0000000085600000, 0x0000000085600000, 0x0000000085700000|  0%| F|  |TAMS 0x0000000085600000| PB 0x0000000085600000| Untracked |  0
|  33|0x0000000085700000, 0x0000000085700000, 0x0000000085800000|  0%| F|  |TAMS 0x0000000085700000| PB 0x0000000085700000| Untracked |  0
|  34|0x0000000085800000, 0x0000000085800000, 0x0000000085900000|  0%| F|  |TAMS 0x0000000085800000| PB 0x0000000085800000| Untracked |  0
|  35|0x0000000085900000, 0x0000000085900000, 0x0000000085a00000|  0%| F|  |TAMS 0x0000000085900000| PB 0x0000000085900000| Untracked |  0
|  36|0x0000000085a00000, 0x0000000085a00000, 0x0000000085b00000|  0%| F|  |TAMS 0x0000000085a00000| PB 0x0000000085a00000| Untracked |  0
|  37|0x0000000085b00000, 0x0000000085b00000, 0x0000000085c00000|  0%| F|  |TAMS 0x0000000085b00000| PB 0x0000000085b00000| Untracked |  0
|  38|0x0000000085c00000, 0x0000000085c00000, 0x0000000085d00000|  0%| F|  |TAMS 0x0000000085c00000| PB 0x0000000085c00000| Untracked |  0
|  39|0x0000000085d00000, 0x0000000085d00000, 0x0000000085e00000|  0%| F|  |TAMS 0x0000000085d00000| PB 0x0000000085d00000| Untracked |  0
|  40|0x0000000085e00000, 0x0000000085e00000, 0x0000000085f00000|  0%| F|  |TAMS 0x0000000085e00000| PB 0x0000000085e00000| Untracked |  0
|  41|0x0000000085f00000, 0x0000000085f00000, 0x0000000086000000|  0%| F|  |TAMS 0x0000000085f00000| PB 0x0000000085f00000| Untracked |  0
|  42|0x0000000086000000, 0x0000000086000000, 0x0000000086100000|  0%| F|  |TAMS 0x0000000086000000| PB 0x0000000086000000| Untracked |  0
|  43|0x0000000086100000, 0x0000000086100000, 0x0000000086200000|  0%| F|  |TAMS 0x0000000086100000| PB 0x0000000086100000| Untracked |  0
|  44|0x0000000086200000, 0x0000000086200000, 0x0000000086300000|  0%| F|  |TAMS 0x0000000086200000| PB 0x0000000086200000| Untracked |  0
|  45|0x0000000086300000, 0x0000000086300000, 0x0000000086400000|  0%| F|  |TAMS 0x0000000086300000| PB 0x0000000086300000| Untracked |  0
|  46|0x0000000086400000, 0x0000000086400000, 0x0000000086500000|  0%| F|  |TAMS 0x0000000086400000| PB 0x0000000086400000| Untracked |  0
|  47|0x0000000086500000, 0x0000000086500000, 0x0000000086600000|  0%| F|  |TAMS 0x0000000086500000| PB 0x0000000086500000| Untracked |  0
|  48|0x0000000086600000, 0x0000000086600000, 0x0000000086700000|  0%| F|  |TAMS 0x0000000086600000| PB 0x0000000086600000| Untracked |  0
|  49|0x0000000086700000, 0x0000000086700000, 0x0000000086800000|  0%| F|  |TAMS 0x0000000086700000| PB 0x0000000086700000| Untracked |  0
|  50|0x0000000086800000, 0x0000000086800000, 0x0000000086900000|  0%| F|  |TAMS 0x0000000086800000| PB 0x0000000086800000| Untracked |  0
|  51|0x0000000086900000, 0x0000000086900000, 0x0000000086a00000|  0%| F|  |TAMS 0x0000000086900000| PB 0x0000000086900000| Untracked |  0
|  52|0x0000000086a00000, 0x0000000086a00000, 0x0000000086b00000|  0%| F|  |TAMS 0x0000000086a00000| PB 0x0000000086a00000| Untracked |  0
|  53|0x0000000086b00000, 0x0000000086b00000, 0x0000000086c00000|  0%| F|  |TAMS 0x0000000086b00000| PB 0x0000000086b00000| Untracked |  0
|  54|0x0000000086c00000, 0x0000000086c00000, 0x0000000086d00000|  0%| F|  |TAMS 0x0000000086c00000| PB 0x0000000086c00000| Untracked |  0
|  55|0x0000000086d00000, 0x0000000086d00000, 0x0000000086e00000|  0%| F|  |TAMS 0x0000000086d00000| PB 0x0000000086d00000| Untracked |  0
|  56|0x0000000086e00000, 0x0000000086e00000, 0x0000000086f00000|  0%| F|  |TAMS 0x0000000086e00000| PB 0x0000000086e00000| Untracked |  0
|  57|0x0000000086f00000, 0x0000000086f00000, 0x0000000087000000|  0%| F|  |TAMS 0x0000000086f00000| PB 0x0000000086f00000| Untracked |  0
|  58|0x0000000087000000, 0x0000000087000000, 0x0000000087100000|  0%| F|  |TAMS 0x0000000087000000| PB 0x0000000087000000| Untracked |  0
|  59|0x0000000087100000, 0x0000000087100000, 0x0000000087200000|  0%| F|  |TAMS 0x0000000087100000| PB 0x0000000087100000| Untracked |  0
|  60|0x0000000087200000, 0x0000000087200000, 0x0000000087300000|  0%| F|  |TAMS 0x0000000087200000| PB 0x0000000087200000| Untracked |  0
|  61|0x0000000087300000, 0x0000000087300000, 0x0000000087400000|  0%| F|  |TAMS 0x0000000087300000| PB 0x0000000087300000| Untracked |  0
|  62|0x0000000087400000, 0x0000000087400000, 0x0000000087500000|  0%| F|  |TAMS 0x0000000087400000| PB 0x0000000087400000| Untracked |  0
|  63|0x0000000087500000, 0x0000000087500000, 0x0000000087600000|  0%| F|  |TAMS 0x0000000087500000| PB 0x0000000087500000| Untracked |  0
|  64|0x0000000087600000, 0x0000000087600000, 0x0000000087700000|  0%| F|  |TAMS 0x0000000087600000| PB 0x0000000087600000| Untracked |  0
|  65|0x0000000087700000, 0x0000000087700000, 0x0000000087800000|  0%| F|  |TAMS 0x0000000087700000| PB 0x0000000087700000| Untracked |  0
|  66|0x0000000087800000, 0x0000000087800000, 0x0000000087900000|  0%| F|  |TAMS 0x0000000087800000| PB 0x0000000087800000| Untracked |  0
|  67|0x0000000087900000, 0x0000000087900000, 0x0000000087a00000|  0%| F|  |TAMS 0x0000000087900000| PB 0x0000000087900000| Untracked |  0
|  68|0x0000000087a00000, 0x0000000087a00000, 0x0000000087b00000|  0%| F|  |TAMS 0x0000000087a00000| PB 0x0000000087a00000| Untracked |  0
|  69|0x0000000087b00000, 0x0000000087b00000, 0x0000000087c00000|  0%| F|  |TAMS 0x0000000087b00000| PB 0x0000000087b00000| Untracked |  0
|  70|0x0000000087c00000, 0x0000000087c00000, 0x0000000087d00000|  0%| F|  |TAMS 0x0000000087c00000| PB 0x0000000087c00000| Untracked |  0
|  71|0x0000000087d00000, 0x0000000087d00000, 0x0000000087e00000|  0%| F|  |TAMS 0x0000000087d00000| PB 0x0000000087d00000| Untracked |  0
|  72|0x0000000087e00000, 0x0000000087e00000, 0x0000000087f00000|  0%| F|  |TAMS 0x0000000087e00000| PB 0x0000000087e00000| Untracked |  0
|  73|0x0000000087f00000, 0x0000000087f00000, 0x0000000088000000|  0%| F|  |TAMS 0x0000000087f00000| PB 0x0000000087f00000| Untracked |  0
|  74|0x0000000088000000, 0x0000000088000000, 0x0000000088100000|  0%| F|  |TAMS 0x0000000088000000| PB 0x0000000088000000| Untracked |  0
|  75|0x0000000088100000, 0x0000000088100000, 0x0000000088200000|  0%| F|  |TAMS 0x0000000088100000| PB 0x0000000088100000| Untracked |  0
|  76|0x0000000088200000, 0x0000000088200000, 0x0000000088300000|  0%| F|  |TAMS 0x0000000088200000| PB 0x0000000088200000| Untracked |  0
|  77|0x0000000088300000, 0x0000000088300000, 0x0000000088400000|  0%| F|  |TAMS 0x0000000088300000| PB 0x0000000088300000| Untracked |  0
|  78|0x0000000088400000, 0x0000000088400000, 0x0000000088500000|  0%| F|  |TAMS 0x0000000088400000| PB 0x0000000088400000| Untracked |  0
|  79|0x0000000088500000, 0x0000000088500000, 0x0000000088600000|  0%| F|  |TAMS 0x0000000088500000| PB 0x0000000088500000| Untracked |  0
|  80|0x0000000088600000, 0x0000000088600000, 0x0000000088700000|  0%| F|  |TAMS 0x0000000088600000| PB 0x0000000088600000| Untracked |  0
|  81|0x0000000088700000, 0x0000000088700000, 0x0000000088800000|  0%| F|  |TAMS 0x0000000088700000| PB 0x0000000088700000| Untracked |  0
|  82|0x0000000088800000, 0x0000000088800000, 0x0000000088900000|  0%| F|  |TAMS 0x0000000088800000| PB 0x0000000088800000| Untracked |  0
|  83|0x0000000088900000, 0x0000000088900000, 0x0000000088a00000|  0%| F|  |TAMS 0x0000000088900000| PB 0x0000000088900000| Untracked |  0
|  84|0x0000000088a00000, 0x0000000088a00000, 0x0000000088b00000|  0%| F|  |TAMS 0x0000000088a00000| PB 0x0000000088a00000| Untracked |  0
|  85|0x0000000088b00000, 0x0000000088b00000, 0x0000000088c00000|  0%| F|  |TAMS 0x0000000088b00000| PB 0x0000000088b00000| Untracked |  0
|  86|0x0000000088c00000, 0x0000000088c00000, 0x0000000088d00000|  0%| F|  |TAMS 0x0000000088c00000| PB 0x0000000088c00000| Untracked |  0
|  87|0x0000000088d00000, 0x0000000088d00000, 0x0000000088e00000|  0%| F|  |TAMS 0x0000000088d00000| PB 0x0000000088d00000| Untracked |  0
|  88|0x0000000088e00000, 0x0000000088e00000, 0x0000000088f00000|  0%| F|  |TAMS 0x0000000088e00000| PB 0x0000000088e00000| Untracked |  0
|  89|0x0000000088f00000, 0x0000000088f00000, 0x0000000089000000|  0%| F|  |TAMS 0x0000000088f00000| PB 0x0000000088f00000| Untracked |  0
|  90|0x0000000089000000, 0x0000000089000000, 0x0000000089100000|  0%| F|  |TAMS 0x0000000089000000| PB 0x0000000089000000| Untracked |  0
|  91|0x0000000089100000, 0x0000000089100000, 0x0000000089200000|  0%| F|  |TAMS 0x0000000089100000| PB 0x0000000089100000| Untracked |  0
|  92|0x0000000089200000, 0x0000000089200000, 0x0000000089300000|  0%| F|  |TAMS 0x0000000089200000| PB 0x0000000089200000| Untracked |  0
|  93|0x0000000089300000, 0x0000000089300000, 0x0000000089400000|  0%| F|  |TAMS 0x0000000089300000| PB 0x0000000089300000| Untracked |  0
|  94|0x0000000089400000, 0x0000000089400000, 0x0000000089500000|  0%| F|  |TAMS 0x0000000089400000| PB 0x0000000089400000| Untracked |  0
|  95|0x0000000089500000, 0x0000000089500000, 0x0000000089600000|  0%| F|  |TAMS 0x0000000089500000| PB 0x0000000089500000| Untracked |  0
|  96|0x0000000089600000, 0x0000000089600000, 0x0000000089700000|  0%| F|  |TAMS 0x0000000089600000| PB 0x0000000089600000| Untracked |  0
|  97|0x0000000089700000, 0x0000000089700000, 0x0000000089800000|  0%| F|  |TAMS 0x0000000089700000| PB 0x0000000089700000| Untracked |  0
|  98|0x0000000089800000, 0x0000000089800000, 0x0000000089900000|  0%| F|  |TAMS 0x0000000089800000| PB 0x0000000089800000| Untracked |  0
|  99|0x0000000089900000, 0x0000000089900000, 0x0000000089a00000|  0%| F|  |TAMS 0x0000000089900000| PB 0x0000000089900000| Untracked |  0
| 100|0x0000000089a00000, 0x0000000089a00000, 0x0000000089b00000|  0%| F|  |TAMS 0x0000000089a00000| PB 0x0000000089a00000| Untracked |  0
| 101|0x0000000089b00000, 0x0000000089b00000, 0x0000000089c00000|  0%| F|  |TAMS 0x0000000089b00000| PB 0x0000000089b00000| Untracked |  0
| 102|0x0000000089c00000, 0x0000000089c00000, 0x0000000089d00000|  0%| F|  |TAMS 0x0000000089c00000| PB 0x0000000089c00000| Untracked |  0
| 103|0x0000000089d00000, 0x0000000089d00000, 0x0000000089e00000|  0%| F|  |TAMS 0x0000000089d00000| PB 0x0000000089d00000| Untracked |  0
| 104|0x0000000089e00000, 0x0000000089e00000, 0x0000000089f00000|  0%| F|  |TAMS 0x0000000089e00000| PB 0x0000000089e00000| Untracked |  0
| 105|0x0000000089f00000, 0x0000000089f00000, 0x000000008a000000|  0%| F|  |TAMS 0x0000000089f00000| PB 0x0000000089f00000| Untracked |  0
| 106|0x000000008a000000, 0x000000008a000000, 0x000000008a100000|  0%| F|  |TAMS 0x000000008a000000| PB 0x000000008a000000| Untracked |  0
| 107|0x000000008a100000, 0x000000008a100000, 0x000000008a200000|  0%| F|  |TAMS 0x000000008a100000| PB 0x000000008a100000| Untracked |  0
| 108|0x000000008a200000, 0x000000008a200000, 0x000000008a300000|  0%| F|  |TAMS 0x000000008a200000| PB 0x000000008a200000| Untracked |  0
| 109|0x000000008a300000, 0x000000008a300000, 0x000000008a400000|  0%| F|  |TAMS 0x000000008a300000| PB 0x000000008a300000| Untracked |  0
| 110|0x000000008a400000, 0x000000008a500000, 0x000000008a500000|100%| S|CS|TAMS 0x000000008a400000| PB 0x000000008a400000| Complete |  0
| 111|0x000000008a500000, 0x000000008a600000, 0x000000008a600000|100%| S|CS|TAMS 0x000000008a500000| PB 0x000000008a500000| Complete |  0
| 112|0x000000008a600000, 0x000000008a600000, 0x000000008a700000|  0%| F|  |TAMS 0x000000008a600000| PB 0x000000008a600000| Untracked |  0
| 113|0x000000008a700000, 0x000000008a700000, 0x000000008a800000|  0%| F|  |TAMS 0x000000008a700000| PB 0x000000008a700000| Untracked |  0
| 114|0x000000008a800000, 0x000000008a800000, 0x000000008a900000|  0%| F|  |TAMS 0x000000008a800000| PB 0x000000008a800000| Untracked |  0
| 115|0x000000008a900000, 0x000000008a900000, 0x000000008aa00000|  0%| F|  |TAMS 0x000000008a900000| PB 0x000000008a900000| Untracked |  0
| 116|0x000000008aa00000, 0x000000008aa00000, 0x000000008ab00000|  0%| F|  |TAMS 0x000000008aa00000| PB 0x000000008aa00000| Untracked |  0
| 117|0x000000008ab00000, 0x000000008ab9d628, 0x000000008ac00000| 61%| E|  |TAMS 0x000000008ab00000| PB 0x000000008ab00000| Complete |  0
| 118|0x000000008ac00000, 0x000000008ad00000, 0x000000008ad00000|100%| E|CS|TAMS 0x000000008ac00000| PB 0x000000008ac00000| Complete |  0
| 119|0x000000008ad00000, 0x000000008ae00000, 0x000000008ae00000|100%| E|  |TAMS 0x000000008ad00000| PB 0x000000008ad00000| Complete |  0
| 120|0x000000008ae00000, 0x000000008af00000, 0x000000008af00000|100%| E|CS|TAMS 0x000000008ae00000| PB 0x000000008ae00000| Complete |  0
| 121|0x000000008af00000, 0x000000008b000000, 0x000000008b000000|100%| E|CS|TAMS 0x000000008af00000| PB 0x000000008af00000| Complete |  0
| 122|0x000000008b000000, 0x000000008b100000, 0x000000008b100000|100%| E|CS|TAMS 0x000000008b000000| PB 0x000000008b000000| Complete |  0
| 123|0x000000008b100000, 0x000000008b200000, 0x000000008b200000|100%| E|CS|TAMS 0x000000008b100000| PB 0x000000008b100000| Complete |  0
| 124|0x000000008b200000, 0x000000008b300000, 0x000000008b300000|100%| E|CS|TAMS 0x000000008b200000| PB 0x000000008b200000| Complete |  0
| 125|0x000000008b300000, 0x000000008b400000, 0x000000008b400000|100%| E|CS|TAMS 0x000000008b300000| PB 0x000000008b300000| Complete |  0

Card table byte_map: [0x00000282ba750000,0x00000282bab40000] _byte_map_base: 0x00000282ba335000

Marking Bits: (CMBitMap*) 0x00000282a767e900
 Bits: [0x00000282bab40000, 0x00000282bca68000)

Polling page: 0x00000282a6df0000

Metaspace:

Usage:
  Non-class:      7.07 MB used.
      Class:    890.80 KB used.
       Both:      7.94 MB used.

Virtual space:
  Non-class space:       64.00 MB reserved,       7.19 MB ( 11%) committed,  1 nodes.
      Class space:        1.00 GB reserved,       1.00 MB ( <1%) committed,  1 nodes.
             Both:        1.06 GB reserved,       8.19 MB ( <1%) committed. 

Chunk freelists:
   Non-Class:  8.46 MB
       Class:  15.03 MB
        Both:  23.49 MB

MaxMetaspaceSize: unlimited
CompressedClassSpaceSize: 1.00 GB
Initial GC threshold: 21.00 MB
Current GC threshold: 21.00 MB
CDS: on
 - commit_granule_bytes: 65536.
 - commit_granule_words: 8192.
 - virtual_space_node_default_size: 8388608.
 - enlarge_chunks_in_place: 1.
 - use_allocation_guard: 0.


Internal statistics:

num_allocs_failed_limit: 0.
num_arena_births: 162.
num_arena_deaths: 0.
num_vsnodes_births: 2.
num_vsnodes_deaths: 0.
num_space_committed: 131.
num_space_uncommitted: 0.
num_chunks_returned_to_freelist: 0.
num_chunks_taken_from_freelist: 209.
num_chunk_merges: 0.
num_chunk_splits: 122.
num_chunks_enlarged: 49.
num_inconsistent_stats: 0.

CodeHeap 'non-profiled nmethods': size=120064Kb used=547Kb max_used=547Kb free=119516Kb
 bounds [0x00000282b2e20000, 0x00000282b3090000, 0x00000282ba360000]
CodeHeap 'profiled nmethods': size=120000Kb used=2117Kb max_used=2117Kb free=117882Kb
 bounds [0x00000282ab360000, 0x00000282ab5d0000, 0x00000282b2890000]
CodeHeap 'non-nmethods': size=5696Kb used=1671Kb max_used=1693Kb free=4024Kb
 bounds [0x00000282b2890000, 0x00000282b2b00000, 0x00000282b2e20000]
CodeCache: size=245760Kb, used=4335Kb, max_used=4357Kb, free=241422Kb
 total_blobs=2164, nmethods=1550, adapters=520, full_count=0
Compilation: enabled, stopped_count=0, restarted_count=0

Compilation events (20 events):
Event: 13705.753 Thread 0x00000282bef342f0 nmethod 1544 0x00000282b2ea7d08 code [0x00000282b2ea7e00, 0x00000282b2ea8040]
Event: 15011.430 Thread 0x00000282bef9e480 1545  s    3       sun.awt.windows.WDesktopProperties::setIntegerProperty (57 bytes)
Event: 15011.443 Thread 0x00000282bef9e480 nmethod 1545 0x00000282ab56cc08 code [0x00000282ab56cdc0, 0x00000282ab56d6f8]
Event: 15011.443 Thread 0x00000282bef9e480 1546       3       java.awt.Color::equals (27 bytes)
Event: 15011.444 Thread 0x00000282bef9e480 nmethod 1546 0x00000282ab56d788 code [0x00000282ab56d8c0, 0x00000282ab56dd28]
Event: 15350.129 Thread 0x00000282bef9e480 1547       3       java.awt.Color::testColorValueRange (121 bytes)
Event: 15350.129 Thread 0x00000282bef9e480 nmethod 1547 0x00000282ab56dd88 code [0x00000282ab56df20, 0x00000282ab56e4e8]
Event: 15367.491 Thread 0x00000282bef342f0 1548       4       java.util.HashMap$HashIterator::hasNext (13 bytes)
Event: 15367.493 Thread 0x00000282bef342f0 nmethod 1548 0x00000282b2ea8088 code [0x00000282b2ea8180, 0x00000282b2ea8200]
Event: 52422.169 Thread 0x00000282bef9e480 1549       3       java.util.concurrent.locks.LockSupport::setBlocker (12 bytes)
Event: 52422.177 Thread 0x00000282bef9e480 nmethod 1549 0x00000282ab56e508 code [0x00000282ab56e620, 0x00000282ab56e828]
Event: 52746.120 Thread 0x00000282bef9e480 1550       3       java.lang.invoke.MethodHandleNatives::canBeCalledVirtual (49 bytes)
Event: 52746.186 Thread 0x00000282bef9e480 nmethod 1550 0x00000282ab56e888 code [0x00000282ab56ea00, 0x00000282ab56ee78]
Event: 52746.307 Thread 0x00000282bef9e480 1551       3       java.awt.geom.AffineTransform::equals (104 bytes)
Event: 52746.777 Thread 0x00000282bef9e480 nmethod 1551 0x00000282ab56ef08 code [0x00000282ab56f120, 0x00000282ab5705b8]
Event: 52747.769 Thread 0x00000282bef342f0 1552  s    4       sun.java2d.loops.GraphicsPrimitiveMgr::locatePrim (95 bytes)
Event: 52747.791 Thread 0x00000282bef9e480 1553       3       java.beans.PropertyChangeSupport::firePropertyChange (81 bytes)
Event: 52747.796 Thread 0x00000282bef342f0 nmethod 1552 0x00000282b2ea8388 code [0x00000282b2ea84e0, 0x00000282b2ea8e70]
Event: 52747.797 Thread 0x00000282bef9e480 nmethod 1553 0x00000282ab570608 code [0x00000282ab5707e0, 0x00000282ab571588]
Event: 52919.489 Thread 0x00000282bef9e480 1554       3       java.util.IdentityHashMap$ValueIterator::next (12 bytes)

GC Heap History (2 events):
Event: 6.413 GC heap before
{Heap before GC invocations=0 (full 0):
 garbage-first heap   total reserved 2041856K, committed 129024K, used 16384K [0x0000000083600000, 0x0000000100000000)
  region size 1024K, 14 young (14336K), 0 survivors (0K)
 Metaspace       used 7366K, committed 7552K, reserved 1114112K
  class space    used 813K, committed 896K, reserved 1048576K
}
Event: 6.417 GC heap after
{Heap after GC invocations=1 (full 0):
 garbage-first heap   total reserved 2041856K, committed 129024K, used 6009K [0x0000000083600000, 0x0000000100000000)
  region size 1024K, 2 young (2048K), 2 survivors (2048K)
 Metaspace       used 7366K, committed 7552K, reserved 1114112K
  class space    used 813K, committed 896K, reserved 1048576K
}

Dll operation events (9 events):
Event: 0.019 Loaded shared library C:\Users\marca\.p2\pool\plugins\org.eclipse.justj.openjdk.hotspot.jre.full.win32.x86_64_23.0.2.v20250131-0604\jre\bin\java.dll
Event: 0.145 Loaded shared library C:\Users\marca\.p2\pool\plugins\org.eclipse.justj.openjdk.hotspot.jre.full.win32.x86_64_23.0.2.v20250131-0604\jre\bin\net.dll
Event: 0.147 Loaded shared library C:\Users\marca\.p2\pool\plugins\org.eclipse.justj.openjdk.hotspot.jre.full.win32.x86_64_23.0.2.v20250131-0604\jre\bin\nio.dll
Event: 0.149 Loaded shared library C:\Users\marca\.p2\pool\plugins\org.eclipse.justj.openjdk.hotspot.jre.full.win32.x86_64_23.0.2.v20250131-0604\jre\bin\zip.dll
Event: 0.243 Loaded shared library C:\Users\marca\.p2\pool\plugins\org.eclipse.justj.openjdk.hotspot.jre.full.win32.x86_64_23.0.2.v20250131-0604\jre\bin\jimage.dll
Event: 0.279 Loaded shared library C:\Users\marca\.p2\pool\plugins\org.eclipse.justj.openjdk.hotspot.jre.full.win32.x86_64_23.0.2.v20250131-0604\jre\bin\awt.dll
Event: 0.529 Loaded shared library C:\Users\marca\.p2\pool\plugins\org.eclipse.justj.openjdk.hotspot.jre.full.win32.x86_64_23.0.2.v20250131-0604\jre\bin\zip.dll
Event: 0.625 Loaded shared library C:\Users\marca\.p2\pool\plugins\org.eclipse.justj.openjdk.hotspot.jre.full.win32.x86_64_23.0.2.v20250131-0604\jre\bin\freetype.dll
Event: 0.626 Loaded shared library C:\Users\marca\.p2\pool\plugins\org.eclipse.justj.openjdk.hotspot.jre.full.win32.x86_64_23.0.2.v20250131-0604\jre\bin\fontmanager.dll

Deoptimization events (20 events):
Event: 10.563 Thread 0x00000283043b5f90 DEOPT PACKING pc=0x00000282ab538255 sp=0x000000bdceffeff0
Event: 10.563 Thread 0x00000283043b5f90 DEOPT UNPACKING pc=0x00000282b28e84c2 sp=0x000000bdceffe460 mode 0
Event: 10.564 Thread 0x00000283043b5f90 DEOPT PACKING pc=0x00000282ab538255 sp=0x000000bdceffeff0
Event: 10.564 Thread 0x00000283043b5f90 DEOPT UNPACKING pc=0x00000282b28e84c2 sp=0x000000bdceffe460 mode 0
Event: 10.564 Thread 0x00000283043b5f90 DEOPT PACKING pc=0x00000282ab538255 sp=0x000000bdceffeff0
Event: 10.564 Thread 0x00000283043b5f90 DEOPT UNPACKING pc=0x00000282b28e84c2 sp=0x000000bdceffe460 mode 0
Event: 12.082 Thread 0x0000028304370040 Uncommon trap: trap_request=0xffffffde fr.pc=0x00000282b2e3c818 relative=0x0000000000000198
Event: 12.082 Thread 0x0000028304370040 Uncommon trap: reason=class_check action=maybe_recompile pc=0x00000282b2e3c818 method=java.lang.String.equals(Ljava/lang/Object;)Z @ 8 c2
Event: 12.082 Thread 0x0000028304370040 DEOPT PACKING pc=0x00000282b2e3c818 sp=0x000000bdcf1fcd00
Event: 12.082 Thread 0x0000028304370040 DEOPT UNPACKING pc=0x00000282b28e7982 sp=0x000000bdcf1fcc88 mode 2
Event: 12.082 Thread 0x0000028304370040 Uncommon trap: trap_request=0xffffffde fr.pc=0x00000282b2e3c818 relative=0x0000000000000198
Event: 12.082 Thread 0x0000028304370040 Uncommon trap: reason=class_check action=maybe_recompile pc=0x00000282b2e3c818 method=java.lang.String.equals(Ljava/lang/Object;)Z @ 8 c2
Event: 12.082 Thread 0x0000028304370040 DEOPT PACKING pc=0x00000282b2e3c818 sp=0x000000bdcf1fcc70
Event: 12.082 Thread 0x0000028304370040 DEOPT UNPACKING pc=0x00000282b28e7982 sp=0x000000bdcf1fcc08 mode 2
Event: 12.082 Thread 0x0000028304370040 Uncommon trap: trap_request=0xffffffde fr.pc=0x00000282b2e3c818 relative=0x0000000000000198
Event: 12.082 Thread 0x0000028304370040 Uncommon trap: reason=class_check action=maybe_recompile pc=0x00000282b2e3c818 method=java.lang.String.equals(Ljava/lang/Object;)Z @ 8 c2
Event: 12.082 Thread 0x0000028304370040 DEOPT PACKING pc=0x00000282b2e3c818 sp=0x000000bdcf1fcbe0
Event: 12.082 Thread 0x0000028304370040 DEOPT UNPACKING pc=0x00000282b28e7982 sp=0x000000bdcf1fcb78 mode 2
Event: 52747.769 Thread 0x0000028304370040 DEOPT PACKING pc=0x00000282ab479830 sp=0x000000bdcf1fdff0
Event: 52747.770 Thread 0x0000028304370040 DEOPT UNPACKING pc=0x00000282b28e84c2 sp=0x000000bdcf1fd4f0 mode 0

Classes loaded (20 events):
Event: 10.550 Loading class java/awt/WaitDispatchSupport$4
Event: 10.550 Loading class java/awt/WaitDispatchSupport$4 done
Event: 10.551 Loading class sun/awt/ModalExclude
Event: 10.551 Loading class sun/awt/ModalExclude done
Event: 12.083 Loading class java/awt/KeyboardFocusManager$2
Event: 12.083 Loading class java/awt/KeyboardFocusManager$2 done
Event: 12.083 Loading class sun/awt/SunToolkit$1
Event: 12.084 Loading class sun/awt/SunToolkit$1 done
Event: 12.096 Loading class java/awt/Window$1DisposeAction
Event: 12.097 Loading class java/awt/Window$1DisposeAction done
Event: 27576.452 Loading class java/awt/desktop/SystemSleepListener
Event: 27576.712 Loading class java/awt/desktop/SystemEventListener
Event: 27576.724 Loading class java/awt/desktop/SystemEventListener done
Event: 27576.734 Loading class java/awt/desktop/SystemSleepListener done
Event: 52746.237 Loading class java/util/WeakHashMap$KeyIterator
Event: 52746.247 Loading class java/util/WeakHashMap$HashIterator
Event: 52746.257 Loading class java/util/WeakHashMap$HashIterator done
Event: 52746.257 Loading class java/util/WeakHashMap$KeyIterator done
Event: 52746.307 Loading class javax/swing/RepaintManager$DisplayChangedRunnable
Event: 52747.618 Loading class javax/swing/RepaintManager$DisplayChangedRunnable done

Classes unloaded (0 events):
No events

Classes redefined (0 events):
No events

Internal exceptions (16 events):
Event: 0.166 Thread 0x00000282a542e120 Exception <a 'java/lang/NoSuchMethodError'{0x000000008b245048}: 'void java.lang.invoke.DirectMethodHandle$Holder.invokeVirtual(java.lang.Object, java.lang.Object)'> (0x000000008b245048) 
thrown [s\src\hotspot\share\interpreter\linkResolver.cpp, line 796]
Event: 0.171 Thread 0x00000282a542e120 Exception <a 'java/lang/NoSuchMethodError'{0x000000008b2985e0}: 'java.lang.Object java.lang.invoke.DirectMethodHandle$Holder.invokeInterface(java.lang.Object, java.lang.Object, java.lang.Object)'> (0x000000008b2985e0) 
thrown [s\src\hotspot\share\interpreter\linkResolver.cpp, line 796]
Event: 0.247 Thread 0x00000282a542e120 Exception <a 'sun/nio/fs/WindowsException'{0x000000008b189a00}> (0x000000008b189a00) 
thrown [s\src\hotspot\share\prims\jni.cpp, line 520]
Event: 0.256 Thread 0x00000282a542e120 Exception <a 'java/lang/ClassNotFoundException'{0x000000008b1939d8}: sun/awt/resources/spi/awtProvider> (0x000000008b1939d8) 
thrown [s\src\hotspot\share\classfile\systemDictionary.cpp, line 313]
Event: 0.298 Thread 0x00000282a542e120 Exception <a 'java/io/FileNotFoundException'{0x000000008b1e7288}> (0x000000008b1e7288) 
thrown [s\src\hotspot\share\prims\jni.cpp, line 520]
Event: 0.313 Thread 0x00000282a542e120 Exception <a 'java/io/FileNotFoundException'{0x000000008b015b40}> (0x000000008b015b40) 
thrown [s\src\hotspot\share\prims\jni.cpp, line 520]
Event: 0.447 Thread 0x00000282a542e120 Exception <a 'java/lang/NoSuchMethodError'{0x000000008af20b68}: 'void java.lang.invoke.DirectMethodHandle$Holder.invokeSpecial(java.lang.Object, java.lang.Object, java.lang.Object)'> (0x000000008af20b68) 
thrown [s\src\hotspot\share\interpreter\linkResolver.cpp, line 796]
Event: 0.469 Thread 0x00000282a542e120 Exception <a 'java/lang/NoSuchMethodError'{0x000000008af704c8}: 'java.lang.Object java.lang.invoke.DirectMethodHandle$Holder.invokeStatic(java.lang.Object, int, java.lang.Object)'> (0x000000008af704c8) 
thrown [s\src\hotspot\share\interpreter\linkResolver.cpp, line 796]
Event: 0.495 Thread 0x00000282a542e120 Exception <a 'java/lang/ClassNotFoundException'{0x000000008ae17928}: com/sun/swing/internal/plaf/metal/resources/spi/metalProvider> (0x000000008ae17928) 
thrown [s\src\hotspot\share\classfile\systemDictionary.cpp, line 313]
Event: 0.497 Thread 0x00000282a542e120 Exception <a 'java/lang/ClassNotFoundException'{0x000000008ae1c5d0}: com/sun/swing/internal/plaf/basic/resources/spi/basicProvider> (0x000000008ae1c5d0) 
thrown [s\src\hotspot\share\classfile\systemDictionary.cpp, line 313]
Event: 0.515 Thread 0x00000282a542e120 Exception <a 'java/lang/NoSuchMethodError'{0x000000008ae3f308}: 'int java.lang.invoke.Invokers$Holder.invokeExact_MT(java.lang.Object, java.lang.Object)'> (0x000000008ae3f308) 
thrown [s\src\hotspot\share\interpreter\linkResolver.cpp, line 796]
Event: 0.533 Thread 0x00000283043b5f90 Exception <a 'java/lang/NoSuchMethodError'{0x000000008ae64710}: 'java.lang.Object java.lang.invoke.DirectMethodHandle$Holder.newInvokeSpecial(java.lang.Object, java.lang.Object, java.lang.Object, int, int, int, int, int)'> (0x000000008ae64710) 
thrown [s\src\hotspot\share\interpreter\linkResolver.cpp, line 796]
Event: 0.620 Thread 0x00000282a542e120 Exception <a 'java/lang/NoSuchMethodError'{0x000000008ada25e0}: 'void java.lang.invoke.DirectMethodHandle$Holder.invokeStaticInit(java.lang.Object)'> (0x000000008ada25e0) 
thrown [s\src\hotspot\share\interpreter\linkResolver.cpp, line 796]
Event: 0.654 Thread 0x00000282a542e120 Exception <a 'sun/nio/fs/WindowsException'{0x000000008ac357b0}> (0x000000008ac357b0) 
thrown [s\src\hotspot\share\prims\jni.cpp, line 520]
Event: 10.520 Thread 0x0000028304370040 Exception <a 'java/lang/NoSuchMethodError'{0x000000008afd5268}: 'void java.lang.invoke.DirectMethodHandle$Holder.invokeStatic(java.lang.Object, java.lang.Object)'> (0x000000008afd5268) 
thrown [s\src\hotspot\share\interpreter\linkResolver.cpp, line 796]
Event: 10.548 Thread 0x0000028304370040 Exception <a 'java/lang/NoSuchMethodError'{0x000000008afea1a0}: 'int java.lang.invoke.DirectMethodHandle$Holder.invokeStatic(java.lang.Object)'> (0x000000008afea1a0) 
thrown [s\src\hotspot\share\interpreter\linkResolver.cpp, line 796]

VM Operations (20 events):
Event: 15070.508 Executing VM operation: HandshakeAllThreads (HandshakeForDeflation)
Event: 15070.508 Executing VM operation: HandshakeAllThreads (HandshakeForDeflation) done
Event: 15070.511 Executing VM operation: RendezvousGCThreads
Event: 15070.511 Executing VM operation: RendezvousGCThreads done
Event: 15350.270 Executing VM operation: HandshakeAllThreads (HandshakeForDeflation)
Event: 15350.271 Executing VM operation: HandshakeAllThreads (HandshakeForDeflation) done
Event: 15350.271 Executing VM operation: RendezvousGCThreads
Event: 15350.271 Executing VM operation: RendezvousGCThreads done
Event: 15410.349 Executing VM operation: HandshakeAllThreads (HandshakeForDeflation)
Event: 15410.349 Executing VM operation: HandshakeAllThreads (HandshakeForDeflation) done
Event: 15410.349 Executing VM operation: RendezvousGCThreads
Event: 15410.349 Executing VM operation: RendezvousGCThreads done
Event: 51359.079 Executing VM operation: HandshakeAllThreads (HandshakeForDeflation)
Event: 51359.079 Executing VM operation: HandshakeAllThreads (HandshakeForDeflation) done
Event: 51359.079 Executing VM operation: RendezvousGCThreads
Event: 51359.079 Executing VM operation: RendezvousGCThreads done
Event: 52802.455 Executing VM operation: HandshakeAllThreads (HandshakeForDeflation)
Event: 52802.455 Executing VM operation: HandshakeAllThreads (HandshakeForDeflation) done
Event: 52802.455 Executing VM operation: RendezvousGCThreads
Event: 52802.455 Executing VM operation: RendezvousGCThreads done

Memory protections (0 events):
No events

Nmethod flushes (0 events):
No events

Events (20 events):
Event: 0.088 Thread 0x00000282a542e120 Thread added: 0x00000282bef299d0
Event: 0.088 Thread 0x00000282a542e120 Thread added: 0x00000282bef2b4d0
Event: 0.089 Thread 0x00000282a542e120 Thread added: 0x00000282bef2f270
Event: 0.089 Thread 0x00000282a542e120 Thread added: 0x00000282bef31dd0
Event: 0.089 Thread 0x00000282a542e120 Thread added: 0x00000282bef32920
Event: 0.089 Thread 0x00000282a542e120 Thread added: 0x00000282bef33470
Event: 0.089 Thread 0x00000282a542e120 Thread added: 0x00000282bef342f0
Event: 0.100 Thread 0x00000282a542e120 Thread added: 0x00000282bef9e480
Event: 0.137 Thread 0x00000282a542e120 Thread added: 0x0000028304073a80
Event: 0.220 Thread 0x00000282a542e120 Thread added: 0x0000028304154670
Event: 0.396 Thread 0x00000282a542e120 Thread added: 0x000002830430ce20
Event: 0.398 Thread 0x00000282a542e120 Thread added: 0x0000028304316e10
Event: 0.400 Thread 0x00000282a542e120 Thread added: 0x0000028304312f70
Event: 0.525 Thread 0x00000282a542e120 Thread added: 0x00000283043b5f90
Event: 0.562 Thread 0x00000282a542e120 Thread added: 0x00000283043a6eb0
Event: 0.598 Thread 0x0000028304312f70 Thread added: 0x0000028304370040
Event: 0.894 Thread 0x00000282a542e120 Thread exited: 0x00000282a542e120
Event: 0.894 Thread 0x00000282a542e120 Thread added: 0x00000282a542e120
Event: 15.498 Thread 0x00000283043a6eb0 Thread exited: 0x00000283043a6eb0
Event: 15.575 Thread 0x00000283043b5f90 Thread exited: 0x00000283043b5f90


Dynamic libraries:
0x00007ff607c90000 - 0x00007ff607c9e000 	C:\Users\marca\.p2\pool\plugins\org.eclipse.justj.openjdk.hotspot.jre.full.win32.x86_64_23.0.2.v20250131-0604\jre\bin\javaw.exe
0x00007ffad3fd0000 - 0x00007ffad41e7000 	C:\Windows\SYSTEM32\ntdll.dll
0x00007ffad2cf0000 - 0x00007ffad2db4000 	C:\Windows\System32\KERNEL32.DLL
0x00007ffad13a0000 - 0x00007ffad1770000 	C:\Windows\System32\KERNELBASE.dll
0x00007ffad1280000 - 0x00007ffad1391000 	C:\Windows\System32\ucrtbase.dll
0x00007ffaa89d0000 - 0x00007ffaa89e7000 	C:\Users\marca\.p2\pool\plugins\org.eclipse.justj.openjdk.hotspot.jre.full.win32.x86_64_23.0.2.v20250131-0604\jre\bin\jli.dll
0x00007ffad3010000 - 0x00007ffad31be000 	C:\Windows\System32\USER32.dll
0x00007ffad1af0000 - 0x00007ffad1b16000 	C:\Windows\System32\win32u.dll
0x00007ffad3dd0000 - 0x00007ffad3df9000 	C:\Windows\System32\GDI32.dll
0x00007ffad19d0000 - 0x00007ffad1aeb000 	C:\Windows\System32\gdi32full.dll
0x00007ffad1ba0000 - 0x00007ffad1c3a000 	C:\Windows\System32\msvcp_win.dll
0x00007ffaa89b0000 - 0x00007ffaa89ce000 	C:\Users\marca\.p2\pool\plugins\org.eclipse.justj.openjdk.hotspot.jre.full.win32.x86_64_23.0.2.v20250131-0604\jre\bin\VCRUNTIME140.dll
0x00007ffabc030000 - 0x00007ffabc2c2000 	C:\Windows\WinSxS\amd64_microsoft.windows.common-controls_6595b64144ccf1df_6.0.22621.4830_none_270fe7d773858e80\COMCTL32.dll
0x00007ffad29e0000 - 0x00007ffad2a87000 	C:\Windows\System32\msvcrt.dll
0x00007ffad2230000 - 0x00007ffad2261000 	C:\Windows\System32\IMM32.DLL
0x00007ffabae90000 - 0x00007ffabae9c000 	C:\Users\marca\.p2\pool\plugins\org.eclipse.justj.openjdk.hotspot.jre.full.win32.x86_64_23.0.2.v20250131-0604\jre\bin\vcruntime140_1.dll
0x00007ffa75160000 - 0x00007ffa751ed000 	C:\Users\marca\.p2\pool\plugins\org.eclipse.justj.openjdk.hotspot.jre.full.win32.x86_64_23.0.2.v20250131-0604\jre\bin\msvcp140.dll
0x00007ffa3d710000 - 0x00007ffa3e4de000 	C:\Users\marca\.p2\pool\plugins\org.eclipse.justj.openjdk.hotspot.jre.full.win32.x86_64_23.0.2.v20250131-0604\jre\bin\server\jvm.dll
0x00007ffad2920000 - 0x00007ffad29d1000 	C:\Windows\System32\ADVAPI32.dll
0x00007ffad2180000 - 0x00007ffad2227000 	C:\Windows\System32\sechost.dll
0x00007ffad1770000 - 0x00007ffad1798000 	C:\Windows\System32\bcrypt.dll
0x00007ffad2ef0000 - 0x00007ffad3004000 	C:\Windows\System32\RPCRT4.dll
0x00007ffad1d70000 - 0x00007ffad1de1000 	C:\Windows\System32\WS2_32.dll
0x00007ffad00f0000 - 0x00007ffad013d000 	C:\Windows\SYSTEM32\POWRPROF.dll
0x00007ffac8750000 - 0x00007ffac8784000 	C:\Windows\SYSTEM32\WINMM.dll
0x00007ffac1df0000 - 0x00007ffac1dfa000 	C:\Windows\SYSTEM32\VERSION.dll
0x00007ffad00d0000 - 0x00007ffad00e3000 	C:\Windows\SYSTEM32\UMPDC.dll
0x00007ffad0390000 - 0x00007ffad03a8000 	C:\Windows\SYSTEM32\kernel.appcore.dll
0x00007ffacac40000 - 0x00007ffacac4a000 	C:\Users\marca\.p2\pool\plugins\org.eclipse.justj.openjdk.hotspot.jre.full.win32.x86_64_23.0.2.v20250131-0604\jre\bin\jimage.dll
0x00007ffaceb40000 - 0x00007ffaced72000 	C:\Windows\SYSTEM32\DBGHELP.DLL
0x00007ffad3a40000 - 0x00007ffad3dd0000 	C:\Windows\System32\combase.dll
0x00007ffad3eb0000 - 0x00007ffad3f87000 	C:\Windows\System32\OLEAUT32.dll
0x00007ffab0400000 - 0x00007ffab0432000 	C:\Windows\SYSTEM32\dbgcore.DLL
0x00007ffad1b20000 - 0x00007ffad1b9b000 	C:\Windows\System32\bcryptPrimitives.dll
0x00007ffac2700000 - 0x00007ffac271e000 	C:\Users\marca\.p2\pool\plugins\org.eclipse.justj.openjdk.hotspot.jre.full.win32.x86_64_23.0.2.v20250131-0604\jre\bin\java.dll
0x00007ffad2270000 - 0x00007ffad2411000 	C:\Windows\System32\ole32.dll
0x00007ffad31c0000 - 0x00007ffad3a38000 	C:\Windows\System32\SHELL32.dll
0x00007ffacf180000 - 0x00007ffacfa90000 	C:\Windows\SYSTEM32\windows.storage.dll
0x00007ffacf040000 - 0x00007ffacf17f000 	C:\Windows\SYSTEM32\wintypes.dll
0x00007ffad2b80000 - 0x00007ffad2c8a000 	C:\Windows\System32\SHCORE.dll
0x00007ffad2c90000 - 0x00007ffad2cee000 	C:\Windows\System32\shlwapi.dll
0x00007ffad11b0000 - 0x00007ffad11db000 	C:\Windows\SYSTEM32\profapi.dll
0x00007ffacab90000 - 0x00007ffacaba0000 	C:\Users\marca\.p2\pool\plugins\org.eclipse.justj.openjdk.hotspot.jre.full.win32.x86_64_23.0.2.v20250131-0604\jre\bin\net.dll
0x00007ffad0830000 - 0x00007ffad089a000 	C:\Windows\system32\mswsock.dll
0x00007ffab6e60000 - 0x00007ffab6e76000 	C:\Users\marca\.p2\pool\plugins\org.eclipse.justj.openjdk.hotspot.jre.full.win32.x86_64_23.0.2.v20250131-0604\jre\bin\nio.dll
0x00007ffabbc50000 - 0x00007ffabbc67000 	C:\Users\marca\.p2\pool\plugins\org.eclipse.justj.openjdk.hotspot.jre.full.win32.x86_64_23.0.2.v20250131-0604\jre\bin\zip.dll
0x00007ffa55200000 - 0x00007ffa5538d000 	C:\Users\marca\.p2\pool\plugins\org.eclipse.justj.openjdk.hotspot.jre.full.win32.x86_64_23.0.2.v20250131-0604\jre\bin\awt.dll
0x00007ffacaff0000 - 0x00007ffacb087000 	C:\Windows\SYSTEM32\apphelp.dll
0x00007fface3c0000 - 0x00007fface3eb000 	C:\Windows\system32\DWMAPI.DLL
0x00007fface180000 - 0x00007fface231000 	C:\Windows\system32\uxtheme.dll
0x00007ffab5cb0000 - 0x00007ffab5db0000 	C:\Windows\system32\opengl32.dll
0x00007ffab5610000 - 0x00007ffab563d000 	C:\Windows\SYSTEM32\GLU32.dll
0x00007fface270000 - 0x00007fface2a7000 	C:\Windows\SYSTEM32\dxcore.dll
0x00007ffad1e60000 - 0x00007ffad1fbf000 	C:\Windows\System32\MSCTF.dll
0x00007ffa6c780000 - 0x00007ffa6c807000 	C:\Users\marca\.p2\pool\plugins\org.eclipse.justj.openjdk.hotspot.jre.full.win32.x86_64_23.0.2.v20250131-0604\jre\bin\freetype.dll
0x00007ffa55030000 - 0x00007ffa55108000 	C:\Users\marca\.p2\pool\plugins\org.eclipse.justj.openjdk.hotspot.jre.full.win32.x86_64_23.0.2.v20250131-0604\jre\bin\fontmanager.dll
0x00007ffac2b70000 - 0x00007ffac2cb6000 	C:\Windows\SYSTEM32\textinputframework.dll
0x00007ffab57f0000 - 0x00007ffab5859000 	C:\Windows\system32\Oleacc.dll
0x00007ffad1cc0000 - 0x00007ffad1d70000 	C:\Windows\System32\clbcatq.dll
0x00007ffac3740000 - 0x00007ffac378b000 	C:\Windows\system32\ApplicationTargetedFeatureDatabase.dll
0x00007ffac6c10000 - 0x00007ffac6eb5000 	C:\Windows\System32\twinapi.appcore.dll
0x00007ffacac50000 - 0x00007ffacad85000 	C:\Windows\SYSTEM32\CoreMessaging.dll
0x00007ffac7c10000 - 0x00007ffac7f7c000 	C:\Windows\SYSTEM32\CoreUIComponents.dll
0x00007ffad0aa0000 - 0x00007ffad0aac000 	C:\Windows\SYSTEM32\CRYPTBASE.DLL
0x00007ffabcfc0000 - 0x00007ffabd071000 	C:\Windows\SYSTEM32\TextShaping.dll

dbghelp: loaded successfully - version: 4.0.5 - missing functions: none
symbol engine: initialized successfully - sym options: 0x614 - pdb path: .;C:\Users\marca\.p2\pool\plugins\org.eclipse.justj.openjdk.hotspot.jre.full.win32.x86_64_23.0.2.v20250131-0604\jre\bin;C:\Windows\SYSTEM32;C:\Windows\WinSxS\amd64_microsoft.windows.common-controls_6595b64144ccf1df_6.0.22621.4830_none_270fe7d773858e80;C:\Users\marca\.p2\pool\plugins\org.eclipse.justj.openjdk.hotspot.jre.full.win32.x86_64_23.0.2.v20250131-0604\jre\bin\server

VM Arguments:
jvm_args: -Dfile.encoding=UTF-8 -Dstdout.encoding=UTF-8 -Dstderr.encoding=UTF-8 --module-path=C:\Users\marca\git\repository2\github.com\DiegoCareaga946\PROGRAMACION_TM_4TOSEM\Aplicacion\Aplicacion\Aplicacion\bin -XX:+ShowCodeDetailsInExceptionMessages -Djdk.module.main=Aplicacion 
java_command: Aplicacion/JuegoGato.JuegoGato_Window
java_class_path (initial): <not set>
Launcher Type: SUN_STANDARD

[Global flags]
     intx CICompilerCount                          = 3                                         {product} {ergonomic}
     uint ConcGCThreads                            = 1                                         {product} {ergonomic}
     uint G1ConcRefinementThreads                  = 4                                         {product} {ergonomic}
   size_t G1HeapRegionSize                         = 1048576                                   {product} {ergonomic}
   size_t InitialHeapSize                          = 132120576                                 {product} {ergonomic}
   size_t MarkStackSize                            = 4194304                                   {product} {ergonomic}
   size_t MarkStackSizeMax                         = 536870912                                 {product} {ergonomic}
   size_t MaxHeapSize                              = 2090860544                                {product} {ergonomic}
   size_t MaxNewSize                               = 1254096896                                {product} {ergonomic}
   size_t MinHeapDeltaBytes                        = 1048576                                   {product} {ergonomic}
   size_t MinHeapSize                              = 8388608                                   {product} {ergonomic}
    uintx NonNMethodCodeHeapSize                   = 5832704                                {pd product} {ergonomic}
    uintx NonProfiledCodeHeapSize                  = 122945536                              {pd product} {ergonomic}
    uintx ProfiledCodeHeapSize                     = 122880000                              {pd product} {ergonomic}
    uintx ReservedCodeCacheSize                    = 251658240                              {pd product} {ergonomic}
     bool SegmentedCodeCache                       = true                                      {product} {ergonomic}
     bool ShowCodeDetailsInExceptionMessages       = true                                   {manageable} {command line}
   size_t SoftMaxHeapSize                          = 2090860544                             {manageable} {ergonomic}
     bool UseCompressedOops                        = true                           {product lp64_product} {ergonomic}
     bool UseG1GC                                  = true                                      {product} {ergonomic}
     bool UseLargePagesIndividualAllocation        = false                                  {pd product} {ergonomic}

Logging:
Log output configuration:
 #0: stdout all=warning uptime,level,tags foldmultilines=false
 #1: stderr all=off uptime,level,tags foldmultilines=false

Environment Variables:
PATH=C:/Users/marca/.p2/pool/plugins/org.eclipse.justj.openjdk.hotspot.jre.full.win32.x86_64_23.0.2.v20250131-0604/jre/bin/server;C:/Users/marca/.p2/pool/plugins/org.eclipse.justj.openjdk.hotspot.jre.full.win32.x86_64_23.0.2.v20250131-0604/jre/bin;C:\Program Files (x86)\Common Files\Oracle\Java\javapath;C:\Windows\system32;C:\Windows;C:\Windows\System32\Wbem;C:\Windows\System32\WindowsPowerShell\v1.0\;C:\Windows\System32\OpenSSH\;C:\Program Files\dotnet\;C:\Program Files\MATLAB\R2024b\bin;C:\Users\marca\AppData\Local\Microsoft\WindowsApps;;C:\Users\marca\AppData\Local\Programs\Microsoft VS Code\bin;C:\Users\marca\.dotnet\tools;C:\Users\marca\Desktop;
USERNAME=marca
OS=Windows_NT
PROCESSOR_IDENTIFIER=Intel64 Family 6 Model 140 Stepping 1, GenuineIntel
TMP=C:\Users\marca\AppData\Local\Temp
TEMP=C:\Users\marca\AppData\Local\Temp




Periodic native trim disabled

---------------  S Y S T E M  ---------------

OS:
 Windows 11 , 64 bit Build 22621 (10.0.22621.4830)
OS uptime: 34 days 12:58 hours
Hyper-V role detected

CPU: total 4 (initial active 4) (2 cores per cpu, 2 threads per core) family 6 model 140 stepping 1 microcode 0x8a, cx8, cmov, fxsr, ht, mmx, 3dnowpref, sse, sse2, sse3, ssse3, sse4.1, sse4.2, popcnt, lzcnt, tsc, tscinvbit, avx, avx2, aes, erms, clmul, bmi1, bmi2, adx, avx512f, avx512dq, avx512cd, avx512bw, avx512vl, sha, fma, vzeroupper, avx512_vpopcntdq, avx512_vpclmulqdq, avx512_vaes, avx512_vnni, clflush, clflushopt, clwb, avx512_vbmi2, avx512_vbmi, hv, rdtscp, rdpid, fsrm, gfni, avx512_bitalg, f16c, cet_ibt, cet_ss, avx512_ifma
Processor Information for the first 4 processors :
  Max Mhz: 2995, Current Mhz: 2995, Mhz Limit: 2995

Memory: 4k page, system-wide physical 7971M (389M free)
TotalPageFile size 32547M (AvailPageFile size 0M)
current process WorkingSet (physical memory assigned to process): 22M, peak: 91M
current process commit charge ("private bytes"): 215M, peak: 225M

vm_info: OpenJDK 64-Bit Server VM (23.0.2+7) for windows-amd64 JRE (23.0.2+7), built on 2025-01-21T00:00:00Z with MS VC++ 17.7 (VS2022)

END.
