#
# There is insufficient memory for the Java Runtime Environment to continue.
# Native memory allocation (malloc) failed to allocate 32744 bytes. Error detail: Chunk::new
# Possible reasons:
#   The system is out of physical RAM or swap space
#   This process is running with CompressedOops enabled, and the Java Heap may be blocking the growth of the native heap
# Possible solutions:
#   Reduce memory load on the system
#   Increase physical memory or swap space
#   Check if swap backing store is full
#   Decrease Java heap size (-Xmx/-Xms)
#   Decrease number of Java threads
#   Decrease Java thread stack sizes (-Xss)
#   Set larger code cache with -XX:ReservedCodeCacheSize=
#   JVM is running with Unscaled Compressed Oops mode in which the Java heap is
#     placed in the first 4GB address space. The Java Heap base address is the
#     maximum limit for the native heap growth. Please use -XX:HeapBaseMinAddress
#     to set the Java Heap base and to place the Java Heap above 4GB virtual address.
# This output file may be truncated or incomplete.
#
#  Out of Memory Error (arena.cpp:149), pid=15876, tid=26492
#
# JRE version: OpenJDK Runtime Environment Temurin-23.0.2+7 (23.0.2+7) (build 23.0.2+7)
# Java VM: OpenJDK 64-Bit Server VM Temurin-23.0.2+7 (23.0.2+7, mixed mode, sharing, tiered, compressed oops, compressed class ptrs, g1 gc, windows-amd64)
# No core dump will be written. Minidumps are not enabled by default on client versions of Windows
#

---------------  S U M M A R Y ------------

Command Line: -Dfile.encoding=UTF-8 -Dstdout.encoding=UTF-8 -Dstderr.encoding=UTF-8 --module-path=C:\Users\marca\git\repository2\github.com\DiegoCareaga946\PROGRAMACION_TM_4TOSEM\Aplicacion\Aplicacion\Aplicacion\bin -XX:+ShowCodeDetailsInExceptionMessages -Djdk.module.main=Aplicacion Aplicacion/JuegoGato.JuegoGato_Window

Host: 11th Gen Intel(R) Core(TM) i3-1115G4 @ 3.00GHz, 4 cores, 7G,  Windows 11 , 64 bit Build 22621 (10.0.22621.4830)
Time: Mon Mar 24 21:34:30 2025 Hora de ver. Pacífico (México) elapsed time: 368295.205492 seconds (4d 6h 18m 15s)

---------------  T H R E A D  ---------------

Current thread (0x0000020ef6f08e90):  JavaThread "C1 CompilerThread0" daemon [_thread_in_native, id=26492, stack(0x00000086a2b00000,0x00000086a2c00000) (1024K)]


Current CompileTask:
C1:368295205 1356       3       java.awt.geom.AffineTransform::equals (104 bytes)

Stack: [0x00000086a2b00000,0x00000086a2c00000]
Native frames: (J=compiled Java code, j=interpreted, Vv=VM code, C=native code)
V  [jvm.dll+0x6e8fa9]  (no source info available)
V  [jvm.dll+0x8d96b3]  (no source info available)
V  [jvm.dll+0x8dbb3e]  (no source info available)
V  [jvm.dll+0x8dc213]  (no source info available)
V  [jvm.dll+0x281bc6]  (no source info available)
V  [jvm.dll+0xbbb0f]  (no source info available)
V  [jvm.dll+0xbbd6b]  (no source info available)
V  [jvm.dll+0x15943c]  (no source info available)
V  [jvm.dll+0x165856]  (no source info available)
V  [jvm.dll+0x1688b6]  (no source info available)
V  [jvm.dll+0x168291]  (no source info available)
V  [jvm.dll+0x15fd92]  (no source info available)
V  [jvm.dll+0x162013]  (no source info available)
V  [jvm.dll+0x160635]  (no source info available)
V  [jvm.dll+0x168dc1]  (no source info available)
V  [jvm.dll+0x168291]  (no source info available)
V  [jvm.dll+0x15fd92]  (no source info available)
V  [jvm.dll+0x162013]  (no source info available)
V  [jvm.dll+0x160635]  (no source info available)
V  [jvm.dll+0x159d37]  (no source info available)
V  [jvm.dll+0x169f11]  (no source info available)
V  [jvm.dll+0x15502b]  (no source info available)
V  [jvm.dll+0x155423]  (no source info available)
V  [jvm.dll+0x15578b]  (no source info available)
V  [jvm.dll+0x154b58]  (no source info available)
V  [jvm.dll+0x15699d]  (no source info available)
V  [jvm.dll+0x25a23e]  (no source info available)
V  [jvm.dll+0x25850a]  (no source info available)
V  [jvm.dll+0x3f4916]  (no source info available)
V  [jvm.dll+0x88062b]  (no source info available)
V  [jvm.dll+0x6e77b5]  (no source info available)
C  [ucrtbase.dll+0x29333]  (no source info available)
C  [KERNEL32.DLL+0x1259d]  (no source info available)
C  [ntdll.dll+0x5af38]  (no source info available)

Lock stack of current Java thread (top to bottom):


---------------  P R O C E S S  ---------------

Threads class SMR info:
_java_thread_list=0x0000020ed5b0c460, length=15, elements={
0x0000020ef6ecd340, 0x0000020ef6ecf840, 0x0000020ef6ed50a0, 0x0000020ef6ed5cf0,
0x0000020ef6eda130, 0x0000020ef6edea50, 0x0000020ef6f021c0, 0x0000020ef6f08e90,
0x0000020ef6e9d2b0, 0x0000020ed417d6e0, 0x0000020ed42fc960, 0x0000020ed42fcfd0,
0x0000020ed432eeb0, 0x0000020ed5a8a260, 0x0000020eec33d0e0
}

Java Threads: ( => current thread )
  0x0000020ef6ecd340 JavaThread "Reference Handler"          daemon [_thread_blocked, id=25356, stack(0x00000086a2400000,0x00000086a2500000) (1024K)]
  0x0000020ef6ecf840 JavaThread "Finalizer"                  daemon [_thread_blocked, id=22892, stack(0x00000086a2500000,0x00000086a2600000) (1024K)]
  0x0000020ef6ed50a0 JavaThread "Signal Dispatcher"          daemon [_thread_blocked, id=11152, stack(0x00000086a2600000,0x00000086a2700000) (1024K)]
  0x0000020ef6ed5cf0 JavaThread "Attach Listener"            daemon [_thread_blocked, id=16184, stack(0x00000086a2700000,0x00000086a2800000) (1024K)]
  0x0000020ef6eda130 JavaThread "Service Thread"             daemon [_thread_blocked, id=41480, stack(0x00000086a2800000,0x00000086a2900000) (1024K)]
  0x0000020ef6edea50 JavaThread "Monitor Deflation Thread"   daemon [_thread_blocked, id=31776, stack(0x00000086a2900000,0x00000086a2a00000) (1024K)]
  0x0000020ef6f021c0 JavaThread "C2 CompilerThread0"         daemon [_thread_blocked, id=11524, stack(0x00000086a2a00000,0x00000086a2b00000) (1024K)]
=>0x0000020ef6f08e90 JavaThread "C1 CompilerThread0"         daemon [_thread_in_native, id=26492, stack(0x00000086a2b00000,0x00000086a2c00000) (1024K)]
  0x0000020ef6e9d2b0 JavaThread "Common-Cleaner"             daemon [_thread_blocked, id=52896, stack(0x00000086a2c00000,0x00000086a2d00000) (1024K)]
  0x0000020ed417d6e0 JavaThread "Notification Thread"        daemon [_thread_blocked, id=57320, stack(0x00000086a2d00000,0x00000086a2e00000) (1024K)]
  0x0000020ed42fc960 JavaThread "Java2D Disposer"            daemon [_thread_blocked, id=24732, stack(0x00000086a2e00000,0x00000086a2f00000) (1024K)]
  0x0000020ed42fcfd0 JavaThread "AWT-Shutdown"                      [_thread_blocked, id=47516, stack(0x00000086a2f00000,0x00000086a3000000) (1024K)]
  0x0000020ed432eeb0 JavaThread "AWT-Windows"                daemon [_thread_in_native, id=52768, stack(0x00000086a3000000,0x00000086a3100000) (1024K)]
  0x0000020ed5a8a260 JavaThread "AWT-EventQueue-0"                  [_thread_in_native, id=1768, stack(0x00000086a3300000,0x00000086a3400000) (1024K)]
  0x0000020eec33d0e0 JavaThread "DestroyJavaVM"                     [_thread_blocked, id=12016, stack(0x00000086a1c00000,0x00000086a1d00000) (1024K)]
Total: 15

Other Threads:
  0x0000020ef6eb2a30 VMThread "VM Thread"                           [id=44056, stack(0x00000086a2300000,0x00000086a2400000) (1024K)]
  0x0000020ef6e9bfd0 WatcherThread "VM Periodic Task Thread"        [id=25588, stack(0x00000086a2200000,0x00000086a2300000) (1024K)]
  0x0000020eee61f290 WorkerThread "GC Thread#0"                     [id=24664, stack(0x00000086a1d00000,0x00000086a1e00000) (1024K)]
  0x0000020ed5bd7040 WorkerThread "GC Thread#1"                     [id=23248, stack(0x00000086a3600000,0x00000086a3700000) (1024K)]
  0x0000020ed5bd73f0 WorkerThread "GC Thread#2"                     [id=43380, stack(0x00000086a3700000,0x00000086a3800000) (1024K)]
  0x0000020ed5bd77a0 WorkerThread "GC Thread#3"                     [id=50200, stack(0x00000086a3800000,0x00000086a3900000) (1024K)]
  0x0000020eee633ca0 ConcurrentGCThread "G1 Main Marker"            [id=44736, stack(0x00000086a1e00000,0x00000086a1f00000) (1024K)]
  0x0000020eee634f50 WorkerThread "G1 Conc#0"                       [id=10536, stack(0x00000086a1f00000,0x00000086a2000000) (1024K)]
  0x0000020eee68e630 ConcurrentGCThread "G1 Refine#0"               [id=19676, stack(0x00000086a2000000,0x00000086a2100000) (1024K)]
  0x0000020ef6d723b0 ConcurrentGCThread "G1 Service"                [id=38472, stack(0x00000086a2100000,0x00000086a2200000) (1024K)]
Total: 10

Threads with active compile tasks:
C1 CompilerThread0  368295288 1356       3       java.awt.geom.AffineTransform::equals (104 bytes)
Total: 1

VM state: not at safepoint (normal execution)

VM Mutex/Monitor currently owned by a thread: None

Heap address: 0x0000000083600000, size: 1994 MB, Compressed Oops mode: 32-bit

CDS archive(s) mapped at: [0x0000020e8f000000-0x0000020e8fd70000-0x0000020e8fd70000), size 14090240, SharedBaseAddress: 0x0000020e8f000000, ArchiveRelocationMode: 1.
Compressed class space mapped at: 0x0000020e90000000-0x0000020ed0000000, reserved size: 1073741824
Narrow klass base: 0x0000020e8f000000, Narrow klass shift: 0, Narrow klass range: 0x41000000

GC Precious Log:
 CardTable entry size: 512
 Card Set container configuration: InlinePtr #cards 5 size 8 Array Of Cards #cards 10 size 36 Howl #buckets 4 coarsen threshold 1843 Howl Bitmap #cards 512 size 80 coarsen threshold 460 Card regions per heap region 1 cards per card region 2048
 CPUs: 4 total, 4 available
 Memory: 7971M
 Large Page Support: Disabled
 NUMA Support: Disabled
 Compressed Oops: Enabled (32-bit)
 Heap Region Size: 1M
 Heap Min Capacity: 8M
 Heap Initial Capacity: 126M
 Heap Max Capacity: 1994M
 Pre-touch: Disabled
 Parallel Workers: 4
 Concurrent Workers: 1
 Concurrent Refinement Workers: 4
 Periodic GC: Disabled

Heap:
 garbage-first heap   total reserved 2041856K, committed 129024K, used 10632K [0x0000000083600000, 0x0000000100000000)
  region size 1024K, 9 young (9216K), 2 survivors (2048K)
 Metaspace       used 7480K, committed 7744K, reserved 1114112K
  class space    used 819K, committed 960K, reserved 1048576K

Heap Regions: E=young(eden), S=young(survivor), O=old, HS=humongous(starts), HC=humongous(continues), CS=collection set, F=free, TAMS=top-at-mark-start, PB=parsable bottom
|   0|0x0000000083600000, 0x0000000083700000, 0x0000000083700000|100%|HS|  |TAMS 0x0000000083600000| PB 0x0000000083600000| Complete |  0
|   1|0x0000000083700000, 0x0000000083800000, 0x0000000083800000|100%|HC|  |TAMS 0x0000000083700000| PB 0x0000000083700000| Complete |  0
|   2|0x0000000083800000, 0x0000000083900000, 0x0000000083900000|100%|HC|  |TAMS 0x0000000083800000| PB 0x0000000083800000| Complete |  0
|   3|0x0000000083900000, 0x0000000083962010, 0x0000000083a00000| 38%| O|  |TAMS 0x0000000083900000| PB 0x0000000083900000| Untracked |  0
|   4|0x0000000083a00000, 0x0000000083a00000, 0x0000000083b00000|  0%| F|  |TAMS 0x0000000083a00000| PB 0x0000000083a00000| Untracked |  0
|   5|0x0000000083b00000, 0x0000000083b00000, 0x0000000083c00000|  0%| F|  |TAMS 0x0000000083b00000| PB 0x0000000083b00000| Untracked |  0
|   6|0x0000000083c00000, 0x0000000083c00000, 0x0000000083d00000|  0%| F|  |TAMS 0x0000000083c00000| PB 0x0000000083c00000| Untracked |  0
|   7|0x0000000083d00000, 0x0000000083d00000, 0x0000000083e00000|  0%| F|  |TAMS 0x0000000083d00000| PB 0x0000000083d00000| Untracked |  0
|   8|0x0000000083e00000, 0x0000000083e00000, 0x0000000083f00000|  0%| F|  |TAMS 0x0000000083e00000| PB 0x0000000083e00000| Untracked |  0
|   9|0x0000000083f00000, 0x0000000083f00000, 0x0000000084000000|  0%| F|  |TAMS 0x0000000083f00000| PB 0x0000000083f00000| Untracked |  0
|  10|0x0000000084000000, 0x0000000084000000, 0x0000000084100000|  0%| F|  |TAMS 0x0000000084000000| PB 0x0000000084000000| Untracked |  0
|  11|0x0000000084100000, 0x0000000084100000, 0x0000000084200000|  0%| F|  |TAMS 0x0000000084100000| PB 0x0000000084100000| Untracked |  0
|  12|0x0000000084200000, 0x0000000084200000, 0x0000000084300000|  0%| F|  |TAMS 0x0000000084200000| PB 0x0000000084200000| Untracked |  0
|  13|0x0000000084300000, 0x0000000084300000, 0x0000000084400000|  0%| F|  |TAMS 0x0000000084300000| PB 0x0000000084300000| Untracked |  0
|  14|0x0000000084400000, 0x0000000084400000, 0x0000000084500000|  0%| F|  |TAMS 0x0000000084400000| PB 0x0000000084400000| Untracked |  0
|  15|0x0000000084500000, 0x0000000084500000, 0x0000000084600000|  0%| F|  |TAMS 0x0000000084500000| PB 0x0000000084500000| Untracked |  0
|  16|0x0000000084600000, 0x0000000084600000, 0x0000000084700000|  0%| F|  |TAMS 0x0000000084600000| PB 0x0000000084600000| Untracked |  0
|  17|0x0000000084700000, 0x0000000084700000, 0x0000000084800000|  0%| F|  |TAMS 0x0000000084700000| PB 0x0000000084700000| Untracked |  0
|  18|0x0000000084800000, 0x0000000084800000, 0x0000000084900000|  0%| F|  |TAMS 0x0000000084800000| PB 0x0000000084800000| Untracked |  0
|  19|0x0000000084900000, 0x0000000084900000, 0x0000000084a00000|  0%| F|  |TAMS 0x0000000084900000| PB 0x0000000084900000| Untracked |  0
|  20|0x0000000084a00000, 0x0000000084a00000, 0x0000000084b00000|  0%| F|  |TAMS 0x0000000084a00000| PB 0x0000000084a00000| Untracked |  0
|  21|0x0000000084b00000, 0x0000000084b00000, 0x0000000084c00000|  0%| F|  |TAMS 0x0000000084b00000| PB 0x0000000084b00000| Untracked |  0
|  22|0x0000000084c00000, 0x0000000084c00000, 0x0000000084d00000|  0%| F|  |TAMS 0x0000000084c00000| PB 0x0000000084c00000| Untracked |  0
|  23|0x0000000084d00000, 0x0000000084d00000, 0x0000000084e00000|  0%| F|  |TAMS 0x0000000084d00000| PB 0x0000000084d00000| Untracked |  0
|  24|0x0000000084e00000, 0x0000000084e00000, 0x0000000084f00000|  0%| F|  |TAMS 0x0000000084e00000| PB 0x0000000084e00000| Untracked |  0
|  25|0x0000000084f00000, 0x0000000084f00000, 0x0000000085000000|  0%| F|  |TAMS 0x0000000084f00000| PB 0x0000000084f00000| Untracked |  0
|  26|0x0000000085000000, 0x0000000085000000, 0x0000000085100000|  0%| F|  |TAMS 0x0000000085000000| PB 0x0000000085000000| Untracked |  0
|  27|0x0000000085100000, 0x0000000085100000, 0x0000000085200000|  0%| F|  |TAMS 0x0000000085100000| PB 0x0000000085100000| Untracked |  0
|  28|0x0000000085200000, 0x0000000085200000, 0x0000000085300000|  0%| F|  |TAMS 0x0000000085200000| PB 0x0000000085200000| Untracked |  0
|  29|0x0000000085300000, 0x0000000085300000, 0x0000000085400000|  0%| F|  |TAMS 0x0000000085300000| PB 0x0000000085300000| Untracked |  0
|  30|0x0000000085400000, 0x0000000085400000, 0x0000000085500000|  0%| F|  |TAMS 0x0000000085400000| PB 0x0000000085400000| Untracked |  0
|  31|0x0000000085500000, 0x0000000085500000, 0x0000000085600000|  0%| F|  |TAMS 0x0000000085500000| PB 0x0000000085500000| Untracked |  0
|  32|0x0000000085600000, 0x0000000085600000, 0x0000000085700000|  0%| F|  |TAMS 0x0000000085600000| PB 0x0000000085600000| Untracked |  0
|  33|0x0000000085700000, 0x0000000085700000, 0x0000000085800000|  0%| F|  |TAMS 0x0000000085700000| PB 0x0000000085700000| Untracked |  0
|  34|0x0000000085800000, 0x0000000085800000, 0x0000000085900000|  0%| F|  |TAMS 0x0000000085800000| PB 0x0000000085800000| Untracked |  0
|  35|0x0000000085900000, 0x0000000085900000, 0x0000000085a00000|  0%| F|  |TAMS 0x0000000085900000| PB 0x0000000085900000| Untracked |  0
|  36|0x0000000085a00000, 0x0000000085a00000, 0x0000000085b00000|  0%| F|  |TAMS 0x0000000085a00000| PB 0x0000000085a00000| Untracked |  0
|  37|0x0000000085b00000, 0x0000000085b00000, 0x0000000085c00000|  0%| F|  |TAMS 0x0000000085b00000| PB 0x0000000085b00000| Untracked |  0
|  38|0x0000000085c00000, 0x0000000085c00000, 0x0000000085d00000|  0%| F|  |TAMS 0x0000000085c00000| PB 0x0000000085c00000| Untracked |  0
|  39|0x0000000085d00000, 0x0000000085d00000, 0x0000000085e00000|  0%| F|  |TAMS 0x0000000085d00000| PB 0x0000000085d00000| Untracked |  0
|  40|0x0000000085e00000, 0x0000000085e00000, 0x0000000085f00000|  0%| F|  |TAMS 0x0000000085e00000| PB 0x0000000085e00000| Untracked |  0
|  41|0x0000000085f00000, 0x0000000085f00000, 0x0000000086000000|  0%| F|  |TAMS 0x0000000085f00000| PB 0x0000000085f00000| Untracked |  0
|  42|0x0000000086000000, 0x0000000086000000, 0x0000000086100000|  0%| F|  |TAMS 0x0000000086000000| PB 0x0000000086000000| Untracked |  0
|  43|0x0000000086100000, 0x0000000086100000, 0x0000000086200000|  0%| F|  |TAMS 0x0000000086100000| PB 0x0000000086100000| Untracked |  0
|  44|0x0000000086200000, 0x0000000086200000, 0x0000000086300000|  0%| F|  |TAMS 0x0000000086200000| PB 0x0000000086200000| Untracked |  0
|  45|0x0000000086300000, 0x0000000086300000, 0x0000000086400000|  0%| F|  |TAMS 0x0000000086300000| PB 0x0000000086300000| Untracked |  0
|  46|0x0000000086400000, 0x0000000086400000, 0x0000000086500000|  0%| F|  |TAMS 0x0000000086400000| PB 0x0000000086400000| Untracked |  0
|  47|0x0000000086500000, 0x0000000086500000, 0x0000000086600000|  0%| F|  |TAMS 0x0000000086500000| PB 0x0000000086500000| Untracked |  0
|  48|0x0000000086600000, 0x0000000086600000, 0x0000000086700000|  0%| F|  |TAMS 0x0000000086600000| PB 0x0000000086600000| Untracked |  0
|  49|0x0000000086700000, 0x0000000086700000, 0x0000000086800000|  0%| F|  |TAMS 0x0000000086700000| PB 0x0000000086700000| Untracked |  0
|  50|0x0000000086800000, 0x0000000086800000, 0x0000000086900000|  0%| F|  |TAMS 0x0000000086800000| PB 0x0000000086800000| Untracked |  0
|  51|0x0000000086900000, 0x0000000086900000, 0x0000000086a00000|  0%| F|  |TAMS 0x0000000086900000| PB 0x0000000086900000| Untracked |  0
|  52|0x0000000086a00000, 0x0000000086a00000, 0x0000000086b00000|  0%| F|  |TAMS 0x0000000086a00000| PB 0x0000000086a00000| Untracked |  0
|  53|0x0000000086b00000, 0x0000000086b00000, 0x0000000086c00000|  0%| F|  |TAMS 0x0000000086b00000| PB 0x0000000086b00000| Untracked |  0
|  54|0x0000000086c00000, 0x0000000086c00000, 0x0000000086d00000|  0%| F|  |TAMS 0x0000000086c00000| PB 0x0000000086c00000| Untracked |  0
|  55|0x0000000086d00000, 0x0000000086d00000, 0x0000000086e00000|  0%| F|  |TAMS 0x0000000086d00000| PB 0x0000000086d00000| Untracked |  0
|  56|0x0000000086e00000, 0x0000000086e00000, 0x0000000086f00000|  0%| F|  |TAMS 0x0000000086e00000| PB 0x0000000086e00000| Untracked |  0
|  57|0x0000000086f00000, 0x0000000086f00000, 0x0000000087000000|  0%| F|  |TAMS 0x0000000086f00000| PB 0x0000000086f00000| Untracked |  0
|  58|0x0000000087000000, 0x0000000087000000, 0x0000000087100000|  0%| F|  |TAMS 0x0000000087000000| PB 0x0000000087000000| Untracked |  0
|  59|0x0000000087100000, 0x0000000087100000, 0x0000000087200000|  0%| F|  |TAMS 0x0000000087100000| PB 0x0000000087100000| Untracked |  0
|  60|0x0000000087200000, 0x0000000087200000, 0x0000000087300000|  0%| F|  |TAMS 0x0000000087200000| PB 0x0000000087200000| Untracked |  0
|  61|0x0000000087300000, 0x0000000087300000, 0x0000000087400000|  0%| F|  |TAMS 0x0000000087300000| PB 0x0000000087300000| Untracked |  0
|  62|0x0000000087400000, 0x0000000087400000, 0x0000000087500000|  0%| F|  |TAMS 0x0000000087400000| PB 0x0000000087400000| Untracked |  0
|  63|0x0000000087500000, 0x0000000087500000, 0x0000000087600000|  0%| F|  |TAMS 0x0000000087500000| PB 0x0000000087500000| Untracked |  0
|  64|0x0000000087600000, 0x0000000087600000, 0x0000000087700000|  0%| F|  |TAMS 0x0000000087600000| PB 0x0000000087600000| Untracked |  0
|  65|0x0000000087700000, 0x0000000087700000, 0x0000000087800000|  0%| F|  |TAMS 0x0000000087700000| PB 0x0000000087700000| Untracked |  0
|  66|0x0000000087800000, 0x0000000087800000, 0x0000000087900000|  0%| F|  |TAMS 0x0000000087800000| PB 0x0000000087800000| Untracked |  0
|  67|0x0000000087900000, 0x0000000087900000, 0x0000000087a00000|  0%| F|  |TAMS 0x0000000087900000| PB 0x0000000087900000| Untracked |  0
|  68|0x0000000087a00000, 0x0000000087a00000, 0x0000000087b00000|  0%| F|  |TAMS 0x0000000087a00000| PB 0x0000000087a00000| Untracked |  0
|  69|0x0000000087b00000, 0x0000000087b00000, 0x0000000087c00000|  0%| F|  |TAMS 0x0000000087b00000| PB 0x0000000087b00000| Untracked |  0
|  70|0x0000000087c00000, 0x0000000087c00000, 0x0000000087d00000|  0%| F|  |TAMS 0x0000000087c00000| PB 0x0000000087c00000| Untracked |  0
|  71|0x0000000087d00000, 0x0000000087d00000, 0x0000000087e00000|  0%| F|  |TAMS 0x0000000087d00000| PB 0x0000000087d00000| Untracked |  0
|  72|0x0000000087e00000, 0x0000000087e00000, 0x0000000087f00000|  0%| F|  |TAMS 0x0000000087e00000| PB 0x0000000087e00000| Untracked |  0
|  73|0x0000000087f00000, 0x0000000087f00000, 0x0000000088000000|  0%| F|  |TAMS 0x0000000087f00000| PB 0x0000000087f00000| Untracked |  0
|  74|0x0000000088000000, 0x0000000088000000, 0x0000000088100000|  0%| F|  |TAMS 0x0000000088000000| PB 0x0000000088000000| Untracked |  0
|  75|0x0000000088100000, 0x0000000088100000, 0x0000000088200000|  0%| F|  |TAMS 0x0000000088100000| PB 0x0000000088100000| Untracked |  0
|  76|0x0000000088200000, 0x0000000088200000, 0x0000000088300000|  0%| F|  |TAMS 0x0000000088200000| PB 0x0000000088200000| Untracked |  0
|  77|0x0000000088300000, 0x0000000088300000, 0x0000000088400000|  0%| F|  |TAMS 0x0000000088300000| PB 0x0000000088300000| Untracked |  0
|  78|0x0000000088400000, 0x0000000088400000, 0x0000000088500000|  0%| F|  |TAMS 0x0000000088400000| PB 0x0000000088400000| Untracked |  0
|  79|0x0000000088500000, 0x0000000088500000, 0x0000000088600000|  0%| F|  |TAMS 0x0000000088500000| PB 0x0000000088500000| Untracked |  0
|  80|0x0000000088600000, 0x0000000088600000, 0x0000000088700000|  0%| F|  |TAMS 0x0000000088600000| PB 0x0000000088600000| Untracked |  0
|  81|0x0000000088700000, 0x0000000088700000, 0x0000000088800000|  0%| F|  |TAMS 0x0000000088700000| PB 0x0000000088700000| Untracked |  0
|  82|0x0000000088800000, 0x0000000088800000, 0x0000000088900000|  0%| F|  |TAMS 0x0000000088800000| PB 0x0000000088800000| Untracked |  0
|  83|0x0000000088900000, 0x0000000088900000, 0x0000000088a00000|  0%| F|  |TAMS 0x0000000088900000| PB 0x0000000088900000| Untracked |  0
|  84|0x0000000088a00000, 0x0000000088a00000, 0x0000000088b00000|  0%| F|  |TAMS 0x0000000088a00000| PB 0x0000000088a00000| Untracked |  0
|  85|0x0000000088b00000, 0x0000000088b00000, 0x0000000088c00000|  0%| F|  |TAMS 0x0000000088b00000| PB 0x0000000088b00000| Untracked |  0
|  86|0x0000000088c00000, 0x0000000088c00000, 0x0000000088d00000|  0%| F|  |TAMS 0x0000000088c00000| PB 0x0000000088c00000| Untracked |  0
|  87|0x0000000088d00000, 0x0000000088d00000, 0x0000000088e00000|  0%| F|  |TAMS 0x0000000088d00000| PB 0x0000000088d00000| Untracked |  0
|  88|0x0000000088e00000, 0x0000000088e00000, 0x0000000088f00000|  0%| F|  |TAMS 0x0000000088e00000| PB 0x0000000088e00000| Untracked |  0
|  89|0x0000000088f00000, 0x0000000088f00000, 0x0000000089000000|  0%| F|  |TAMS 0x0000000088f00000| PB 0x0000000088f00000| Untracked |  0
|  90|0x0000000089000000, 0x0000000089000000, 0x0000000089100000|  0%| F|  |TAMS 0x0000000089000000| PB 0x0000000089000000| Untracked |  0
|  91|0x0000000089100000, 0x0000000089100000, 0x0000000089200000|  0%| F|  |TAMS 0x0000000089100000| PB 0x0000000089100000| Untracked |  0
|  92|0x0000000089200000, 0x0000000089200000, 0x0000000089300000|  0%| F|  |TAMS 0x0000000089200000| PB 0x0000000089200000| Untracked |  0
|  93|0x0000000089300000, 0x0000000089300000, 0x0000000089400000|  0%| F|  |TAMS 0x0000000089300000| PB 0x0000000089300000| Untracked |  0
|  94|0x0000000089400000, 0x0000000089400000, 0x0000000089500000|  0%| F|  |TAMS 0x0000000089400000| PB 0x0000000089400000| Untracked |  0
|  95|0x0000000089500000, 0x0000000089500000, 0x0000000089600000|  0%| F|  |TAMS 0x0000000089500000| PB 0x0000000089500000| Untracked |  0
|  96|0x0000000089600000, 0x0000000089600000, 0x0000000089700000|  0%| F|  |TAMS 0x0000000089600000| PB 0x0000000089600000| Untracked |  0
|  97|0x0000000089700000, 0x0000000089700000, 0x0000000089800000|  0%| F|  |TAMS 0x0000000089700000| PB 0x0000000089700000| Untracked |  0
|  98|0x0000000089800000, 0x0000000089800000, 0x0000000089900000|  0%| F|  |TAMS 0x0000000089800000| PB 0x0000000089800000| Untracked |  0
|  99|0x0000000089900000, 0x0000000089900000, 0x0000000089a00000|  0%| F|  |TAMS 0x0000000089900000| PB 0x0000000089900000| Untracked |  0
| 100|0x0000000089a00000, 0x0000000089a00000, 0x0000000089b00000|  0%| F|  |TAMS 0x0000000089a00000| PB 0x0000000089a00000| Untracked |  0
| 101|0x0000000089b00000, 0x0000000089b00000, 0x0000000089c00000|  0%| F|  |TAMS 0x0000000089b00000| PB 0x0000000089b00000| Untracked |  0
| 102|0x0000000089c00000, 0x0000000089c00000, 0x0000000089d00000|  0%| F|  |TAMS 0x0000000089c00000| PB 0x0000000089c00000| Untracked |  0
| 103|0x0000000089d00000, 0x0000000089d00000, 0x0000000089e00000|  0%| F|  |TAMS 0x0000000089d00000| PB 0x0000000089d00000| Untracked |  0
| 104|0x0000000089e00000, 0x0000000089e00000, 0x0000000089f00000|  0%| F|  |TAMS 0x0000000089e00000| PB 0x0000000089e00000| Untracked |  0
| 105|0x0000000089f00000, 0x0000000089f00000, 0x000000008a000000|  0%| F|  |TAMS 0x0000000089f00000| PB 0x0000000089f00000| Untracked |  0
| 106|0x000000008a000000, 0x000000008a000000, 0x000000008a100000|  0%| F|  |TAMS 0x000000008a000000| PB 0x000000008a000000| Untracked |  0
| 107|0x000000008a100000, 0x000000008a100000, 0x000000008a200000|  0%| F|  |TAMS 0x000000008a100000| PB 0x000000008a100000| Untracked |  0
| 108|0x000000008a200000, 0x000000008a200000, 0x000000008a300000|  0%| F|  |TAMS 0x000000008a200000| PB 0x000000008a200000| Untracked |  0
| 109|0x000000008a300000, 0x000000008a300000, 0x000000008a400000|  0%| F|  |TAMS 0x000000008a300000| PB 0x000000008a300000| Untracked |  0
| 110|0x000000008a400000, 0x000000008a500000, 0x000000008a500000|100%| S|CS|TAMS 0x000000008a400000| PB 0x000000008a400000| Complete |  0
| 111|0x000000008a500000, 0x000000008a600000, 0x000000008a600000|100%| S|CS|TAMS 0x000000008a500000| PB 0x000000008a500000| Complete |  0
| 112|0x000000008a600000, 0x000000008a600000, 0x000000008a700000|  0%| F|  |TAMS 0x000000008a600000| PB 0x000000008a600000| Untracked |  0
| 113|0x000000008a700000, 0x000000008a700000, 0x000000008a800000|  0%| F|  |TAMS 0x000000008a700000| PB 0x000000008a700000| Untracked |  0
| 114|0x000000008a800000, 0x000000008a800000, 0x000000008a900000|  0%| F|  |TAMS 0x000000008a800000| PB 0x000000008a800000| Untracked |  0
| 115|0x000000008a900000, 0x000000008a900000, 0x000000008aa00000|  0%| F|  |TAMS 0x000000008a900000| PB 0x000000008a900000| Untracked |  0
| 116|0x000000008aa00000, 0x000000008aa00000, 0x000000008ab00000|  0%| F|  |TAMS 0x000000008aa00000| PB 0x000000008aa00000| Untracked |  0
| 117|0x000000008ab00000, 0x000000008ab00000, 0x000000008ac00000|  0%| F|  |TAMS 0x000000008ab00000| PB 0x000000008ab00000| Untracked |  0
| 118|0x000000008ac00000, 0x000000008ac00000, 0x000000008ad00000|  0%| F|  |TAMS 0x000000008ac00000| PB 0x000000008ac00000| Untracked |  0
| 119|0x000000008ad00000, 0x000000008ade63c0, 0x000000008ae00000| 89%| E|  |TAMS 0x000000008ad00000| PB 0x000000008ad00000| Complete |  0
| 120|0x000000008ae00000, 0x000000008af00000, 0x000000008af00000|100%| E|  |TAMS 0x000000008ae00000| PB 0x000000008ae00000| Complete |  0
| 121|0x000000008af00000, 0x000000008b000000, 0x000000008b000000|100%| E|CS|TAMS 0x000000008af00000| PB 0x000000008af00000| Complete |  0
| 122|0x000000008b000000, 0x000000008b100000, 0x000000008b100000|100%| E|CS|TAMS 0x000000008b000000| PB 0x000000008b000000| Complete |  0
| 123|0x000000008b100000, 0x000000008b200000, 0x000000008b200000|100%| E|CS|TAMS 0x000000008b100000| PB 0x000000008b100000| Complete |  0
| 124|0x000000008b200000, 0x000000008b300000, 0x000000008b300000|100%| E|CS|TAMS 0x000000008b200000| PB 0x000000008b200000| Complete |  0
| 125|0x000000008b300000, 0x000000008b400000, 0x000000008b400000|100%| E|CS|TAMS 0x000000008b300000| PB 0x000000008b300000| Complete |  0

Card table byte_map: [0x0000020ef26f0000,0x0000020ef2ae0000] _byte_map_base: 0x0000020ef22d5000

Marking Bits: (CMBitMap*) 0x0000020eee61f9a0
 Bits: [0x0000020ef2ae0000, 0x0000020ef4a08000)

Polling page: 0x0000020eec630000

Metaspace:

Usage:
  Non-class:      6.50 MB used.
      Class:    819.44 KB used.
       Both:      7.30 MB used.

Virtual space:
  Non-class space:       64.00 MB reserved,       6.62 MB ( 10%) committed,  1 nodes.
      Class space:        1.00 GB reserved,     960.00 KB ( <1%) committed,  1 nodes.
             Both:        1.06 GB reserved,       7.56 MB ( <1%) committed. 

Chunk freelists:
   Non-Class:  8.98 MB
       Class:  15.10 MB
        Both:  24.09 MB

MaxMetaspaceSize: unlimited
CompressedClassSpaceSize: 1.00 GB
Initial GC threshold: 21.00 MB
Current GC threshold: 21.00 MB
CDS: on
 - commit_granule_bytes: 65536.
 - commit_granule_words: 8192.
 - virtual_space_node_default_size: 8388608.
 - enlarge_chunks_in_place: 1.
 - use_allocation_guard: 0.


Internal statistics:

num_allocs_failed_limit: 0.
num_arena_births: 152.
num_arena_deaths: 0.
num_vsnodes_births: 2.
num_vsnodes_deaths: 0.
num_space_committed: 121.
num_space_uncommitted: 0.
num_chunks_returned_to_freelist: 0.
num_chunks_taken_from_freelist: 197.
num_chunk_merges: 0.
num_chunk_splits: 114.
num_chunks_enlarged: 43.
num_inconsistent_stats: 0.

CodeHeap 'non-profiled nmethods': size=120064Kb used=494Kb max_used=494Kb free=119569Kb
 bounds [0x0000020e87ac0000, 0x0000020e87d30000, 0x0000020e8f000000]
CodeHeap 'profiled nmethods': size=120000Kb used=1572Kb max_used=1572Kb free=118427Kb
 bounds [0x0000020e80000000, 0x0000020e80270000, 0x0000020e87530000]
CodeHeap 'non-nmethods': size=5696Kb used=1658Kb max_used=1686Kb free=4037Kb
 bounds [0x0000020e87530000, 0x0000020e877a0000, 0x0000020e87ac0000]
CodeCache: size=245760Kb, used=3724Kb, max_used=3752Kb, free=242033Kb
 total_blobs=1953, nmethods=1350, adapters=509, full_count=0
Compilation: enabled, stopped_count=0, restarted_count=0

Compilation events (20 events):
Event: 329081.619 Thread 0x0000020ef6f021c0 nmethod 1346 0x0000020e87b39d08 code [0x0000020e87b39e60, 0x0000020e87b3a680]
Event: 330386.685 Thread 0x0000020ef6f08e90 1347       3       java.util.IdentityHashMap$ValueIterator::next (12 bytes)
Event: 330386.686 Thread 0x0000020ef6f08e90 nmethod 1347 0x0000020e80185508 code [0x0000020e80185640, 0x0000020e80185838]
Event: 330386.690 Thread 0x0000020ef6f08e90 1348  s    3       sun.awt.windows.WDesktopProperties::setSoundProperty (71 bytes)
Event: 330386.692 Thread 0x0000020ef6f021c0 1350       4       java.util.HashMap$HashIterator::nextNode (100 bytes)
Event: 330386.696 Thread 0x0000020ef6f08e90 nmethod 1348 0x0000020e80185888 code [0x0000020e80185a60, 0x0000020e80186438]
Event: 330386.698 Thread 0x0000020ef6f08e90 1349       3       sun.awt.windows.WDesktopProperties$WinPlaySound::<init> (15 bytes)
Event: 330386.698 Thread 0x0000020ef6f08e90 nmethod 1349 0x0000020e80186508 code [0x0000020e80186620, 0x0000020e80186840]
Event: 330386.707 Thread 0x0000020ef6f021c0 nmethod 1350 0x0000020e87b3a708 code [0x0000020e87b3a820, 0x0000020e87b3ac60]
Event: 330725.683 Thread 0x0000020ef6f08e90 1351  s    3       sun.awt.windows.WDesktopProperties::setFontProperty (156 bytes)
Event: 330725.703 Thread 0x0000020ef6f08e90 nmethod 1351 0x0000020e80186888 code [0x0000020e80186c40, 0x0000020e801889c8]
Event: 330726.066 Thread 0x0000020ef6f08e90 1352   !   3       sun.awt.windows.WDesktopProperties$WinPlaySound::equals (25 bytes)
Event: 330726.067 Thread 0x0000020ef6f08e90 nmethod 1352 0x0000020e80188b08 code [0x0000020e80188c40, 0x0000020e80188f08]
Event: 366462.244 Thread 0x0000020ef6f08e90 1353       3       java.util.concurrent.locks.LockSupport::setBlocker (12 bytes)
Event: 366462.251 Thread 0x0000020ef6f08e90 nmethod 1353 0x0000020e80188f88 code [0x0000020e801890a0, 0x0000020e801892a8]
Event: 366714.078 Thread 0x0000020ef6f021c0 1354       4       jdk.internal.logger.SimpleConsoleLogger::isLoggable (29 bytes)
Event: 366714.088 Thread 0x0000020ef6f021c0 nmethod 1354 0x0000020e87b3ac88 code [0x0000020e87b3ada0, 0x0000020e87b3aec0]
Event: 366714.105 Thread 0x0000020ef6f021c0 1355       4       jdk.internal.logger.AbstractLoggerWrapper::isLoggable (26 bytes)
Event: 366714.123 Thread 0x0000020ef6f021c0 nmethod 1355 0x0000020e87b3af88 code [0x0000020e87b3b100, 0x0000020e87b3ba30]
Event: 368295.179 Thread 0x0000020ef6f08e90 1356       3       java.awt.geom.AffineTransform::equals (104 bytes)

GC Heap History (2 events):
Event: 2.514 GC heap before
{Heap before GC invocations=0 (full 0):
 garbage-first heap   total reserved 2041856K, committed 129024K, used 16384K [0x0000000083600000, 0x0000000100000000)
  region size 1024K, 14 young (14336K), 0 survivors (0K)
 Metaspace       used 7265K, committed 7488K, reserved 1114112K
  class space    used 812K, committed 896K, reserved 1048576K
}
Event: 2.518 GC heap after
{Heap after GC invocations=1 (full 0):
 garbage-first heap   total reserved 2041856K, committed 129024K, used 5512K [0x0000000083600000, 0x0000000100000000)
  region size 1024K, 2 young (2048K), 2 survivors (2048K)
 Metaspace       used 7265K, committed 7488K, reserved 1114112K
  class space    used 812K, committed 896K, reserved 1048576K
}

Dll operation events (9 events):
Event: 0.013 Loaded shared library C:\Users\marca\.p2\pool\plugins\org.eclipse.justj.openjdk.hotspot.jre.full.win32.x86_64_23.0.2.v20250131-0604\jre\bin\java.dll
Event: 0.097 Loaded shared library C:\Users\marca\.p2\pool\plugins\org.eclipse.justj.openjdk.hotspot.jre.full.win32.x86_64_23.0.2.v20250131-0604\jre\bin\net.dll
Event: 0.102 Loaded shared library C:\Users\marca\.p2\pool\plugins\org.eclipse.justj.openjdk.hotspot.jre.full.win32.x86_64_23.0.2.v20250131-0604\jre\bin\nio.dll
Event: 0.104 Loaded shared library C:\Users\marca\.p2\pool\plugins\org.eclipse.justj.openjdk.hotspot.jre.full.win32.x86_64_23.0.2.v20250131-0604\jre\bin\zip.dll
Event: 0.201 Loaded shared library C:\Users\marca\.p2\pool\plugins\org.eclipse.justj.openjdk.hotspot.jre.full.win32.x86_64_23.0.2.v20250131-0604\jre\bin\jimage.dll
Event: 0.225 Loaded shared library C:\Users\marca\.p2\pool\plugins\org.eclipse.justj.openjdk.hotspot.jre.full.win32.x86_64_23.0.2.v20250131-0604\jre\bin\awt.dll
Event: 0.471 Loaded shared library C:\Users\marca\.p2\pool\plugins\org.eclipse.justj.openjdk.hotspot.jre.full.win32.x86_64_23.0.2.v20250131-0604\jre\bin\zip.dll
Event: 0.551 Loaded shared library C:\Users\marca\.p2\pool\plugins\org.eclipse.justj.openjdk.hotspot.jre.full.win32.x86_64_23.0.2.v20250131-0604\jre\bin\freetype.dll
Event: 0.553 Loaded shared library C:\Users\marca\.p2\pool\plugins\org.eclipse.justj.openjdk.hotspot.jre.full.win32.x86_64_23.0.2.v20250131-0604\jre\bin\fontmanager.dll

Deoptimization events (20 events):
Event: 3.037 Thread 0x0000020ed41b6b20 DEOPT PACKING pc=0x0000020e8011e9c6 sp=0x00000086a31ff090
Event: 3.037 Thread 0x0000020ed41b6b20 DEOPT UNPACKING pc=0x0000020e875884c2 sp=0x00000086a31fe508 mode 0
Event: 3.038 Thread 0x0000020ed41b6b20 DEOPT PACKING pc=0x0000020e8011e9c6 sp=0x00000086a31ff090
Event: 3.038 Thread 0x0000020ed41b6b20 DEOPT UNPACKING pc=0x0000020e875884c2 sp=0x00000086a31fe508 mode 0
Event: 3.038 Thread 0x0000020ed41b6b20 DEOPT PACKING pc=0x0000020e8011e9c6 sp=0x00000086a31ff090
Event: 3.038 Thread 0x0000020ed41b6b20 DEOPT UNPACKING pc=0x0000020e875884c2 sp=0x00000086a31fe508 mode 0
Event: 3.039 Thread 0x0000020ed41b6b20 DEOPT PACKING pc=0x0000020e8011e9c6 sp=0x00000086a31ff090
Event: 3.039 Thread 0x0000020ed41b6b20 DEOPT UNPACKING pc=0x0000020e875884c2 sp=0x00000086a31fe508 mode 0
Event: 3.040 Thread 0x0000020ed41b6b20 DEOPT PACKING pc=0x0000020e8011e9c6 sp=0x00000086a31ff090
Event: 3.040 Thread 0x0000020ed41b6b20 DEOPT UNPACKING pc=0x0000020e875884c2 sp=0x00000086a31fe508 mode 0
Event: 3.040 Thread 0x0000020ed41b6b20 DEOPT PACKING pc=0x0000020e8011e9c6 sp=0x00000086a31ff090
Event: 3.040 Thread 0x0000020ed41b6b20 DEOPT UNPACKING pc=0x0000020e875884c2 sp=0x00000086a31fe508 mode 0
Event: 3.557 Thread 0x0000020ed5840700 Uncommon trap: trap_request=0xffffff6e fr.pc=0x0000020e87b18038 relative=0x0000000000000cd8
Event: 3.557 Thread 0x0000020ed5840700 Uncommon trap: reason=loop_limit_check action=maybe_recompile pc=0x0000020e87b18038 method=sun.awt.image.PNGImageDecoder.produceImage()V @ 731 c2
Event: 3.557 Thread 0x0000020ed5840700 DEOPT PACKING pc=0x0000020e87b18038 sp=0x00000086a32ff1c0
Event: 3.557 Thread 0x0000020ed5840700 DEOPT UNPACKING pc=0x0000020e87587982 sp=0x00000086a32ff100 mode 2
Event: 4.159 Thread 0x0000020ed41b6b20 DEOPT PACKING pc=0x0000020e8012282c sp=0x00000086a31ff090
Event: 4.159 Thread 0x0000020ed41b6b20 DEOPT UNPACKING pc=0x0000020e875884c2 sp=0x00000086a31fe560 mode 0
Event: 4.491 Thread 0x0000020ed5a8a260 DEOPT PACKING pc=0x0000020e800f555b sp=0x00000086a33fd080
Event: 4.491 Thread 0x0000020ed5a8a260 DEOPT UNPACKING pc=0x0000020e875884c2 sp=0x00000086a33fc558 mode 0

Classes loaded (20 events):
Event: 2.513 Loading class java/awt/image/RGBImageFilter done
Event: 2.513 Loading class javax/swing/plaf/metal/MetalUtils$OceanDisabledButtonImageFilter done
Event: 2.513 Loading class sun/swing/ImageIconUIResource
Event: 2.513 Loading class sun/swing/ImageIconUIResource done
Event: 2.537 Loading class sun/awt/image/BufImgSurfaceManager
Event: 2.537 Loading class sun/awt/image/BufImgSurfaceManager done
Event: 6.750 Loading class java/awt/KeyboardFocusManager$2
Event: 6.750 Loading class java/awt/KeyboardFocusManager$2 done
Event: 6.750 Loading class sun/awt/SunToolkit$1
Event: 6.750 Loading class sun/awt/SunToolkit$1 done
Event: 13239.353 Loading class java/awt/desktop/SystemSleepListener
Event: 13239.359 Loading class java/awt/desktop/SystemEventListener
Event: 13239.359 Loading class java/awt/desktop/SystemEventListener done
Event: 13239.359 Loading class java/awt/desktop/SystemSleepListener done
Event: 368123.248 Loading class java/util/WeakHashMap$KeyIterator
Event: 368123.262 Loading class java/util/WeakHashMap$HashIterator
Event: 368123.269 Loading class java/util/WeakHashMap$HashIterator done
Event: 368123.269 Loading class java/util/WeakHashMap$KeyIterator done
Event: 368123.332 Loading class javax/swing/RepaintManager$DisplayChangedRunnable
Event: 368123.338 Loading class javax/swing/RepaintManager$DisplayChangedRunnable done

Classes unloaded (0 events):
No events

Classes redefined (0 events):
No events

Internal exceptions (14 events):
Event: 0.125 Thread 0x0000020eec33d0e0 Exception <a 'java/lang/NoSuchMethodError'{0x000000008b2453c8}: 'void java.lang.invoke.DirectMethodHandle$Holder.invokeVirtual(java.lang.Object, java.lang.Object)'> (0x000000008b2453c8) 
thrown [s\src\hotspot\share\interpreter\linkResolver.cpp, line 796]
Event: 0.128 Thread 0x0000020eec33d0e0 Exception <a 'java/lang/NoSuchMethodError'{0x000000008b2986d8}: 'java.lang.Object java.lang.invoke.DirectMethodHandle$Holder.invokeInterface(java.lang.Object, java.lang.Object, java.lang.Object)'> (0x000000008b2986d8) 
thrown [s\src\hotspot\share\interpreter\linkResolver.cpp, line 796]
Event: 0.204 Thread 0x0000020eec33d0e0 Exception <a 'sun/nio/fs/WindowsException'{0x000000008b189aa8}> (0x000000008b189aa8) 
thrown [s\src\hotspot\share\prims\jni.cpp, line 520]
Event: 0.209 Thread 0x0000020eec33d0e0 Exception <a 'java/lang/ClassNotFoundException'{0x000000008b193a78}: sun/awt/resources/spi/awtProvider> (0x000000008b193a78) 
thrown [s\src\hotspot\share\classfile\systemDictionary.cpp, line 313]
Event: 0.240 Thread 0x0000020eec33d0e0 Exception <a 'java/io/FileNotFoundException'{0x000000008b1e7350}> (0x000000008b1e7350) 
thrown [s\src\hotspot\share\prims\jni.cpp, line 520]
Event: 0.254 Thread 0x0000020eec33d0e0 Exception <a 'java/io/FileNotFoundException'{0x000000008b015b40}> (0x000000008b015b40) 
thrown [s\src\hotspot\share\prims\jni.cpp, line 520]
Event: 0.373 Thread 0x0000020eec33d0e0 Exception <a 'java/lang/NoSuchMethodError'{0x000000008af20b68}: 'void java.lang.invoke.DirectMethodHandle$Holder.invokeSpecial(java.lang.Object, java.lang.Object, java.lang.Object)'> (0x000000008af20b68) 
thrown [s\src\hotspot\share\interpreter\linkResolver.cpp, line 796]
Event: 0.393 Thread 0x0000020eec33d0e0 Exception <a 'java/lang/NoSuchMethodError'{0x000000008af704c8}: 'java.lang.Object java.lang.invoke.DirectMethodHandle$Holder.invokeStatic(java.lang.Object, int, java.lang.Object)'> (0x000000008af704c8) 
thrown [s\src\hotspot\share\interpreter\linkResolver.cpp, line 796]
Event: 0.423 Thread 0x0000020eec33d0e0 Exception <a 'java/lang/ClassNotFoundException'{0x000000008ae17928}: com/sun/swing/internal/plaf/metal/resources/spi/metalProvider> (0x000000008ae17928) 
thrown [s\src\hotspot\share\classfile\systemDictionary.cpp, line 313]
Event: 0.428 Thread 0x0000020eec33d0e0 Exception <a 'java/lang/ClassNotFoundException'{0x000000008ae1c5d0}: com/sun/swing/internal/plaf/basic/resources/spi/basicProvider> (0x000000008ae1c5d0) 
thrown [s\src\hotspot\share\classfile\systemDictionary.cpp, line 313]
Event: 0.455 Thread 0x0000020eec33d0e0 Exception <a 'java/lang/NoSuchMethodError'{0x000000008ae3f208}: 'int java.lang.invoke.Invokers$Holder.invokeExact_MT(java.lang.Object, java.lang.Object)'> (0x000000008ae3f208) 
thrown [s\src\hotspot\share\interpreter\linkResolver.cpp, line 796]
Event: 0.476 Thread 0x0000020ed41b6b20 Exception <a 'java/lang/NoSuchMethodError'{0x000000008ae64810}: 'java.lang.Object java.lang.invoke.DirectMethodHandle$Holder.newInvokeSpecial(java.lang.Object, java.lang.Object, java.lang.Object, int, int, int, int, int)'> (0x000000008ae64810) 
thrown [s\src\hotspot\share\interpreter\linkResolver.cpp, line 796]
Event: 0.544 Thread 0x0000020eec33d0e0 Exception <a 'java/lang/NoSuchMethodError'{0x000000008ada24d0}: 'void java.lang.invoke.DirectMethodHandle$Holder.invokeStaticInit(java.lang.Object)'> (0x000000008ada24d0) 
thrown [s\src\hotspot\share\interpreter\linkResolver.cpp, line 796]
Event: 0.584 Thread 0x0000020eec33d0e0 Exception <a 'sun/nio/fs/WindowsException'{0x000000008ac35688}> (0x000000008ac35688) 
thrown [s\src\hotspot\share\prims\jni.cpp, line 520]

VM Operations (20 events):
Event: 329138.596 Executing VM operation: HandshakeAllThreads (HandshakeForDeflation)
Event: 329138.596 Executing VM operation: HandshakeAllThreads (HandshakeForDeflation) done
Event: 329138.596 Executing VM operation: RendezvousGCThreads
Event: 329138.596 Executing VM operation: RendezvousGCThreads done
Event: 330446.173 Executing VM operation: HandshakeAllThreads (HandshakeForDeflation)
Event: 330446.173 Executing VM operation: HandshakeAllThreads (HandshakeForDeflation) done
Event: 330446.176 Executing VM operation: RendezvousGCThreads
Event: 330446.176 Executing VM operation: RendezvousGCThreads done
Event: 330785.934 Executing VM operation: HandshakeAllThreads (HandshakeForDeflation)
Event: 330785.934 Executing VM operation: HandshakeAllThreads (HandshakeForDeflation) done
Event: 330785.934 Executing VM operation: RendezvousGCThreads
Event: 330785.934 Executing VM operation: RendezvousGCThreads done
Event: 366734.481 Executing VM operation: HandshakeAllThreads (HandshakeForDeflation)
Event: 366734.482 Executing VM operation: HandshakeAllThreads (HandshakeForDeflation) done
Event: 366734.482 Executing VM operation: RendezvousGCThreads
Event: 366734.482 Executing VM operation: RendezvousGCThreads done
Event: 368178.121 Executing VM operation: HandshakeAllThreads (HandshakeForDeflation)
Event: 368178.121 Executing VM operation: HandshakeAllThreads (HandshakeForDeflation) done
Event: 368178.121 Executing VM operation: RendezvousGCThreads
Event: 368178.121 Executing VM operation: RendezvousGCThreads done

Memory protections (0 events):
No events

Nmethod flushes (0 events):
No events

Events (20 events):
Event: 0.054 Thread 0x0000020eec33d0e0 Thread added: 0x0000020ef6eda130
Event: 0.054 Thread 0x0000020eec33d0e0 Thread added: 0x0000020ef6edea50
Event: 0.054 Thread 0x0000020eec33d0e0 Thread added: 0x0000020ef6f021c0
Event: 0.055 Thread 0x0000020eec33d0e0 Thread added: 0x0000020ef6f08e90
Event: 0.088 Thread 0x0000020eec33d0e0 Thread added: 0x0000020ef6e9d2b0
Event: 0.179 Thread 0x0000020eec33d0e0 Thread added: 0x0000020ed417d6e0
Event: 0.330 Thread 0x0000020eec33d0e0 Thread added: 0x0000020ed42fc960
Event: 0.333 Thread 0x0000020eec33d0e0 Thread added: 0x0000020ed42fcfd0
Event: 0.335 Thread 0x0000020eec33d0e0 Thread added: 0x0000020ed432eeb0
Event: 0.466 Thread 0x0000020eec33d0e0 Thread added: 0x0000020ed41b6b20
Event: 0.499 Thread 0x0000020eec33d0e0 Thread added: 0x0000020ed5840700
Event: 0.524 Thread 0x0000020ed432eeb0 Thread added: 0x0000020ed5a8a260
Event: 0.714 Thread 0x0000020eec33d0e0 Thread exited: 0x0000020eec33d0e0
Event: 0.714 Thread 0x0000020eec33d0e0 Thread added: 0x0000020eec33d0e0
Event: 2.484 Thread 0x0000020ef6f08e90 Thread added: 0x0000020ed5aa7300
Event: 2.796 Thread 0x0000020ed5aa7300 Thread exited: 0x0000020ed5aa7300
Event: 3.045 Thread 0x0000020ef6f08e90 Thread added: 0x0000020ed5aa7300
Event: 3.331 Thread 0x0000020ed5aa7300 Thread exited: 0x0000020ed5aa7300
Event: 9.165 Thread 0x0000020ed41b6b20 Thread exited: 0x0000020ed41b6b20
Event: 9.727 Thread 0x0000020ed5840700 Thread exited: 0x0000020ed5840700


Dynamic libraries:
0x00007ff607c90000 - 0x00007ff607c9e000 	C:\Users\marca\.p2\pool\plugins\org.eclipse.justj.openjdk.hotspot.jre.full.win32.x86_64_23.0.2.v20250131-0604\jre\bin\javaw.exe
0x00007ffad3fd0000 - 0x00007ffad41e7000 	C:\Windows\SYSTEM32\ntdll.dll
0x00007ffad2cf0000 - 0x00007ffad2db4000 	C:\Windows\System32\KERNEL32.DLL
0x00007ffad13a0000 - 0x00007ffad1770000 	C:\Windows\System32\KERNELBASE.dll
0x00007ffad1280000 - 0x00007ffad1391000 	C:\Windows\System32\ucrtbase.dll
0x00007ffaa89b0000 - 0x00007ffaa89ce000 	C:\Users\marca\.p2\pool\plugins\org.eclipse.justj.openjdk.hotspot.jre.full.win32.x86_64_23.0.2.v20250131-0604\jre\bin\VCRUNTIME140.dll
0x00007ffaa89d0000 - 0x00007ffaa89e7000 	C:\Users\marca\.p2\pool\plugins\org.eclipse.justj.openjdk.hotspot.jre.full.win32.x86_64_23.0.2.v20250131-0604\jre\bin\jli.dll
0x00007ffad3010000 - 0x00007ffad31be000 	C:\Windows\System32\USER32.dll
0x00007ffad1af0000 - 0x00007ffad1b16000 	C:\Windows\System32\win32u.dll
0x00007ffad3dd0000 - 0x00007ffad3df9000 	C:\Windows\System32\GDI32.dll
0x00007ffad19d0000 - 0x00007ffad1aeb000 	C:\Windows\System32\gdi32full.dll
0x00007ffabc030000 - 0x00007ffabc2c2000 	C:\Windows\WinSxS\amd64_microsoft.windows.common-controls_6595b64144ccf1df_6.0.22621.4830_none_270fe7d773858e80\COMCTL32.dll
0x00007ffad1ba0000 - 0x00007ffad1c3a000 	C:\Windows\System32\msvcp_win.dll
0x00007ffad29e0000 - 0x00007ffad2a87000 	C:\Windows\System32\msvcrt.dll
0x00007ffad2230000 - 0x00007ffad2261000 	C:\Windows\System32\IMM32.DLL
0x00007ffabae90000 - 0x00007ffabae9c000 	C:\Users\marca\.p2\pool\plugins\org.eclipse.justj.openjdk.hotspot.jre.full.win32.x86_64_23.0.2.v20250131-0604\jre\bin\vcruntime140_1.dll
0x00007ffa75160000 - 0x00007ffa751ed000 	C:\Users\marca\.p2\pool\plugins\org.eclipse.justj.openjdk.hotspot.jre.full.win32.x86_64_23.0.2.v20250131-0604\jre\bin\msvcp140.dll
0x00007ffa3d710000 - 0x00007ffa3e4de000 	C:\Users\marca\.p2\pool\plugins\org.eclipse.justj.openjdk.hotspot.jre.full.win32.x86_64_23.0.2.v20250131-0604\jre\bin\server\jvm.dll
0x00007ffad2920000 - 0x00007ffad29d1000 	C:\Windows\System32\ADVAPI32.dll
0x00007ffad2180000 - 0x00007ffad2227000 	C:\Windows\System32\sechost.dll
0x00007ffad1770000 - 0x00007ffad1798000 	C:\Windows\System32\bcrypt.dll
0x00007ffad2ef0000 - 0x00007ffad3004000 	C:\Windows\System32\RPCRT4.dll
0x00007ffad1d70000 - 0x00007ffad1de1000 	C:\Windows\System32\WS2_32.dll
0x00007ffad00f0000 - 0x00007ffad013d000 	C:\Windows\SYSTEM32\POWRPROF.dll
0x00007ffac8750000 - 0x00007ffac8784000 	C:\Windows\SYSTEM32\WINMM.dll
0x00007ffac1df0000 - 0x00007ffac1dfa000 	C:\Windows\SYSTEM32\VERSION.dll
0x00007ffad00d0000 - 0x00007ffad00e3000 	C:\Windows\SYSTEM32\UMPDC.dll
0x00007ffad0390000 - 0x00007ffad03a8000 	C:\Windows\SYSTEM32\kernel.appcore.dll
0x00007ffacac40000 - 0x00007ffacac4a000 	C:\Users\marca\.p2\pool\plugins\org.eclipse.justj.openjdk.hotspot.jre.full.win32.x86_64_23.0.2.v20250131-0604\jre\bin\jimage.dll
0x00007ffaceb40000 - 0x00007ffaced72000 	C:\Windows\SYSTEM32\DBGHELP.DLL
0x00007ffad3a40000 - 0x00007ffad3dd0000 	C:\Windows\System32\combase.dll
0x00007ffad3eb0000 - 0x00007ffad3f87000 	C:\Windows\System32\OLEAUT32.dll
0x00007ffab0400000 - 0x00007ffab0432000 	C:\Windows\SYSTEM32\dbgcore.DLL
0x00007ffad1b20000 - 0x00007ffad1b9b000 	C:\Windows\System32\bcryptPrimitives.dll
0x00007ffac2700000 - 0x00007ffac271e000 	C:\Users\marca\.p2\pool\plugins\org.eclipse.justj.openjdk.hotspot.jre.full.win32.x86_64_23.0.2.v20250131-0604\jre\bin\java.dll
0x00007ffad2270000 - 0x00007ffad2411000 	C:\Windows\System32\ole32.dll
0x00007ffad31c0000 - 0x00007ffad3a38000 	C:\Windows\System32\SHELL32.dll
0x00007ffacf180000 - 0x00007ffacfa90000 	C:\Windows\SYSTEM32\windows.storage.dll
0x00007ffacf040000 - 0x00007ffacf17f000 	C:\Windows\SYSTEM32\wintypes.dll
0x00007ffad2b80000 - 0x00007ffad2c8a000 	C:\Windows\System32\SHCORE.dll
0x00007ffad2c90000 - 0x00007ffad2cee000 	C:\Windows\System32\shlwapi.dll
0x00007ffad11b0000 - 0x00007ffad11db000 	C:\Windows\SYSTEM32\profapi.dll
0x00007ffacab90000 - 0x00007ffacaba0000 	C:\Users\marca\.p2\pool\plugins\org.eclipse.justj.openjdk.hotspot.jre.full.win32.x86_64_23.0.2.v20250131-0604\jre\bin\net.dll
0x00007ffad0830000 - 0x00007ffad089a000 	C:\Windows\system32\mswsock.dll
0x00007ffab6e60000 - 0x00007ffab6e76000 	C:\Users\marca\.p2\pool\plugins\org.eclipse.justj.openjdk.hotspot.jre.full.win32.x86_64_23.0.2.v20250131-0604\jre\bin\nio.dll
0x00007ffabbc50000 - 0x00007ffabbc67000 	C:\Users\marca\.p2\pool\plugins\org.eclipse.justj.openjdk.hotspot.jre.full.win32.x86_64_23.0.2.v20250131-0604\jre\bin\zip.dll
0x00007ffa55200000 - 0x00007ffa5538d000 	C:\Users\marca\.p2\pool\plugins\org.eclipse.justj.openjdk.hotspot.jre.full.win32.x86_64_23.0.2.v20250131-0604\jre\bin\awt.dll
0x00007ffacaff0000 - 0x00007ffacb087000 	C:\Windows\SYSTEM32\apphelp.dll
0x00007fface3c0000 - 0x00007fface3eb000 	C:\Windows\system32\DWMAPI.DLL
0x00007fface180000 - 0x00007fface231000 	C:\Windows\system32\uxtheme.dll
0x00007ffab5cb0000 - 0x00007ffab5db0000 	C:\Windows\system32\opengl32.dll
0x00007ffab5610000 - 0x00007ffab563d000 	C:\Windows\SYSTEM32\GLU32.dll
0x00007fface270000 - 0x00007fface2a7000 	C:\Windows\SYSTEM32\dxcore.dll
0x00007ffad1e60000 - 0x00007ffad1fbf000 	C:\Windows\System32\MSCTF.dll
0x00007ffa6c780000 - 0x00007ffa6c807000 	C:\Users\marca\.p2\pool\plugins\org.eclipse.justj.openjdk.hotspot.jre.full.win32.x86_64_23.0.2.v20250131-0604\jre\bin\freetype.dll
0x00007ffa55030000 - 0x00007ffa55108000 	C:\Users\marca\.p2\pool\plugins\org.eclipse.justj.openjdk.hotspot.jre.full.win32.x86_64_23.0.2.v20250131-0604\jre\bin\fontmanager.dll
0x00007ffac2b70000 - 0x00007ffac2cb6000 	C:\Windows\SYSTEM32\textinputframework.dll
0x00007ffab57f0000 - 0x00007ffab5859000 	C:\Windows\system32\Oleacc.dll
0x00007ffad1cc0000 - 0x00007ffad1d70000 	C:\Windows\System32\clbcatq.dll
0x00007ffac3740000 - 0x00007ffac378b000 	C:\Windows\system32\ApplicationTargetedFeatureDatabase.dll
0x00007ffac6c10000 - 0x00007ffac6eb5000 	C:\Windows\System32\twinapi.appcore.dll
0x00007ffacac50000 - 0x00007ffacad85000 	C:\Windows\SYSTEM32\CoreMessaging.dll
0x00007ffac7c10000 - 0x00007ffac7f7c000 	C:\Windows\SYSTEM32\CoreUIComponents.dll
0x00007ffad0aa0000 - 0x00007ffad0aac000 	C:\Windows\SYSTEM32\CRYPTBASE.DLL
0x00007ffabcfc0000 - 0x00007ffabd071000 	C:\Windows\SYSTEM32\TextShaping.dll

dbghelp: loaded successfully - version: 4.0.5 - missing functions: none
symbol engine: initialized successfully - sym options: 0x614 - pdb path: .;C:\Users\marca\.p2\pool\plugins\org.eclipse.justj.openjdk.hotspot.jre.full.win32.x86_64_23.0.2.v20250131-0604\jre\bin;C:\Windows\SYSTEM32;C:\Windows\WinSxS\amd64_microsoft.windows.common-controls_6595b64144ccf1df_6.0.22621.4830_none_270fe7d773858e80;C:\Users\marca\.p2\pool\plugins\org.eclipse.justj.openjdk.hotspot.jre.full.win32.x86_64_23.0.2.v20250131-0604\jre\bin\server

VM Arguments:
jvm_args: -Dfile.encoding=UTF-8 -Dstdout.encoding=UTF-8 -Dstderr.encoding=UTF-8 --module-path=C:\Users\marca\git\repository2\github.com\DiegoCareaga946\PROGRAMACION_TM_4TOSEM\Aplicacion\Aplicacion\Aplicacion\bin -XX:+ShowCodeDetailsInExceptionMessages -Djdk.module.main=Aplicacion 
java_command: Aplicacion/JuegoGato.JuegoGato_Window
java_class_path (initial): <not set>
Launcher Type: SUN_STANDARD

[Global flags]
     intx CICompilerCount                          = 3                                         {product} {ergonomic}
     uint ConcGCThreads                            = 1                                         {product} {ergonomic}
     uint G1ConcRefinementThreads                  = 4                                         {product} {ergonomic}
   size_t G1HeapRegionSize                         = 1048576                                   {product} {ergonomic}
   size_t InitialHeapSize                          = 132120576                                 {product} {ergonomic}
   size_t MarkStackSize                            = 4194304                                   {product} {ergonomic}
   size_t MarkStackSizeMax                         = 536870912                                 {product} {ergonomic}
   size_t MaxHeapSize                              = 2090860544                                {product} {ergonomic}
   size_t MaxNewSize                               = 1254096896                                {product} {ergonomic}
   size_t MinHeapDeltaBytes                        = 1048576                                   {product} {ergonomic}
   size_t MinHeapSize                              = 8388608                                   {product} {ergonomic}
    uintx NonNMethodCodeHeapSize                   = 5832704                                {pd product} {ergonomic}
    uintx NonProfiledCodeHeapSize                  = 122945536                              {pd product} {ergonomic}
    uintx ProfiledCodeHeapSize                     = 122880000                              {pd product} {ergonomic}
    uintx ReservedCodeCacheSize                    = 251658240                              {pd product} {ergonomic}
     bool SegmentedCodeCache                       = true                                      {product} {ergonomic}
     bool ShowCodeDetailsInExceptionMessages       = true                                   {manageable} {command line}
   size_t SoftMaxHeapSize                          = 2090860544                             {manageable} {ergonomic}
     bool UseCompressedOops                        = true                           {product lp64_product} {ergonomic}
     bool UseG1GC                                  = true                                      {product} {ergonomic}
     bool UseLargePagesIndividualAllocation        = false                                  {pd product} {ergonomic}

Logging:
Log output configuration:
 #0: stdout all=warning uptime,level,tags foldmultilines=false
 #1: stderr all=off uptime,level,tags foldmultilines=false

Environment Variables:
PATH=C:/Users/marca/.p2/pool/plugins/org.eclipse.justj.openjdk.hotspot.jre.full.win32.x86_64_23.0.2.v20250131-0604/jre/bin/server;C:/Users/marca/.p2/pool/plugins/org.eclipse.justj.openjdk.hotspot.jre.full.win32.x86_64_23.0.2.v20250131-0604/jre/bin;C:\Program Files (x86)\Common Files\Oracle\Java\javapath;C:\Windows\system32;C:\Windows;C:\Windows\System32\Wbem;C:\Windows\System32\WindowsPowerShell\v1.0\;C:\Windows\System32\OpenSSH\;C:\Program Files\dotnet\;C:\Program Files\MATLAB\R2024b\bin;C:\Users\marca\AppData\Local\Microsoft\WindowsApps;;C:\Users\marca\AppData\Local\Programs\Microsoft VS Code\bin;C:\Users\marca\.dotnet\tools;C:\Users\marca\Desktop;
USERNAME=marca
OS=Windows_NT
PROCESSOR_IDENTIFIER=Intel64 Family 6 Model 140 Stepping 1, GenuineIntel
TMP=C:\Users\marca\AppData\Local\Temp
TEMP=C:\Users\marca\AppData\Local\Temp




Periodic native trim disabled

---------------  S Y S T E M  ---------------

OS:
 Windows 11 , 64 bit Build 22621 (10.0.22621.4830)
OS uptime: 34 days 12:58 hours
Hyper-V role detected

CPU: total 4 (initial active 4) (2 cores per cpu, 2 threads per core) family 6 model 140 stepping 1 microcode 0x8a, cx8, cmov, fxsr, ht, mmx, 3dnowpref, sse, sse2, sse3, ssse3, sse4.1, sse4.2, popcnt, lzcnt, tsc, tscinvbit, avx, avx2, aes, erms, clmul, bmi1, bmi2, adx, avx512f, avx512dq, avx512cd, avx512bw, avx512vl, sha, fma, vzeroupper, avx512_vpopcntdq, avx512_vpclmulqdq, avx512_vaes, avx512_vnni, clflush, clflushopt, clwb, avx512_vbmi2, avx512_vbmi, hv, rdtscp, rdpid, fsrm, gfni, avx512_bitalg, f16c, cet_ibt, cet_ss, avx512_ifma
Processor Information for the first 4 processors :
  Max Mhz: 2995, Current Mhz: 2995, Mhz Limit: 2995

Memory: 4k page, system-wide physical 7971M (378M free)
TotalPageFile size 32547M (AvailPageFile size 0M)
current process WorkingSet (physical memory assigned to process): 11M, peak: 95M
current process commit charge ("private bytes"): 214M, peak: 227M

vm_info: OpenJDK 64-Bit Server VM (23.0.2+7) for windows-amd64 JRE (23.0.2+7), built on 2025-01-21T00:00:00Z with MS VC++ 17.7 (VS2022)

END.
