#
# There is insufficient memory for the Java Runtime Environment to continue.
# Native memory allocation (malloc) failed to allocate 32744 bytes. Error detail: Chunk::new
# Possible reasons:
#   The system is out of physical RAM or swap space
#   This process is running with CompressedOops enabled, and the Java Heap may be blocking the growth of the native heap
# Possible solutions:
#   Reduce memory load on the system
#   Increase physical memory or swap space
#   Check if swap backing store is full
#   Decrease Java heap size (-Xmx/-Xms)
#   Decrease number of Java threads
#   Decrease Java thread stack sizes (-Xss)
#   Set larger code cache with -XX:ReservedCodeCacheSize=
#   JVM is running with Unscaled Compressed Oops mode in which the Java heap is
#     placed in the first 4GB address space. The Java Heap base address is the
#     maximum limit for the native heap growth. Please use -XX:HeapBaseMinAddress
#     to set the Java Heap base and to place the Java Heap above 4GB virtual address.
# This output file may be truncated or incomplete.
#
#  Out of Memory Error (arena.cpp:149), pid=37712, tid=57408
#
# JRE version: OpenJDK Runtime Environment Temurin-23.0.2+7 (23.0.2+7) (build 23.0.2+7)
# Java VM: OpenJDK 64-Bit Server VM Temurin-23.0.2+7 (23.0.2+7, mixed mode, sharing, tiered, compressed oops, compressed class ptrs, g1 gc, windows-amd64)
# No core dump will be written. Minidumps are not enabled by default on client versions of Windows
#

---------------  S U M M A R Y ------------

Command Line: -Dfile.encoding=UTF-8 -Dstdout.encoding=UTF-8 -Dstderr.encoding=UTF-8 --module-path=C:\Users\marca\git\repository2\github.com\DiegoCareaga946\PROGRAMACION_TM_4TOSEM\Aplicacion\Aplicacion\Aplicacion\bin -XX:+ShowCodeDetailsInExceptionMessages -Djdk.module.main=Aplicacion Aplicacion/Juego_numerico.Juego_numerico

Host: 11th Gen Intel(R) Core(TM) i3-1115G4 @ 3.00GHz, 4 cores, 7G,  Windows 11 , 64 bit Build 22621 (10.0.22621.4830)
Time: Mon Mar 24 21:34:31 2025 Hora de ver. Pacífico (México) elapsed time: 39194.658359 seconds (0d 10h 53m 14s)

---------------  T H R E A D  ---------------

Current thread (0x00000281e7a46bc0):  JavaThread "C2 CompilerThread0" daemon [_thread_in_native, id=57408, stack(0x000000f4c8400000,0x000000f4c8500000) (1024K)]


Current CompileTask:
C2:39194658 1378       4       java.util.HashSet::add (20 bytes)

Stack: [0x000000f4c8400000,0x000000f4c8500000]
Native frames: (J=compiled Java code, j=interpreted, Vv=VM code, C=native code)
V  [jvm.dll+0x6e8fa9]  (no source info available)
V  [jvm.dll+0x8d96b3]  (no source info available)
V  [jvm.dll+0x8dbb3e]  (no source info available)
V  [jvm.dll+0x8dc213]  (no source info available)
V  [jvm.dll+0x281bc6]  (no source info available)
V  [jvm.dll+0xbbb0f]  (no source info available)
V  [jvm.dll+0xbbd6b]  (no source info available)
V  [jvm.dll+0x2e8f02]  (no source info available)
V  [jvm.dll+0x88e3a7]  (no source info available)
V  [jvm.dll+0x24a271]  (no source info available)
V  [jvm.dll+0x2496e9]  (no source info available)
V  [jvm.dll+0x1c8fb0]  (no source info available)
V  [jvm.dll+0x25a23e]  (no source info available)
V  [jvm.dll+0x25850a]  (no source info available)
V  [jvm.dll+0x3f4916]  (no source info available)
V  [jvm.dll+0x88062b]  (no source info available)
V  [jvm.dll+0x6e77b5]  (no source info available)
C  [ucrtbase.dll+0x29333]  (no source info available)
C  [KERNEL32.DLL+0x1259d]  (no source info available)
C  [ntdll.dll+0x5af38]  (no source info available)

Lock stack of current Java thread (top to bottom):


---------------  P R O C E S S  ---------------

Threads class SMR info:
_java_thread_list=0x00000281c6ebf540, length=15, elements={
0x00000281e7a3e5e0, 0x00000281e7a404a0, 0x00000281e7a42b40, 0x00000281e7a43690,
0x00000281e7a441e0, 0x00000281e7a44d30, 0x00000281e7a46bc0, 0x00000281e7a55bb0,
0x00000281c50eea60, 0x00000281c51d07b0, 0x00000281c533f1a0, 0x00000281c533f810,
0x00000281c5342940, 0x00000281c6979020, 0x00000281cddb04a0
}

Java Threads: ( => current thread )
  0x00000281e7a3e5e0 JavaThread "Reference Handler"          daemon [_thread_blocked, id=30420, stack(0x000000f4c7e00000,0x000000f4c7f00000) (1024K)]
  0x00000281e7a404a0 JavaThread "Finalizer"                  daemon [_thread_blocked, id=832, stack(0x000000f4c7f00000,0x000000f4c8000000) (1024K)]
  0x00000281e7a42b40 JavaThread "Signal Dispatcher"          daemon [_thread_blocked, id=17552, stack(0x000000f4c8000000,0x000000f4c8100000) (1024K)]
  0x00000281e7a43690 JavaThread "Attach Listener"            daemon [_thread_blocked, id=50340, stack(0x000000f4c8100000,0x000000f4c8200000) (1024K)]
  0x00000281e7a441e0 JavaThread "Service Thread"             daemon [_thread_blocked, id=45080, stack(0x000000f4c8200000,0x000000f4c8300000) (1024K)]
  0x00000281e7a44d30 JavaThread "Monitor Deflation Thread"   daemon [_thread_blocked, id=46988, stack(0x000000f4c8300000,0x000000f4c8400000) (1024K)]
=>0x00000281e7a46bc0 JavaThread "C2 CompilerThread0"         daemon [_thread_in_native, id=57408, stack(0x000000f4c8400000,0x000000f4c8500000) (1024K)]
  0x00000281e7a55bb0 JavaThread "C1 CompilerThread0"         daemon [_thread_in_native, id=37780, stack(0x000000f4c8500000,0x000000f4c8600000) (1024K)]
  0x00000281c50eea60 JavaThread "Common-Cleaner"             daemon [_thread_blocked, id=51492, stack(0x000000f4c8600000,0x000000f4c8700000) (1024K)]
  0x00000281c51d07b0 JavaThread "Notification Thread"        daemon [_thread_blocked, id=13444, stack(0x000000f4c8700000,0x000000f4c8800000) (1024K)]
  0x00000281c533f1a0 JavaThread "Java2D Disposer"            daemon [_thread_blocked, id=18352, stack(0x000000f4c8800000,0x000000f4c8900000) (1024K)]
  0x00000281c533f810 JavaThread "AWT-Shutdown"                      [_thread_blocked, id=28868, stack(0x000000f4c8900000,0x000000f4c8a00000) (1024K)]
  0x00000281c5342940 JavaThread "AWT-Windows"                daemon [_thread_in_native, id=29932, stack(0x000000f4c8a00000,0x000000f4c8b00000) (1024K)]
  0x00000281c6979020 JavaThread "AWT-EventQueue-0"                  [_thread_blocked, id=31416, stack(0x000000f4c8b00000,0x000000f4c8c00000) (1024K)]
  0x00000281cddb04a0 JavaThread "DestroyJavaVM"                     [_thread_blocked, id=22920, stack(0x000000f4c7600000,0x000000f4c7700000) (1024K)]
Total: 15

Other Threads:
  0x00000281e7a24e20 VMThread "VM Thread"                           [id=7600, stack(0x000000f4c7d00000,0x000000f4c7e00000) (1024K)]
  0x00000281e7a11480 WatcherThread "VM Periodic Task Thread"        [id=19860, stack(0x000000f4c7c00000,0x000000f4c7d00000) (1024K)]
  0x00000281d014f470 WorkerThread "GC Thread#0"                     [id=37924, stack(0x000000f4c7700000,0x000000f4c7800000) (1024K)]
  0x00000281c69eee10 WorkerThread "GC Thread#1"                     [id=12276, stack(0x000000f4c8c00000,0x000000f4c8d00000) (1024K)]
  0x00000281c6ceb5b0 WorkerThread "GC Thread#2"                     [id=28140, stack(0x000000f4c8e00000,0x000000f4c8f00000) (1024K)]
  0x00000281c6cebd70 WorkerThread "GC Thread#3"                     [id=31132, stack(0x000000f4c8f00000,0x000000f4c9000000) (1024K)]
  0x00000281d01a2010 ConcurrentGCThread "G1 Main Marker"            [id=27324, stack(0x000000f4c7800000,0x000000f4c7900000) (1024K)]
  0x00000281d01a2b20 WorkerThread "G1 Conc#0"                       [id=55404, stack(0x000000f4c7900000,0x000000f4c7a00000) (1024K)]
  0x00000281e78e6020 ConcurrentGCThread "G1 Refine#0"               [id=6408, stack(0x000000f4c7a00000,0x000000f4c7b00000) (1024K)]
  0x00000281e78e67b0 ConcurrentGCThread "G1 Service"                [id=43304, stack(0x000000f4c7b00000,0x000000f4c7c00000) (1024K)]
Total: 10

Threads with active compile tasks:
C2 CompilerThread0  39195074 1378       4       java.util.HashSet::add (20 bytes)
C1 CompilerThread0  39195074 1379       3       java.awt.geom.AffineTransform::equals (104 bytes)
Total: 2

VM state: not at safepoint (normal execution)

VM Mutex/Monitor currently owned by a thread: None

Heap address: 0x0000000083600000, size: 1994 MB, Compressed Oops mode: 32-bit

CDS archive(s) mapped at: [0x0000028180000000-0x0000028180d70000-0x0000028180d70000), size 14090240, SharedBaseAddress: 0x0000028180000000, ArchiveRelocationMode: 1.
Compressed class space mapped at: 0x0000028181000000-0x00000281c1000000, reserved size: 1073741824
Narrow klass base: 0x0000028180000000, Narrow klass shift: 0, Narrow klass range: 0x41000000

GC Precious Log:
 CardTable entry size: 512
 Card Set container configuration: InlinePtr #cards 5 size 8 Array Of Cards #cards 10 size 36 Howl #buckets 4 coarsen threshold 1843 Howl Bitmap #cards 512 size 80 coarsen threshold 460 Card regions per heap region 1 cards per card region 2048
 CPUs: 4 total, 4 available
 Memory: 7971M
 Large Page Support: Disabled
 NUMA Support: Disabled
 Compressed Oops: Enabled (32-bit)
 Heap Region Size: 1M
 Heap Min Capacity: 8M
 Heap Initial Capacity: 126M
 Heap Max Capacity: 1994M
 Pre-touch: Disabled
 Parallel Workers: 4
 Concurrent Workers: 1
 Concurrent Refinement Workers: 4
 Periodic GC: Disabled

Heap:
 garbage-first heap   total reserved 2041856K, committed 129024K, used 11011K [0x0000000083600000, 0x0000000100000000)
  region size 1024K, 8 young (8192K), 2 survivors (2048K)
 Metaspace       used 7267K, committed 7488K, reserved 1114112K
  class space    used 782K, committed 896K, reserved 1048576K

Heap Regions: E=young(eden), S=young(survivor), O=old, HS=humongous(starts), HC=humongous(continues), CS=collection set, F=free, TAMS=top-at-mark-start, PB=parsable bottom
|   0|0x0000000083600000, 0x0000000083700000, 0x0000000083700000|100%|HS|  |TAMS 0x0000000083600000| PB 0x0000000083600000| Complete |  0
|   1|0x0000000083700000, 0x0000000083800000, 0x0000000083800000|100%|HC|  |TAMS 0x0000000083700000| PB 0x0000000083700000| Complete |  0
|   2|0x0000000083800000, 0x0000000083900000, 0x0000000083900000|100%|HC|  |TAMS 0x0000000083800000| PB 0x0000000083800000| Complete |  0
|   3|0x0000000083900000, 0x00000000839c0c20, 0x0000000083a00000| 75%| O|  |TAMS 0x0000000083900000| PB 0x0000000083900000| Untracked |  0
|   4|0x0000000083a00000, 0x0000000083a00000, 0x0000000083b00000|  0%| F|  |TAMS 0x0000000083a00000| PB 0x0000000083a00000| Untracked |  0
|   5|0x0000000083b00000, 0x0000000083b00000, 0x0000000083c00000|  0%| F|  |TAMS 0x0000000083b00000| PB 0x0000000083b00000| Untracked |  0
|   6|0x0000000083c00000, 0x0000000083c00000, 0x0000000083d00000|  0%| F|  |TAMS 0x0000000083c00000| PB 0x0000000083c00000| Untracked |  0
|   7|0x0000000083d00000, 0x0000000083d00000, 0x0000000083e00000|  0%| F|  |TAMS 0x0000000083d00000| PB 0x0000000083d00000| Untracked |  0
|   8|0x0000000083e00000, 0x0000000083e00000, 0x0000000083f00000|  0%| F|  |TAMS 0x0000000083e00000| PB 0x0000000083e00000| Untracked |  0
|   9|0x0000000083f00000, 0x0000000083f00000, 0x0000000084000000|  0%| F|  |TAMS 0x0000000083f00000| PB 0x0000000083f00000| Untracked |  0
|  10|0x0000000084000000, 0x0000000084000000, 0x0000000084100000|  0%| F|  |TAMS 0x0000000084000000| PB 0x0000000084000000| Untracked |  0
|  11|0x0000000084100000, 0x0000000084100000, 0x0000000084200000|  0%| F|  |TAMS 0x0000000084100000| PB 0x0000000084100000| Untracked |  0
|  12|0x0000000084200000, 0x0000000084200000, 0x0000000084300000|  0%| F|  |TAMS 0x0000000084200000| PB 0x0000000084200000| Untracked |  0
|  13|0x0000000084300000, 0x0000000084300000, 0x0000000084400000|  0%| F|  |TAMS 0x0000000084300000| PB 0x0000000084300000| Untracked |  0
|  14|0x0000000084400000, 0x0000000084400000, 0x0000000084500000|  0%| F|  |TAMS 0x0000000084400000| PB 0x0000000084400000| Untracked |  0
|  15|0x0000000084500000, 0x0000000084500000, 0x0000000084600000|  0%| F|  |TAMS 0x0000000084500000| PB 0x0000000084500000| Untracked |  0
|  16|0x0000000084600000, 0x0000000084600000, 0x0000000084700000|  0%| F|  |TAMS 0x0000000084600000| PB 0x0000000084600000| Untracked |  0
|  17|0x0000000084700000, 0x0000000084700000, 0x0000000084800000|  0%| F|  |TAMS 0x0000000084700000| PB 0x0000000084700000| Untracked |  0
|  18|0x0000000084800000, 0x0000000084800000, 0x0000000084900000|  0%| F|  |TAMS 0x0000000084800000| PB 0x0000000084800000| Untracked |  0
|  19|0x0000000084900000, 0x0000000084900000, 0x0000000084a00000|  0%| F|  |TAMS 0x0000000084900000| PB 0x0000000084900000| Untracked |  0
|  20|0x0000000084a00000, 0x0000000084a00000, 0x0000000084b00000|  0%| F|  |TAMS 0x0000000084a00000| PB 0x0000000084a00000| Untracked |  0
|  21|0x0000000084b00000, 0x0000000084b00000, 0x0000000084c00000|  0%| F|  |TAMS 0x0000000084b00000| PB 0x0000000084b00000| Untracked |  0
|  22|0x0000000084c00000, 0x0000000084c00000, 0x0000000084d00000|  0%| F|  |TAMS 0x0000000084c00000| PB 0x0000000084c00000| Untracked |  0
|  23|0x0000000084d00000, 0x0000000084d00000, 0x0000000084e00000|  0%| F|  |TAMS 0x0000000084d00000| PB 0x0000000084d00000| Untracked |  0
|  24|0x0000000084e00000, 0x0000000084e00000, 0x0000000084f00000|  0%| F|  |TAMS 0x0000000084e00000| PB 0x0000000084e00000| Untracked |  0
|  25|0x0000000084f00000, 0x0000000084f00000, 0x0000000085000000|  0%| F|  |TAMS 0x0000000084f00000| PB 0x0000000084f00000| Untracked |  0
|  26|0x0000000085000000, 0x0000000085000000, 0x0000000085100000|  0%| F|  |TAMS 0x0000000085000000| PB 0x0000000085000000| Untracked |  0
|  27|0x0000000085100000, 0x0000000085100000, 0x0000000085200000|  0%| F|  |TAMS 0x0000000085100000| PB 0x0000000085100000| Untracked |  0
|  28|0x0000000085200000, 0x0000000085200000, 0x0000000085300000|  0%| F|  |TAMS 0x0000000085200000| PB 0x0000000085200000| Untracked |  0
|  29|0x0000000085300000, 0x0000000085300000, 0x0000000085400000|  0%| F|  |TAMS 0x0000000085300000| PB 0x0000000085300000| Untracked |  0
|  30|0x0000000085400000, 0x0000000085400000, 0x0000000085500000|  0%| F|  |TAMS 0x0000000085400000| PB 0x0000000085400000| Untracked |  0
|  31|0x0000000085500000, 0x0000000085500000, 0x0000000085600000|  0%| F|  |TAMS 0x0000000085500000| PB 0x0000000085500000| Untracked |  0
|  32|0x0000000085600000, 0x0000000085600000, 0x0000000085700000|  0%| F|  |TAMS 0x0000000085600000| PB 0x0000000085600000| Untracked |  0
|  33|0x0000000085700000, 0x0000000085700000, 0x0000000085800000|  0%| F|  |TAMS 0x0000000085700000| PB 0x0000000085700000| Untracked |  0
|  34|0x0000000085800000, 0x0000000085800000, 0x0000000085900000|  0%| F|  |TAMS 0x0000000085800000| PB 0x0000000085800000| Untracked |  0
|  35|0x0000000085900000, 0x0000000085900000, 0x0000000085a00000|  0%| F|  |TAMS 0x0000000085900000| PB 0x0000000085900000| Untracked |  0
|  36|0x0000000085a00000, 0x0000000085a00000, 0x0000000085b00000|  0%| F|  |TAMS 0x0000000085a00000| PB 0x0000000085a00000| Untracked |  0
|  37|0x0000000085b00000, 0x0000000085b00000, 0x0000000085c00000|  0%| F|  |TAMS 0x0000000085b00000| PB 0x0000000085b00000| Untracked |  0
|  38|0x0000000085c00000, 0x0000000085c00000, 0x0000000085d00000|  0%| F|  |TAMS 0x0000000085c00000| PB 0x0000000085c00000| Untracked |  0
|  39|0x0000000085d00000, 0x0000000085d00000, 0x0000000085e00000|  0%| F|  |TAMS 0x0000000085d00000| PB 0x0000000085d00000| Untracked |  0
|  40|0x0000000085e00000, 0x0000000085e00000, 0x0000000085f00000|  0%| F|  |TAMS 0x0000000085e00000| PB 0x0000000085e00000| Untracked |  0
|  41|0x0000000085f00000, 0x0000000085f00000, 0x0000000086000000|  0%| F|  |TAMS 0x0000000085f00000| PB 0x0000000085f00000| Untracked |  0
|  42|0x0000000086000000, 0x0000000086000000, 0x0000000086100000|  0%| F|  |TAMS 0x0000000086000000| PB 0x0000000086000000| Untracked |  0
|  43|0x0000000086100000, 0x0000000086100000, 0x0000000086200000|  0%| F|  |TAMS 0x0000000086100000| PB 0x0000000086100000| Untracked |  0
|  44|0x0000000086200000, 0x0000000086200000, 0x0000000086300000|  0%| F|  |TAMS 0x0000000086200000| PB 0x0000000086200000| Untracked |  0
|  45|0x0000000086300000, 0x0000000086300000, 0x0000000086400000|  0%| F|  |TAMS 0x0000000086300000| PB 0x0000000086300000| Untracked |  0
|  46|0x0000000086400000, 0x0000000086400000, 0x0000000086500000|  0%| F|  |TAMS 0x0000000086400000| PB 0x0000000086400000| Untracked |  0
|  47|0x0000000086500000, 0x0000000086500000, 0x0000000086600000|  0%| F|  |TAMS 0x0000000086500000| PB 0x0000000086500000| Untracked |  0
|  48|0x0000000086600000, 0x0000000086600000, 0x0000000086700000|  0%| F|  |TAMS 0x0000000086600000| PB 0x0000000086600000| Untracked |  0
|  49|0x0000000086700000, 0x0000000086700000, 0x0000000086800000|  0%| F|  |TAMS 0x0000000086700000| PB 0x0000000086700000| Untracked |  0
|  50|0x0000000086800000, 0x0000000086800000, 0x0000000086900000|  0%| F|  |TAMS 0x0000000086800000| PB 0x0000000086800000| Untracked |  0
|  51|0x0000000086900000, 0x0000000086900000, 0x0000000086a00000|  0%| F|  |TAMS 0x0000000086900000| PB 0x0000000086900000| Untracked |  0
|  52|0x0000000086a00000, 0x0000000086a00000, 0x0000000086b00000|  0%| F|  |TAMS 0x0000000086a00000| PB 0x0000000086a00000| Untracked |  0
|  53|0x0000000086b00000, 0x0000000086b00000, 0x0000000086c00000|  0%| F|  |TAMS 0x0000000086b00000| PB 0x0000000086b00000| Untracked |  0
|  54|0x0000000086c00000, 0x0000000086c00000, 0x0000000086d00000|  0%| F|  |TAMS 0x0000000086c00000| PB 0x0000000086c00000| Untracked |  0
|  55|0x0000000086d00000, 0x0000000086d00000, 0x0000000086e00000|  0%| F|  |TAMS 0x0000000086d00000| PB 0x0000000086d00000| Untracked |  0
|  56|0x0000000086e00000, 0x0000000086e00000, 0x0000000086f00000|  0%| F|  |TAMS 0x0000000086e00000| PB 0x0000000086e00000| Untracked |  0
|  57|0x0000000086f00000, 0x0000000086f00000, 0x0000000087000000|  0%| F|  |TAMS 0x0000000086f00000| PB 0x0000000086f00000| Untracked |  0
|  58|0x0000000087000000, 0x0000000087000000, 0x0000000087100000|  0%| F|  |TAMS 0x0000000087000000| PB 0x0000000087000000| Untracked |  0
|  59|0x0000000087100000, 0x0000000087100000, 0x0000000087200000|  0%| F|  |TAMS 0x0000000087100000| PB 0x0000000087100000| Untracked |  0
|  60|0x0000000087200000, 0x0000000087200000, 0x0000000087300000|  0%| F|  |TAMS 0x0000000087200000| PB 0x0000000087200000| Untracked |  0
|  61|0x0000000087300000, 0x0000000087300000, 0x0000000087400000|  0%| F|  |TAMS 0x0000000087300000| PB 0x0000000087300000| Untracked |  0
|  62|0x0000000087400000, 0x0000000087400000, 0x0000000087500000|  0%| F|  |TAMS 0x0000000087400000| PB 0x0000000087400000| Untracked |  0
|  63|0x0000000087500000, 0x0000000087500000, 0x0000000087600000|  0%| F|  |TAMS 0x0000000087500000| PB 0x0000000087500000| Untracked |  0
|  64|0x0000000087600000, 0x0000000087600000, 0x0000000087700000|  0%| F|  |TAMS 0x0000000087600000| PB 0x0000000087600000| Untracked |  0
|  65|0x0000000087700000, 0x0000000087700000, 0x0000000087800000|  0%| F|  |TAMS 0x0000000087700000| PB 0x0000000087700000| Untracked |  0
|  66|0x0000000087800000, 0x0000000087800000, 0x0000000087900000|  0%| F|  |TAMS 0x0000000087800000| PB 0x0000000087800000| Untracked |  0
|  67|0x0000000087900000, 0x0000000087900000, 0x0000000087a00000|  0%| F|  |TAMS 0x0000000087900000| PB 0x0000000087900000| Untracked |  0
|  68|0x0000000087a00000, 0x0000000087a00000, 0x0000000087b00000|  0%| F|  |TAMS 0x0000000087a00000| PB 0x0000000087a00000| Untracked |  0
|  69|0x0000000087b00000, 0x0000000087b00000, 0x0000000087c00000|  0%| F|  |TAMS 0x0000000087b00000| PB 0x0000000087b00000| Untracked |  0
|  70|0x0000000087c00000, 0x0000000087c00000, 0x0000000087d00000|  0%| F|  |TAMS 0x0000000087c00000| PB 0x0000000087c00000| Untracked |  0
|  71|0x0000000087d00000, 0x0000000087d00000, 0x0000000087e00000|  0%| F|  |TAMS 0x0000000087d00000| PB 0x0000000087d00000| Untracked |  0
|  72|0x0000000087e00000, 0x0000000087e00000, 0x0000000087f00000|  0%| F|  |TAMS 0x0000000087e00000| PB 0x0000000087e00000| Untracked |  0
|  73|0x0000000087f00000, 0x0000000087f00000, 0x0000000088000000|  0%| F|  |TAMS 0x0000000087f00000| PB 0x0000000087f00000| Untracked |  0
|  74|0x0000000088000000, 0x0000000088000000, 0x0000000088100000|  0%| F|  |TAMS 0x0000000088000000| PB 0x0000000088000000| Untracked |  0
|  75|0x0000000088100000, 0x0000000088100000, 0x0000000088200000|  0%| F|  |TAMS 0x0000000088100000| PB 0x0000000088100000| Untracked |  0
|  76|0x0000000088200000, 0x0000000088200000, 0x0000000088300000|  0%| F|  |TAMS 0x0000000088200000| PB 0x0000000088200000| Untracked |  0
|  77|0x0000000088300000, 0x0000000088300000, 0x0000000088400000|  0%| F|  |TAMS 0x0000000088300000| PB 0x0000000088300000| Untracked |  0
|  78|0x0000000088400000, 0x0000000088400000, 0x0000000088500000|  0%| F|  |TAMS 0x0000000088400000| PB 0x0000000088400000| Untracked |  0
|  79|0x0000000088500000, 0x0000000088500000, 0x0000000088600000|  0%| F|  |TAMS 0x0000000088500000| PB 0x0000000088500000| Untracked |  0
|  80|0x0000000088600000, 0x0000000088600000, 0x0000000088700000|  0%| F|  |TAMS 0x0000000088600000| PB 0x0000000088600000| Untracked |  0
|  81|0x0000000088700000, 0x0000000088700000, 0x0000000088800000|  0%| F|  |TAMS 0x0000000088700000| PB 0x0000000088700000| Untracked |  0
|  82|0x0000000088800000, 0x0000000088800000, 0x0000000088900000|  0%| F|  |TAMS 0x0000000088800000| PB 0x0000000088800000| Untracked |  0
|  83|0x0000000088900000, 0x0000000088900000, 0x0000000088a00000|  0%| F|  |TAMS 0x0000000088900000| PB 0x0000000088900000| Untracked |  0
|  84|0x0000000088a00000, 0x0000000088a00000, 0x0000000088b00000|  0%| F|  |TAMS 0x0000000088a00000| PB 0x0000000088a00000| Untracked |  0
|  85|0x0000000088b00000, 0x0000000088b00000, 0x0000000088c00000|  0%| F|  |TAMS 0x0000000088b00000| PB 0x0000000088b00000| Untracked |  0
|  86|0x0000000088c00000, 0x0000000088c00000, 0x0000000088d00000|  0%| F|  |TAMS 0x0000000088c00000| PB 0x0000000088c00000| Untracked |  0
|  87|0x0000000088d00000, 0x0000000088d00000, 0x0000000088e00000|  0%| F|  |TAMS 0x0000000088d00000| PB 0x0000000088d00000| Untracked |  0
|  88|0x0000000088e00000, 0x0000000088e00000, 0x0000000088f00000|  0%| F|  |TAMS 0x0000000088e00000| PB 0x0000000088e00000| Untracked |  0
|  89|0x0000000088f00000, 0x0000000088f00000, 0x0000000089000000|  0%| F|  |TAMS 0x0000000088f00000| PB 0x0000000088f00000| Untracked |  0
|  90|0x0000000089000000, 0x0000000089000000, 0x0000000089100000|  0%| F|  |TAMS 0x0000000089000000| PB 0x0000000089000000| Untracked |  0
|  91|0x0000000089100000, 0x0000000089100000, 0x0000000089200000|  0%| F|  |TAMS 0x0000000089100000| PB 0x0000000089100000| Untracked |  0
|  92|0x0000000089200000, 0x0000000089200000, 0x0000000089300000|  0%| F|  |TAMS 0x0000000089200000| PB 0x0000000089200000| Untracked |  0
|  93|0x0000000089300000, 0x0000000089300000, 0x0000000089400000|  0%| F|  |TAMS 0x0000000089300000| PB 0x0000000089300000| Untracked |  0
|  94|0x0000000089400000, 0x0000000089400000, 0x0000000089500000|  0%| F|  |TAMS 0x0000000089400000| PB 0x0000000089400000| Untracked |  0
|  95|0x0000000089500000, 0x0000000089500000, 0x0000000089600000|  0%| F|  |TAMS 0x0000000089500000| PB 0x0000000089500000| Untracked |  0
|  96|0x0000000089600000, 0x0000000089600000, 0x0000000089700000|  0%| F|  |TAMS 0x0000000089600000| PB 0x0000000089600000| Untracked |  0
|  97|0x0000000089700000, 0x0000000089700000, 0x0000000089800000|  0%| F|  |TAMS 0x0000000089700000| PB 0x0000000089700000| Untracked |  0
|  98|0x0000000089800000, 0x0000000089800000, 0x0000000089900000|  0%| F|  |TAMS 0x0000000089800000| PB 0x0000000089800000| Untracked |  0
|  99|0x0000000089900000, 0x0000000089900000, 0x0000000089a00000|  0%| F|  |TAMS 0x0000000089900000| PB 0x0000000089900000| Untracked |  0
| 100|0x0000000089a00000, 0x0000000089a00000, 0x0000000089b00000|  0%| F|  |TAMS 0x0000000089a00000| PB 0x0000000089a00000| Untracked |  0
| 101|0x0000000089b00000, 0x0000000089b00000, 0x0000000089c00000|  0%| F|  |TAMS 0x0000000089b00000| PB 0x0000000089b00000| Untracked |  0
| 102|0x0000000089c00000, 0x0000000089c00000, 0x0000000089d00000|  0%| F|  |TAMS 0x0000000089c00000| PB 0x0000000089c00000| Untracked |  0
| 103|0x0000000089d00000, 0x0000000089d00000, 0x0000000089e00000|  0%| F|  |TAMS 0x0000000089d00000| PB 0x0000000089d00000| Untracked |  0
| 104|0x0000000089e00000, 0x0000000089e00000, 0x0000000089f00000|  0%| F|  |TAMS 0x0000000089e00000| PB 0x0000000089e00000| Untracked |  0
| 105|0x0000000089f00000, 0x0000000089f00000, 0x000000008a000000|  0%| F|  |TAMS 0x0000000089f00000| PB 0x0000000089f00000| Untracked |  0
| 106|0x000000008a000000, 0x000000008a000000, 0x000000008a100000|  0%| F|  |TAMS 0x000000008a000000| PB 0x000000008a000000| Untracked |  0
| 107|0x000000008a100000, 0x000000008a100000, 0x000000008a200000|  0%| F|  |TAMS 0x000000008a100000| PB 0x000000008a100000| Untracked |  0
| 108|0x000000008a200000, 0x000000008a200000, 0x000000008a300000|  0%| F|  |TAMS 0x000000008a200000| PB 0x000000008a200000| Untracked |  0
| 109|0x000000008a300000, 0x000000008a300000, 0x000000008a400000|  0%| F|  |TAMS 0x000000008a300000| PB 0x000000008a300000| Untracked |  0
| 110|0x000000008a400000, 0x000000008a500000, 0x000000008a500000|100%| S|CS|TAMS 0x000000008a400000| PB 0x000000008a400000| Complete |  0
| 111|0x000000008a500000, 0x000000008a600000, 0x000000008a600000|100%| S|CS|TAMS 0x000000008a500000| PB 0x000000008a500000| Complete |  0
| 112|0x000000008a600000, 0x000000008a600000, 0x000000008a700000|  0%| F|  |TAMS 0x000000008a600000| PB 0x000000008a600000| Untracked |  0
| 113|0x000000008a700000, 0x000000008a700000, 0x000000008a800000|  0%| F|  |TAMS 0x000000008a700000| PB 0x000000008a700000| Untracked |  0
| 114|0x000000008a800000, 0x000000008a800000, 0x000000008a900000|  0%| F|  |TAMS 0x000000008a800000| PB 0x000000008a800000| Untracked |  0
| 115|0x000000008a900000, 0x000000008a900000, 0x000000008aa00000|  0%| F|  |TAMS 0x000000008a900000| PB 0x000000008a900000| Untracked |  0
| 116|0x000000008aa00000, 0x000000008aa00000, 0x000000008ab00000|  0%| F|  |TAMS 0x000000008aa00000| PB 0x000000008aa00000| Untracked |  0
| 117|0x000000008ab00000, 0x000000008ab00000, 0x000000008ac00000|  0%| F|  |TAMS 0x000000008ab00000| PB 0x000000008ab00000| Untracked |  0
| 118|0x000000008ac00000, 0x000000008ac00000, 0x000000008ad00000|  0%| F|  |TAMS 0x000000008ac00000| PB 0x000000008ac00000| Untracked |  0
| 119|0x000000008ad00000, 0x000000008ad00000, 0x000000008ae00000|  0%| F|  |TAMS 0x000000008ad00000| PB 0x000000008ad00000| Untracked |  0
| 120|0x000000008ae00000, 0x000000008aed4c08, 0x000000008af00000| 83%| E|  |TAMS 0x000000008ae00000| PB 0x000000008ae00000| Complete |  0
| 121|0x000000008af00000, 0x000000008b000000, 0x000000008b000000|100%| E|CS|TAMS 0x000000008af00000| PB 0x000000008af00000| Complete |  0
| 122|0x000000008b000000, 0x000000008b100000, 0x000000008b100000|100%| E|CS|TAMS 0x000000008b000000| PB 0x000000008b000000| Complete |  0
| 123|0x000000008b100000, 0x000000008b200000, 0x000000008b200000|100%| E|CS|TAMS 0x000000008b100000| PB 0x000000008b100000| Complete |  0
| 124|0x000000008b200000, 0x000000008b300000, 0x000000008b300000|100%| E|CS|TAMS 0x000000008b200000| PB 0x000000008b200000| Complete |  0
| 125|0x000000008b300000, 0x000000008b400000, 0x000000008b400000|100%| E|CS|TAMS 0x000000008b300000| PB 0x000000008b300000| Complete |  0

Card table byte_map: [0x00000281e3220000,0x00000281e3610000] _byte_map_base: 0x00000281e2e05000

Marking Bits: (CMBitMap*) 0x00000281d014fb80
 Bits: [0x00000281e3610000, 0x00000281e5538000)

Polling page: 0x00000281cdf20000

Metaspace:

Usage:
  Non-class:      6.33 MB used.
      Class:    782.69 KB used.
       Both:      7.10 MB used.

Virtual space:
  Non-class space:       64.00 MB reserved,       6.44 MB ( 10%) committed,  1 nodes.
      Class space:        1.00 GB reserved,     896.00 KB ( <1%) committed,  1 nodes.
             Both:        1.06 GB reserved,       7.31 MB ( <1%) committed. 

Chunk freelists:
   Non-Class:  9.00 MB
       Class:  15.11 MB
        Both:  24.11 MB

MaxMetaspaceSize: unlimited
CompressedClassSpaceSize: 1.00 GB
Initial GC threshold: 21.00 MB
Current GC threshold: 21.00 MB
CDS: on
 - commit_granule_bytes: 65536.
 - commit_granule_words: 8192.
 - virtual_space_node_default_size: 8388608.
 - enlarge_chunks_in_place: 1.
 - use_allocation_guard: 0.


Internal statistics:

num_allocs_failed_limit: 0.
num_arena_births: 144.
num_arena_deaths: 0.
num_vsnodes_births: 2.
num_vsnodes_deaths: 0.
num_space_committed: 117.
num_space_uncommitted: 0.
num_chunks_returned_to_freelist: 0.
num_chunks_taken_from_freelist: 184.
num_chunk_merges: 0.
num_chunk_splits: 106.
num_chunks_enlarged: 39.
num_inconsistent_stats: 0.

CodeHeap 'non-profiled nmethods': size=120064Kb used=400Kb max_used=400Kb free=119663Kb
 bounds [0x00000281db8f0000, 0x00000281dbb60000, 0x00000281e2e30000]
CodeHeap 'profiled nmethods': size=120000Kb used=1608Kb max_used=1608Kb free=118391Kb
 bounds [0x00000281d3e30000, 0x00000281d40a0000, 0x00000281db360000]
CodeHeap 'non-nmethods': size=5696Kb used=1646Kb max_used=1671Kb free=4049Kb
 bounds [0x00000281db360000, 0x00000281db5d0000, 0x00000281db8f0000]
CodeCache: size=245760Kb, used=3654Kb, max_used=3679Kb, free=242103Kb
 total_blobs=1974, nmethods=1377, adapters=503, full_count=0
Compilation: enabled, stopped_count=0, restarted_count=0

Compilation events (20 events):
Event: 2574.306 Thread 0x00000281e7a55bb0 1365       3       java.lang.Thread::getAndClearInterrupt (19 bytes)
Event: 2574.307 Thread 0x00000281e7a55bb0 nmethod 1365 0x00000281d3fc0a08 code [0x00000281d3fc0b20, 0x00000281d3fc0ca0]
Event: 2934.519 Thread 0x00000281e7a55bb0 1367       3       jdk.internal.misc.Unsafe::weakCompareAndSetInt (11 bytes)
Event: 2934.521 Thread 0x00000281e7a55bb0 nmethod 1367 0x00000281d3fc0d08 code [0x00000281d3fc0e20, 0x00000281d3fc0f48]
Event: 37454.624 Thread 0x00000281e7a55bb0 1370       3       jdk.internal.misc.Unsafe::putReferenceOpaque (9 bytes)
Event: 37454.628 Thread 0x00000281e7a55bb0 nmethod 1370 0x00000281d3fc1008 code [0x00000281d3fc1120, 0x00000281d3fc1280]
Event: 37454.628 Thread 0x00000281e7a55bb0 1371       3       java.util.concurrent.locks.AbstractQueuedSynchronizer$ConditionObject::canReacquire (38 bytes)
Event: 37454.638 Thread 0x00000281e7a55bb0 nmethod 1371 0x00000281d3fc1308 code [0x00000281d3fc1440, 0x00000281d3fc1778]
Event: 37613.068 Thread 0x00000281e7a55bb0 1373       3       java.lang.invoke.Invokers$Holder::linkToTargetMethod (9 bytes)
Event: 37613.069 Thread 0x00000281e7a55bb0 nmethod 1373 0x00000281d3fc1808 code [0x00000281d3fc1940, 0x00000281d3fc1cf8]
Event: 37614.166 Thread 0x00000281e7a55bb0 1374       1       java.util.HashMap::size (5 bytes)
Event: 37614.166 Thread 0x00000281e7a55bb0 nmethod 1374 0x00000281db953d08 code [0x00000281db953e20, 0x00000281db953ee8]
Event: 39023.040 Thread 0x00000281e7a55bb0 1375       3       java.lang.invoke.DirectMethodHandle::preparedLambdaForm (6 bytes)
Event: 39023.051 Thread 0x00000281e7a55bb0 nmethod 1375 0x00000281d3fc1d08 code [0x00000281d3fc1e20, 0x00000281d3fc1f40]
Event: 39025.408 Thread 0x00000281e7a55bb0 1376       3       java.awt.geom.AffineTransform::getScaleInstance (19 bytes)
Event: 39025.411 Thread 0x00000281e7a55bb0 nmethod 1376 0x00000281d3fc2008 code [0x00000281d3fc2140, 0x00000281d3fc2328]
Event: 39025.478 Thread 0x00000281e7a55bb0 1377       1       sun.awt.image.BufImgVolatileSurfaceManager::isAccelerationEnabled (2 bytes)
Event: 39025.478 Thread 0x00000281e7a55bb0 nmethod 1377 0x00000281db954008 code [0x00000281db954120, 0x00000281db9541e8]
Event: 39194.608 Thread 0x00000281e7a46bc0 1378       4       java.util.HashSet::add (20 bytes)
Event: 39194.614 Thread 0x00000281e7a55bb0 1379       3       java.awt.geom.AffineTransform::equals (104 bytes)

GC Heap History (2 events):
Event: 1.710 GC heap before
{Heap before GC invocations=0 (full 0):
 garbage-first heap   total reserved 2041856K, committed 129024K, used 17408K [0x0000000083600000, 0x0000000100000000)
  region size 1024K, 14 young (14336K), 0 survivors (0K)
 Metaspace       used 6741K, committed 6976K, reserved 1114112K
  class space    used 730K, committed 832K, reserved 1048576K
}
Event: 1.716 GC heap after
{Heap after GC invocations=1 (full 0):
 garbage-first heap   total reserved 2041856K, committed 129024K, used 5891K [0x0000000083600000, 0x0000000100000000)
  region size 1024K, 2 young (2048K), 2 survivors (2048K)
 Metaspace       used 6741K, committed 6976K, reserved 1114112K
  class space    used 730K, committed 832K, reserved 1048576K
}

Dll operation events (8 events):
Event: 0.041 Loaded shared library C:\Users\marca\.p2\pool\plugins\org.eclipse.justj.openjdk.hotspot.jre.full.win32.x86_64_23.0.2.v20250131-0604\jre\bin\java.dll
Event: 0.170 Loaded shared library C:\Users\marca\.p2\pool\plugins\org.eclipse.justj.openjdk.hotspot.jre.full.win32.x86_64_23.0.2.v20250131-0604\jre\bin\net.dll
Event: 0.175 Loaded shared library C:\Users\marca\.p2\pool\plugins\org.eclipse.justj.openjdk.hotspot.jre.full.win32.x86_64_23.0.2.v20250131-0604\jre\bin\nio.dll
Event: 0.177 Loaded shared library C:\Users\marca\.p2\pool\plugins\org.eclipse.justj.openjdk.hotspot.jre.full.win32.x86_64_23.0.2.v20250131-0604\jre\bin\zip.dll
Event: 0.409 Loaded shared library C:\Users\marca\.p2\pool\plugins\org.eclipse.justj.openjdk.hotspot.jre.full.win32.x86_64_23.0.2.v20250131-0604\jre\bin\jimage.dll
Event: 0.472 Loaded shared library C:\Users\marca\.p2\pool\plugins\org.eclipse.justj.openjdk.hotspot.jre.full.win32.x86_64_23.0.2.v20250131-0604\jre\bin\awt.dll
Event: 0.786 Loaded shared library C:\Users\marca\.p2\pool\plugins\org.eclipse.justj.openjdk.hotspot.jre.full.win32.x86_64_23.0.2.v20250131-0604\jre\bin\freetype.dll
Event: 0.789 Loaded shared library C:\Users\marca\.p2\pool\plugins\org.eclipse.justj.openjdk.hotspot.jre.full.win32.x86_64_23.0.2.v20250131-0604\jre\bin\fontmanager.dll

Deoptimization events (20 events):
Event: 1.804 Thread 0x00000281c6979020 DEOPT PACKING pc=0x00000281d3f897f9 sp=0x000000f4c8bfc560
Event: 1.804 Thread 0x00000281c6979020 DEOPT UNPACKING pc=0x00000281db3b84c2 sp=0x000000f4c8bfb9d0 mode 0
Event: 1.805 Thread 0x00000281c6979020 DEOPT PACKING pc=0x00000281d3f897f9 sp=0x000000f4c8bfc560
Event: 1.805 Thread 0x00000281c6979020 DEOPT UNPACKING pc=0x00000281db3b84c2 sp=0x000000f4c8bfb9d0 mode 0
Event: 1.805 Thread 0x00000281c6979020 DEOPT PACKING pc=0x00000281d3f897f9 sp=0x000000f4c8bfc560
Event: 1.806 Thread 0x00000281c6979020 DEOPT UNPACKING pc=0x00000281db3b84c2 sp=0x000000f4c8bfb9d0 mode 0
Event: 1.806 Thread 0x00000281c6979020 DEOPT PACKING pc=0x00000281d3f897f9 sp=0x000000f4c8bfc560
Event: 1.806 Thread 0x00000281c6979020 DEOPT UNPACKING pc=0x00000281db3b84c2 sp=0x000000f4c8bfb9d0 mode 0
Event: 1.806 Thread 0x00000281c6979020 DEOPT PACKING pc=0x00000281d3f897f9 sp=0x000000f4c8bfc560
Event: 1.806 Thread 0x00000281c6979020 DEOPT UNPACKING pc=0x00000281db3b84c2 sp=0x000000f4c8bfb9d0 mode 0
Event: 1.807 Thread 0x00000281c6979020 DEOPT PACKING pc=0x00000281d3f897f9 sp=0x000000f4c8bfc560
Event: 1.807 Thread 0x00000281c6979020 DEOPT UNPACKING pc=0x00000281db3b84c2 sp=0x000000f4c8bfb9d0 mode 0
Event: 1.807 Thread 0x00000281c6979020 DEOPT PACKING pc=0x00000281d3f897f9 sp=0x000000f4c8bfc560
Event: 1.807 Thread 0x00000281c6979020 DEOPT UNPACKING pc=0x00000281db3b84c2 sp=0x000000f4c8bfb9d0 mode 0
Event: 1.808 Thread 0x00000281c6979020 DEOPT PACKING pc=0x00000281d3f897f9 sp=0x000000f4c8bfc560
Event: 1.808 Thread 0x00000281c6979020 DEOPT UNPACKING pc=0x00000281db3b84c2 sp=0x000000f4c8bfb9d0 mode 0
Event: 1.808 Thread 0x00000281c6979020 DEOPT PACKING pc=0x00000281d3f897f9 sp=0x000000f4c8bfc560
Event: 1.808 Thread 0x00000281c6979020 DEOPT UNPACKING pc=0x00000281db3b84c2 sp=0x000000f4c8bfb9d0 mode 0
Event: 1.809 Thread 0x00000281c6979020 DEOPT PACKING pc=0x00000281d3f897f9 sp=0x000000f4c8bfc560
Event: 1.809 Thread 0x00000281c6979020 DEOPT UNPACKING pc=0x00000281db3b84c2 sp=0x000000f4c8bfb9d0 mode 0

Classes loaded (20 events):
Event: 2.789 Loading class java/awt/event/ContainerEvent
Event: 2.789 Loading class java/awt/event/ContainerEvent done
Event: 2.789 Loading class javax/swing/event/ChangeEvent
Event: 2.789 Loading class javax/swing/event/ChangeEvent done
Event: 3.893 Loading class java/awt/LightweightDispatcher$2
Event: 3.894 Loading class java/awt/LightweightDispatcher$2 done
Event: 4.748 Loading class java/awt/KeyboardFocusManager$2
Event: 4.748 Loading class java/awt/KeyboardFocusManager$2 done
Event: 4.748 Loading class sun/awt/SunToolkit$1
Event: 4.748 Loading class sun/awt/SunToolkit$1 done
Event: 13851.218 Loading class java/awt/desktop/SystemSleepListener
Event: 13851.525 Loading class java/awt/desktop/SystemEventListener
Event: 13851.697 Loading class java/awt/desktop/SystemEventListener done
Event: 13851.699 Loading class java/awt/desktop/SystemSleepListener done
Event: 39025.359 Loading class java/util/WeakHashMap$KeyIterator
Event: 39025.372 Loading class java/util/WeakHashMap$HashIterator
Event: 39025.381 Loading class java/util/WeakHashMap$HashIterator done
Event: 39025.381 Loading class java/util/WeakHashMap$KeyIterator done
Event: 39025.436 Loading class javax/swing/RepaintManager$DisplayChangedRunnable
Event: 39025.450 Loading class javax/swing/RepaintManager$DisplayChangedRunnable done

Classes unloaded (0 events):
No events

Classes redefined (0 events):
No events

Internal exceptions (13 events):
Event: 0.231 Thread 0x00000281cddb04a0 Exception <a 'java/lang/NoSuchMethodError'{0x000000008b245130}: 'void java.lang.invoke.DirectMethodHandle$Holder.invokeVirtual(java.lang.Object, java.lang.Object)'> (0x000000008b245130) 
thrown [s\src\hotspot\share\interpreter\linkResolver.cpp, line 796]
Event: 0.244 Thread 0x00000281cddb04a0 Exception <a 'java/lang/NoSuchMethodError'{0x000000008b2986d0}: 'java.lang.Object java.lang.invoke.DirectMethodHandle$Holder.invokeInterface(java.lang.Object, java.lang.Object, java.lang.Object)'> (0x000000008b2986d0) 
thrown [s\src\hotspot\share\interpreter\linkResolver.cpp, line 796]
Event: 0.412 Thread 0x00000281cddb04a0 Exception <a 'sun/nio/fs/WindowsException'{0x000000008b18c0b8}> (0x000000008b18c0b8) 
thrown [s\src\hotspot\share\prims\jni.cpp, line 520]
Event: 0.421 Thread 0x00000281cddb04a0 Exception <a 'java/lang/ClassNotFoundException'{0x000000008b1960e0}: sun/awt/resources/spi/awtProvider> (0x000000008b1960e0) 
thrown [s\src\hotspot\share\classfile\systemDictionary.cpp, line 313]
Event: 0.491 Thread 0x00000281cddb04a0 Exception <a 'java/io/FileNotFoundException'{0x000000008b1e9a08}> (0x000000008b1e9a08) 
thrown [s\src\hotspot\share\prims\jni.cpp, line 520]
Event: 0.509 Thread 0x00000281cddb04a0 Exception <a 'java/io/FileNotFoundException'{0x000000008b018078}> (0x000000008b018078) 
thrown [s\src\hotspot\share\prims\jni.cpp, line 520]
Event: 0.664 Thread 0x00000281cddb04a0 Exception <a 'java/lang/NoSuchMethodError'{0x000000008af23360}: 'void java.lang.invoke.DirectMethodHandle$Holder.invokeSpecial(java.lang.Object, java.lang.Object, java.lang.Object)'> (0x000000008af23360) 
thrown [s\src\hotspot\share\interpreter\linkResolver.cpp, line 796]
Event: 0.683 Thread 0x00000281cddb04a0 Exception <a 'java/lang/NoSuchMethodError'{0x000000008af72cb8}: 'java.lang.Object java.lang.invoke.DirectMethodHandle$Holder.invokeStatic(java.lang.Object, int, java.lang.Object)'> (0x000000008af72cb8) 
thrown [s\src\hotspot\share\interpreter\linkResolver.cpp, line 796]
Event: 0.714 Thread 0x00000281cddb04a0 Exception <a 'java/lang/ClassNotFoundException'{0x000000008ae19f78}: com/sun/swing/internal/plaf/metal/resources/spi/metalProvider> (0x000000008ae19f78) 
thrown [s\src\hotspot\share\classfile\systemDictionary.cpp, line 313]
Event: 0.716 Thread 0x00000281cddb04a0 Exception <a 'java/lang/ClassNotFoundException'{0x000000008ae1ec20}: com/sun/swing/internal/plaf/basic/resources/spi/basicProvider> (0x000000008ae1ec20) 
thrown [s\src\hotspot\share\classfile\systemDictionary.cpp, line 313]
Event: 0.734 Thread 0x00000281cddb04a0 Exception <a 'java/lang/NoSuchMethodError'{0x000000008ae41788}: 'int java.lang.invoke.Invokers$Holder.invokeExact_MT(java.lang.Object, java.lang.Object)'> (0x000000008ae41788) 
thrown [s\src\hotspot\share\interpreter\linkResolver.cpp, line 796]
Event: 0.775 Thread 0x00000281cddb04a0 Exception <a 'java/lang/NoSuchMethodError'{0x000000008ae687a0}: 'void java.lang.invoke.DirectMethodHandle$Holder.invokeStaticInit(java.lang.Object)'> (0x000000008ae687a0) 
thrown [s\src\hotspot\share\interpreter\linkResolver.cpp, line 796]
Event: 0.840 Thread 0x00000281cddb04a0 Exception <a 'sun/nio/fs/WindowsException'{0x000000008ad0bf80}> (0x000000008ad0bf80) 
thrown [s\src\hotspot\share\prims\jni.cpp, line 520]

VM Operations (20 events):
Event: 60.285 Executing VM operation: HandshakeAllThreads (HandshakeForDeflation)
Event: 60.285 Executing VM operation: HandshakeAllThreads (HandshakeForDeflation) done
Event: 60.285 Executing VM operation: RendezvousGCThreads
Event: 60.285 Executing VM operation: RendezvousGCThreads done
Event: 1345.554 Executing VM operation: HandshakeAllThreads (HandshakeForDeflation)
Event: 1345.554 Executing VM operation: HandshakeAllThreads (HandshakeForDeflation) done
Event: 1345.554 Executing VM operation: RendezvousGCThreads
Event: 1345.554 Executing VM operation: RendezvousGCThreads done
Event: 1685.097 Executing VM operation: HandshakeAllThreads (HandshakeForDeflation)
Event: 1685.097 Executing VM operation: HandshakeAllThreads (HandshakeForDeflation) done
Event: 1685.097 Executing VM operation: RendezvousGCThreads
Event: 1685.097 Executing VM operation: RendezvousGCThreads done
Event: 37633.663 Executing VM operation: HandshakeAllThreads (HandshakeForDeflation)
Event: 37633.664 Executing VM operation: HandshakeAllThreads (HandshakeForDeflation) done
Event: 37633.664 Executing VM operation: RendezvousGCThreads
Event: 37633.664 Executing VM operation: RendezvousGCThreads done
Event: 39077.785 Executing VM operation: HandshakeAllThreads (HandshakeForDeflation)
Event: 39077.786 Executing VM operation: HandshakeAllThreads (HandshakeForDeflation) done
Event: 39077.787 Executing VM operation: RendezvousGCThreads
Event: 39077.787 Executing VM operation: RendezvousGCThreads done

Memory protections (0 events):
No events

Nmethod flushes (0 events):
No events

Events (17 events):
Event: 0.085 Thread 0x00000281cddb04a0 Thread added: 0x00000281cddb04a0
Event: 0.107 Thread 0x00000281cddb04a0 Thread added: 0x00000281e7a3e5e0
Event: 0.107 Thread 0x00000281cddb04a0 Thread added: 0x00000281e7a404a0
Event: 0.107 Thread 0x00000281cddb04a0 Thread added: 0x00000281e7a42b40
Event: 0.107 Thread 0x00000281cddb04a0 Thread added: 0x00000281e7a43690
Event: 0.108 Thread 0x00000281cddb04a0 Thread added: 0x00000281e7a441e0
Event: 0.108 Thread 0x00000281cddb04a0 Thread added: 0x00000281e7a44d30
Event: 0.108 Thread 0x00000281cddb04a0 Thread added: 0x00000281e7a46bc0
Event: 0.108 Thread 0x00000281cddb04a0 Thread added: 0x00000281e7a55bb0
Event: 0.154 Thread 0x00000281cddb04a0 Thread added: 0x00000281c50eea60
Event: 0.363 Thread 0x00000281cddb04a0 Thread added: 0x00000281c51d07b0
Event: 0.613 Thread 0x00000281cddb04a0 Thread added: 0x00000281c533f1a0
Event: 0.616 Thread 0x00000281cddb04a0 Thread added: 0x00000281c533f810
Event: 0.618 Thread 0x00000281cddb04a0 Thread added: 0x00000281c5342940
Event: 0.748 Thread 0x00000281c5342940 Thread added: 0x00000281c6979020
Event: 1.764 Thread 0x00000281cddb04a0 Thread exited: 0x00000281cddb04a0
Event: 1.764 Thread 0x00000281cddb04a0 Thread added: 0x00000281cddb04a0


Dynamic libraries:
0x00007ff607c90000 - 0x00007ff607c9e000 	C:\Users\marca\.p2\pool\plugins\org.eclipse.justj.openjdk.hotspot.jre.full.win32.x86_64_23.0.2.v20250131-0604\jre\bin\javaw.exe
0x00007ffad3fd0000 - 0x00007ffad41e7000 	C:\Windows\SYSTEM32\ntdll.dll
0x00007ffad2cf0000 - 0x00007ffad2db4000 	C:\Windows\System32\KERNEL32.DLL
0x00007ffad13a0000 - 0x00007ffad1770000 	C:\Windows\System32\KERNELBASE.dll
0x00007ffad1280000 - 0x00007ffad1391000 	C:\Windows\System32\ucrtbase.dll
0x00007ffaa89b0000 - 0x00007ffaa89ce000 	C:\Users\marca\.p2\pool\plugins\org.eclipse.justj.openjdk.hotspot.jre.full.win32.x86_64_23.0.2.v20250131-0604\jre\bin\VCRUNTIME140.dll
0x00007ffaa89d0000 - 0x00007ffaa89e7000 	C:\Users\marca\.p2\pool\plugins\org.eclipse.justj.openjdk.hotspot.jre.full.win32.x86_64_23.0.2.v20250131-0604\jre\bin\jli.dll
0x00007ffad3010000 - 0x00007ffad31be000 	C:\Windows\System32\USER32.dll
0x00007ffad1af0000 - 0x00007ffad1b16000 	C:\Windows\System32\win32u.dll
0x00007ffad3dd0000 - 0x00007ffad3df9000 	C:\Windows\System32\GDI32.dll
0x00007ffad19d0000 - 0x00007ffad1aeb000 	C:\Windows\System32\gdi32full.dll
0x00007ffad1ba0000 - 0x00007ffad1c3a000 	C:\Windows\System32\msvcp_win.dll
0x00007ffabc030000 - 0x00007ffabc2c2000 	C:\Windows\WinSxS\amd64_microsoft.windows.common-controls_6595b64144ccf1df_6.0.22621.4830_none_270fe7d773858e80\COMCTL32.dll
0x00007ffad29e0000 - 0x00007ffad2a87000 	C:\Windows\System32\msvcrt.dll
0x00007ffad2230000 - 0x00007ffad2261000 	C:\Windows\System32\IMM32.DLL
0x00007ffabae90000 - 0x00007ffabae9c000 	C:\Users\marca\.p2\pool\plugins\org.eclipse.justj.openjdk.hotspot.jre.full.win32.x86_64_23.0.2.v20250131-0604\jre\bin\vcruntime140_1.dll
0x00007ffa75160000 - 0x00007ffa751ed000 	C:\Users\marca\.p2\pool\plugins\org.eclipse.justj.openjdk.hotspot.jre.full.win32.x86_64_23.0.2.v20250131-0604\jre\bin\msvcp140.dll
0x00007ffa3d710000 - 0x00007ffa3e4de000 	C:\Users\marca\.p2\pool\plugins\org.eclipse.justj.openjdk.hotspot.jre.full.win32.x86_64_23.0.2.v20250131-0604\jre\bin\server\jvm.dll
0x00007ffad2920000 - 0x00007ffad29d1000 	C:\Windows\System32\ADVAPI32.dll
0x00007ffad2180000 - 0x00007ffad2227000 	C:\Windows\System32\sechost.dll
0x00007ffad1770000 - 0x00007ffad1798000 	C:\Windows\System32\bcrypt.dll
0x00007ffad2ef0000 - 0x00007ffad3004000 	C:\Windows\System32\RPCRT4.dll
0x00007ffad1d70000 - 0x00007ffad1de1000 	C:\Windows\System32\WS2_32.dll
0x00007ffac8750000 - 0x00007ffac8784000 	C:\Windows\SYSTEM32\WINMM.dll
0x00007ffad00f0000 - 0x00007ffad013d000 	C:\Windows\SYSTEM32\POWRPROF.dll
0x00007ffac1df0000 - 0x00007ffac1dfa000 	C:\Windows\SYSTEM32\VERSION.dll
0x00007ffad00d0000 - 0x00007ffad00e3000 	C:\Windows\SYSTEM32\UMPDC.dll
0x00007ffad0390000 - 0x00007ffad03a8000 	C:\Windows\SYSTEM32\kernel.appcore.dll
0x00007ffacac40000 - 0x00007ffacac4a000 	C:\Users\marca\.p2\pool\plugins\org.eclipse.justj.openjdk.hotspot.jre.full.win32.x86_64_23.0.2.v20250131-0604\jre\bin\jimage.dll
0x00007ffaceb40000 - 0x00007ffaced72000 	C:\Windows\SYSTEM32\DBGHELP.DLL
0x00007ffad3a40000 - 0x00007ffad3dd0000 	C:\Windows\System32\combase.dll
0x00007ffad3eb0000 - 0x00007ffad3f87000 	C:\Windows\System32\OLEAUT32.dll
0x00007ffab0400000 - 0x00007ffab0432000 	C:\Windows\SYSTEM32\dbgcore.DLL
0x00007ffad1b20000 - 0x00007ffad1b9b000 	C:\Windows\System32\bcryptPrimitives.dll
0x00007ffac2700000 - 0x00007ffac271e000 	C:\Users\marca\.p2\pool\plugins\org.eclipse.justj.openjdk.hotspot.jre.full.win32.x86_64_23.0.2.v20250131-0604\jre\bin\java.dll
0x00007ffad2270000 - 0x00007ffad2411000 	C:\Windows\System32\ole32.dll
0x00007ffad31c0000 - 0x00007ffad3a38000 	C:\Windows\System32\SHELL32.dll
0x00007ffacf180000 - 0x00007ffacfa90000 	C:\Windows\SYSTEM32\windows.storage.dll
0x00007ffacf040000 - 0x00007ffacf17f000 	C:\Windows\SYSTEM32\wintypes.dll
0x00007ffad2b80000 - 0x00007ffad2c8a000 	C:\Windows\System32\SHCORE.dll
0x00007ffad2c90000 - 0x00007ffad2cee000 	C:\Windows\System32\shlwapi.dll
0x00007ffad11b0000 - 0x00007ffad11db000 	C:\Windows\SYSTEM32\profapi.dll
0x00007ffacab90000 - 0x00007ffacaba0000 	C:\Users\marca\.p2\pool\plugins\org.eclipse.justj.openjdk.hotspot.jre.full.win32.x86_64_23.0.2.v20250131-0604\jre\bin\net.dll
0x00007ffad0830000 - 0x00007ffad089a000 	C:\Windows\system32\mswsock.dll
0x00007ffab6e60000 - 0x00007ffab6e76000 	C:\Users\marca\.p2\pool\plugins\org.eclipse.justj.openjdk.hotspot.jre.full.win32.x86_64_23.0.2.v20250131-0604\jre\bin\nio.dll
0x00007ffabbc50000 - 0x00007ffabbc67000 	C:\Users\marca\.p2\pool\plugins\org.eclipse.justj.openjdk.hotspot.jre.full.win32.x86_64_23.0.2.v20250131-0604\jre\bin\zip.dll
0x00007ffa55200000 - 0x00007ffa5538d000 	C:\Users\marca\.p2\pool\plugins\org.eclipse.justj.openjdk.hotspot.jre.full.win32.x86_64_23.0.2.v20250131-0604\jre\bin\awt.dll
0x00007ffacaff0000 - 0x00007ffacb087000 	C:\Windows\SYSTEM32\apphelp.dll
0x00007fface3c0000 - 0x00007fface3eb000 	C:\Windows\system32\DWMAPI.DLL
0x00007fface180000 - 0x00007fface231000 	C:\Windows\system32\uxtheme.dll
0x00007ffab5cb0000 - 0x00007ffab5db0000 	C:\Windows\system32\opengl32.dll
0x00007ffab5610000 - 0x00007ffab563d000 	C:\Windows\SYSTEM32\GLU32.dll
0x00007fface270000 - 0x00007fface2a7000 	C:\Windows\SYSTEM32\dxcore.dll
0x00007ffad1e60000 - 0x00007ffad1fbf000 	C:\Windows\System32\MSCTF.dll
0x00007ffa6c780000 - 0x00007ffa6c807000 	C:\Users\marca\.p2\pool\plugins\org.eclipse.justj.openjdk.hotspot.jre.full.win32.x86_64_23.0.2.v20250131-0604\jre\bin\freetype.dll
0x00007ffa55030000 - 0x00007ffa55108000 	C:\Users\marca\.p2\pool\plugins\org.eclipse.justj.openjdk.hotspot.jre.full.win32.x86_64_23.0.2.v20250131-0604\jre\bin\fontmanager.dll
0x00007ffac2b70000 - 0x00007ffac2cb6000 	C:\Windows\SYSTEM32\textinputframework.dll
0x00007ffab57f0000 - 0x00007ffab5859000 	C:\Windows\system32\Oleacc.dll
0x00007ffad1cc0000 - 0x00007ffad1d70000 	C:\Windows\System32\clbcatq.dll
0x00007ffac3740000 - 0x00007ffac378b000 	C:\Windows\system32\ApplicationTargetedFeatureDatabase.dll
0x00007ffac6c10000 - 0x00007ffac6eb5000 	C:\Windows\System32\twinapi.appcore.dll
0x00007ffacac50000 - 0x00007ffacad85000 	C:\Windows\SYSTEM32\CoreMessaging.dll
0x00007ffac7c10000 - 0x00007ffac7f7c000 	C:\Windows\SYSTEM32\CoreUIComponents.dll
0x00007ffad0aa0000 - 0x00007ffad0aac000 	C:\Windows\SYSTEM32\CRYPTBASE.DLL
0x00007ffabcfc0000 - 0x00007ffabd071000 	C:\Windows\SYSTEM32\TextShaping.dll

dbghelp: loaded successfully - version: 4.0.5 - missing functions: none
symbol engine: initialized successfully - sym options: 0x614 - pdb path: .;C:\Users\marca\.p2\pool\plugins\org.eclipse.justj.openjdk.hotspot.jre.full.win32.x86_64_23.0.2.v20250131-0604\jre\bin;C:\Windows\SYSTEM32;C:\Windows\WinSxS\amd64_microsoft.windows.common-controls_6595b64144ccf1df_6.0.22621.4830_none_270fe7d773858e80;C:\Users\marca\.p2\pool\plugins\org.eclipse.justj.openjdk.hotspot.jre.full.win32.x86_64_23.0.2.v20250131-0604\jre\bin\server

VM Arguments:
jvm_args: -Dfile.encoding=UTF-8 -Dstdout.encoding=UTF-8 -Dstderr.encoding=UTF-8 --module-path=C:\Users\marca\git\repository2\github.com\DiegoCareaga946\PROGRAMACION_TM_4TOSEM\Aplicacion\Aplicacion\Aplicacion\bin -XX:+ShowCodeDetailsInExceptionMessages -Djdk.module.main=Aplicacion 
java_command: Aplicacion/Juego_numerico.Juego_numerico
java_class_path (initial): <not set>
Launcher Type: SUN_STANDARD

[Global flags]
     intx CICompilerCount                          = 3                                         {product} {ergonomic}
     uint ConcGCThreads                            = 1                                         {product} {ergonomic}
     uint G1ConcRefinementThreads                  = 4                                         {product} {ergonomic}
   size_t G1HeapRegionSize                         = 1048576                                   {product} {ergonomic}
   size_t InitialHeapSize                          = 132120576                                 {product} {ergonomic}
   size_t MarkStackSize                            = 4194304                                   {product} {ergonomic}
   size_t MarkStackSizeMax                         = 536870912                                 {product} {ergonomic}
   size_t MaxHeapSize                              = 2090860544                                {product} {ergonomic}
   size_t MaxNewSize                               = 1254096896                                {product} {ergonomic}
   size_t MinHeapDeltaBytes                        = 1048576                                   {product} {ergonomic}
   size_t MinHeapSize                              = 8388608                                   {product} {ergonomic}
    uintx NonNMethodCodeHeapSize                   = 5832704                                {pd product} {ergonomic}
    uintx NonProfiledCodeHeapSize                  = 122945536                              {pd product} {ergonomic}
    uintx ProfiledCodeHeapSize                     = 122880000                              {pd product} {ergonomic}
    uintx ReservedCodeCacheSize                    = 251658240                              {pd product} {ergonomic}
     bool SegmentedCodeCache                       = true                                      {product} {ergonomic}
     bool ShowCodeDetailsInExceptionMessages       = true                                   {manageable} {command line}
   size_t SoftMaxHeapSize                          = 2090860544                             {manageable} {ergonomic}
     bool UseCompressedOops                        = true                           {product lp64_product} {ergonomic}
     bool UseG1GC                                  = true                                      {product} {ergonomic}
     bool UseLargePagesIndividualAllocation        = false                                  {pd product} {ergonomic}

Logging:
Log output configuration:
 #0: stdout all=warning uptime,level,tags foldmultilines=false
 #1: stderr all=off uptime,level,tags foldmultilines=false

Environment Variables:
PATH=C:/Users/marca/.p2/pool/plugins/org.eclipse.justj.openjdk.hotspot.jre.full.win32.x86_64_23.0.2.v20250131-0604/jre/bin/server;C:/Users/marca/.p2/pool/plugins/org.eclipse.justj.openjdk.hotspot.jre.full.win32.x86_64_23.0.2.v20250131-0604/jre/bin;C:\Program Files (x86)\Common Files\Oracle\Java\javapath;C:\Windows\system32;C:\Windows;C:\Windows\System32\Wbem;C:\Windows\System32\WindowsPowerShell\v1.0\;C:\Windows\System32\OpenSSH\;C:\Program Files\dotnet\;C:\Program Files\MATLAB\R2024b\bin;C:\Users\marca\AppData\Local\Microsoft\WindowsApps;;C:\Users\marca\AppData\Local\Programs\Microsoft VS Code\bin;C:\Users\marca\.dotnet\tools;C:\Users\marca\Desktop;
USERNAME=marca
OS=Windows_NT
PROCESSOR_IDENTIFIER=Intel64 Family 6 Model 140 Stepping 1, GenuineIntel
TMP=C:\Users\marca\AppData\Local\Temp
TEMP=C:\Users\marca\AppData\Local\Temp




Periodic native trim disabled

---------------  S Y S T E M  ---------------

OS:
 Windows 11 , 64 bit Build 22621 (10.0.22621.4830)
OS uptime: 34 days 12:58 hours
Hyper-V role detected

CPU: total 4 (initial active 4) (2 cores per cpu, 2 threads per core) family 6 model 140 stepping 1 microcode 0x8a, cx8, cmov, fxsr, ht, mmx, 3dnowpref, sse, sse2, sse3, ssse3, sse4.1, sse4.2, popcnt, lzcnt, tsc, tscinvbit, avx, avx2, aes, erms, clmul, bmi1, bmi2, adx, avx512f, avx512dq, avx512cd, avx512bw, avx512vl, sha, fma, vzeroupper, avx512_vpopcntdq, avx512_vpclmulqdq, avx512_vaes, avx512_vnni, clflush, clflushopt, clwb, avx512_vbmi2, avx512_vbmi, hv, rdtscp, rdpid, fsrm, gfni, avx512_bitalg, f16c, cet_ibt, cet_ss, avx512_ifma
Processor Information for the first 4 processors :
  Max Mhz: 2995, Current Mhz: 2995, Mhz Limit: 2995

Memory: 4k page, system-wide physical 7971M (415M free)
TotalPageFile size 32547M (AvailPageFile size 0M)
current process WorkingSet (physical memory assigned to process): 17M, peak: 91M
current process commit charge ("private bytes"): 213M, peak: 221M

vm_info: OpenJDK 64-Bit Server VM (23.0.2+7) for windows-amd64 JRE (23.0.2+7), built on 2025-01-21T00:00:00Z with MS VC++ 17.7 (VS2022)

END.
